<?xml version="1.0" encoding="UTF-8"?>
<coverage generated="1777344188559" clover="3.2.0">
  <project timestamp="1777344188559" name="All files">
    <metrics statements="398" coveredstatements="379" conditionals="195" coveredconditionals="155" methods="46" coveredmethods="44" elements="639" coveredelements="578" complexity="0" loc="398" ncloc="398" packages="1" files="7" classes="7"/>
    <file name="api.ts" path="/home/dashron/Code/feedback/src/api.ts">
      <metrics statements="18" coveredstatements="17" conditionals="12" coveredconditionals="11" methods="3" coveredmethods="2"/>
      <line num="4" count="2" type="stmt"/>
      <line num="6" count="2" type="stmt"/>
      <line num="15" count="12" type="stmt"/>
      <line num="20" count="12" type="cond" truecount="2" falsecount="0"/>
      <line num="21" count="1" type="stmt"/>
      <line num="24" count="12" type="cond" truecount="1" falsecount="1"/>
      <line num="25" count="0" type="stmt"/>
      <line num="28" count="12" type="cond" truecount="2" falsecount="0"/>
      <line num="29" count="1" type="stmt"/>
      <line num="35" count="12" type="stmt"/>
      <line num="36" count="12" type="stmt"/>
      <line num="38" count="12" type="stmt"/>
      <line num="39" count="12" type="cond" truecount="2" falsecount="0"/>
      <line num="51" count="12" type="stmt"/>
      <line num="54" count="12" type="cond" truecount="2" falsecount="0"/>
      <line num="55" count="2" type="stmt"/>
      <line num="56" count="2" type="cond" truecount="2" falsecount="0"/>
      <line num="59" count="10" type="stmt"/>
    </file>
    <file name="bar.css" path="/home/dashron/Code/feedback/src/bar.css">
      <metrics statements="0" coveredstatements="0" conditionals="0" coveredconditionals="0" methods="0" coveredmethods="0"/>
    </file>
    <file name="bar.ts" path="/home/dashron/Code/feedback/src/bar.ts">
      <metrics statements="135" coveredstatements="135" conditionals="43" coveredconditionals="40" methods="17" coveredmethods="17"/>
      <line num="5" count="84" type="stmt"/>
      <line num="6" count="84" type="stmt"/>
      <line num="7" count="84" type="stmt"/>
      <line num="8" count="84" type="stmt"/>
      <line num="9" count="84" type="stmt"/>
      <line num="10" count="84" type="stmt"/>
      <line num="11" count="84" type="stmt"/>
      <line num="12" count="84" type="stmt"/>
      <line num="13" count="84" type="stmt"/>
      <line num="14" count="84" type="stmt"/>
      <line num="15" count="84" type="stmt"/>
      <line num="19" count="1" type="stmt"/>
      <line num="20" count="1" type="stmt"/>
      <line num="25" count="42" type="stmt"/>
      <line num="30" count="95" type="stmt"/>
      <line num="34" count="42" type="stmt"/>
      <line num="35" count="42" type="cond" truecount="2" falsecount="0"/>
      <line num="37" count="42" type="cond" truecount="2" falsecount="0"/>
      <line num="39" count="42" type="cond" truecount="1" falsecount="0"/>
      <line num="40" count="42" type="cond" truecount="2" falsecount="0"/>
      <line num="41" count="42" type="cond" truecount="2" falsecount="0"/>
      <line num="42" count="42" type="cond" truecount="2" falsecount="0"/>
      <line num="43" count="42" type="cond" truecount="2" falsecount="0"/>
      <line num="44" count="42" type="cond" truecount="1" falsecount="1"/>
      <line num="45" count="42" type="cond" truecount="1" falsecount="1"/>
      <line num="48" count="42" type="stmt"/>
      <line num="49" count="42" type="stmt"/>
      <line num="51" count="42" type="stmt"/>
      <line num="52" count="42" type="stmt"/>
      <line num="53" count="42" type="stmt"/>
      <line num="54" count="42" type="stmt"/>
      <line num="55" count="42" type="cond" truecount="2" falsecount="0"/>
      <line num="56" count="42" type="stmt"/>
      <line num="58" count="42" type="stmt"/>
      <line num="59" count="42" type="cond" truecount="2" falsecount="0"/>
      <line num="61" count="42" type="stmt"/>
      <line num="62" count="42" type="stmt"/>
      <line num="63" count="42" type="stmt"/>
      <line num="64" count="42" type="stmt"/>
      <line num="65" count="42" type="stmt"/>
      <line num="67" count="42" type="stmt"/>
      <line num="68" count="42" type="stmt"/>
      <line num="69" count="42" type="stmt"/>
      <line num="70" count="42" type="stmt"/>
      <line num="71" count="42" type="stmt"/>
      <line num="73" count="42" type="stmt"/>
      <line num="74" count="42" type="stmt"/>
      <line num="75" count="42" type="cond" truecount="2" falsecount="0"/>
      <line num="76" count="42" type="stmt"/>
      <line num="79" count="42" type="stmt"/>
      <line num="80" count="42" type="stmt"/>
      <line num="81" count="42" type="stmt"/>
      <line num="82" count="42" type="stmt"/>
      <line num="84" count="42" type="stmt"/>
      <line num="85" count="42" type="stmt"/>
      <line num="87" count="42" type="stmt"/>
      <line num="88" count="42" type="stmt"/>
      <line num="89" count="42" type="cond" truecount="2" falsecount="0"/>
      <line num="90" count="42" type="stmt"/>
      <line num="92" count="42" type="stmt"/>
      <line num="93" count="42" type="stmt"/>
      <line num="95" count="42" type="stmt"/>
      <line num="96" count="42" type="stmt"/>
      <line num="97" count="42" type="cond" truecount="2" falsecount="0"/>
      <line num="98" count="42" type="stmt"/>
      <line num="100" count="42" type="stmt"/>
      <line num="101" count="42" type="stmt"/>
      <line num="103" count="42" type="stmt"/>
      <line num="104" count="42" type="stmt"/>
      <line num="106" count="42" type="stmt"/>
      <line num="107" count="42" type="stmt"/>
      <line num="108" count="42" type="stmt"/>
      <line num="109" count="42" type="stmt"/>
      <line num="111" count="42" type="stmt"/>
      <line num="113" count="42" type="cond" truecount="2" falsecount="0"/>
      <line num="114" count="41" type="stmt"/>
      <line num="115" count="41" type="stmt"/>
      <line num="116" count="41" type="stmt"/>
      <line num="117" count="41" type="stmt"/>
      <line num="118" count="41" type="stmt"/>
      <line num="119" count="41" type="stmt"/>
      <line num="122" count="42" type="stmt"/>
      <line num="123" count="42" type="stmt"/>
      <line num="124" count="42" type="stmt"/>
      <line num="126" count="42" type="stmt"/>
      <line num="127" count="42" type="stmt"/>
      <line num="129" count="42" type="stmt"/>
      <line num="130" count="42" type="stmt"/>
      <line num="134" count="27" type="stmt"/>
      <line num="135" count="27" type="stmt"/>
      <line num="136" count="27" type="stmt"/>
      <line num="137" count="27" type="stmt"/>
      <line num="138" count="27" type="stmt"/>
      <line num="139" count="27" type="stmt"/>
      <line num="140" count="27" type="stmt"/>
      <line num="141" count="27" type="stmt"/>
      <line num="145" count="29" type="stmt"/>
      <line num="146" count="29" type="stmt"/>
      <line num="147" count="29" type="stmt"/>
      <line num="148" count="29" type="stmt"/>
      <line num="149" count="29" type="stmt"/>
      <line num="153" count="2" type="stmt"/>
      <line num="154" count="2" type="stmt"/>
      <line num="155" count="2" type="stmt"/>
      <line num="159" count="8" type="cond" truecount="1" falsecount="1"/>
      <line num="163" count="19" type="cond" truecount="2" falsecount="0"/>
      <line num="167" count="13" type="stmt"/>
      <line num="168" count="13" type="cond" truecount="2" falsecount="0"/>
      <line num="169" count="1" type="stmt"/>
      <line num="170" count="1" type="stmt"/>
      <line num="173" count="12" type="stmt"/>
      <line num="174" count="12" type="stmt"/>
      <line num="175" count="12" type="stmt"/>
      <line num="177" count="12" type="stmt"/>
      <line num="178" count="12" type="cond" truecount="2" falsecount="0"/>
      <line num="180" count="13" type="stmt"/>
      <line num="181" count="13" type="stmt"/>
      <line num="182" count="8" type="stmt"/>
      <line num="183" count="8" type="stmt"/>
      <line num="184" count="8" type="stmt"/>
      <line num="185" count="8" type="stmt"/>
      <line num="187" count="4" type="cond" truecount="2" falsecount="0"/>
      <line num="188" count="4" type="cond" truecount="2" falsecount="0"/>
      <line num="189" count="4" type="stmt"/>
      <line num="190" count="4" type="stmt"/>
      <line num="195" count="27" type="stmt"/>
      <line num="196" count="27" type="stmt"/>
      <line num="197" count="27" type="stmt"/>
      <line num="200" count="42" type="stmt"/>
      <line num="201" count="42" type="stmt"/>
      <line num="202" count="42" type="stmt"/>
      <line num="204" count="42" type="stmt"/>
      <line num="207" count="8" type="stmt"/>
      <line num="210" count="1" type="stmt"/>
      <line num="211" count="1" type="stmt"/>
    </file>
    <file name="index.ts" path="/home/dashron/Code/feedback/src/index.ts">
      <metrics statements="52" coveredstatements="46" conditionals="44" coveredconditionals="33" methods="9" coveredmethods="8"/>
      <line num="9" count="1" type="stmt"/>
      <line num="12" count="7" type="cond" truecount="2" falsecount="0"/>
      <line num="13" count="6" type="stmt"/>
      <line num="14" count="6" type="stmt"/>
      <line num="15" count="6" type="stmt"/>
      <line num="16" count="6" type="stmt"/>
      <line num="20" count="7" type="cond" truecount="1" falsecount="1"/>
      <line num="21" count="7" type="stmt"/>
      <line num="22" count="7" type="stmt"/>
      <line num="23" count="7" type="stmt"/>
      <line num="24" count="7" type="stmt"/>
      <line num="28" count="8" type="cond" truecount="2" falsecount="0"/>
      <line num="29" count="8" type="stmt"/>
      <line num="31" count="8" type="stmt"/>
      <line num="32" count="8" type="stmt"/>
      <line num="34" count="8" type="cond" truecount="2" falsecount="0"/>
      <line num="35" count="2" type="stmt"/>
      <line num="36" count="2" type="cond" truecount="2" falsecount="0"/>
      <line num="37" count="1" type="stmt"/>
      <line num="38" count="1" type="stmt"/>
      <line num="42" count="8" type="stmt"/>
      <line num="43" count="8" type="stmt"/>
      <line num="44" count="0" type="cond" truecount="0" falsecount="4"/>
      <line num="45" count="0" type="stmt"/>
      <line num="46" count="0" type="stmt"/>
      <line num="47" count="0" type="stmt"/>
      <line num="49" count="0" type="stmt"/>
      <line num="52" count="8" type="stmt"/>
      <line num="56" count="3" type="cond" truecount="1" falsecount="1"/>
      <line num="57" count="3" type="stmt"/>
      <line num="61" count="5" type="stmt"/>
      <line num="64" count="5" type="stmt"/>
      <line num="65" count="5" type="cond" truecount="2" falsecount="0"/>
      <line num="67" count="4" type="stmt"/>
      <line num="68" count="4" type="cond" truecount="1" falsecount="1"/>
      <line num="69" count="5" type="cond" truecount="2" falsecount="0"/>
      <line num="71" count="4" type="stmt"/>
      <line num="72" count="4" type="stmt"/>
      <line num="85" count="5" type="stmt"/>
      <line num="89" count="4" type="stmt"/>
      <line num="90" count="4" type="stmt"/>
      <line num="94" count="1" type="cond" truecount="1" falsecount="1"/>
      <line num="95" count="1" type="stmt"/>
      <line num="99" count="1" type="stmt"/>
      <line num="100" count="1" type="stmt"/>
      <line num="103" count="1" type="stmt"/>
      <line num="104" count="1" type="stmt"/>
      <line num="105" count="1" type="cond" truecount="1" falsecount="1"/>
      <line num="107" count="0" type="stmt"/>
      <line num="108" count="1" type="stmt"/>
      <line num="109" count="1" type="stmt"/>
      <line num="124" count="1" type="stmt"/>
    </file>
    <file name="modal.css" path="/home/dashron/Code/feedback/src/modal.css">
      <metrics statements="0" coveredstatements="0" conditionals="0" coveredconditionals="0" methods="0" coveredmethods="0"/>
    </file>
    <file name="modal.ts" path="/home/dashron/Code/feedback/src/modal.ts">
      <metrics statements="184" coveredstatements="172" conditionals="81" coveredconditionals="59" methods="16" coveredmethods="16"/>
      <line num="10" count="12" type="stmt"/>
      <line num="11" count="12" type="stmt"/>
      <line num="12" count="12" type="stmt"/>
      <line num="13" count="12" type="stmt"/>
      <line num="14" count="12" type="stmt"/>
      <line num="15" count="12" type="stmt"/>
      <line num="16" count="12" type="stmt"/>
      <line num="17" count="12" type="stmt"/>
      <line num="18" count="12" type="stmt"/>
      <line num="19" count="12" type="stmt"/>
      <line num="20" count="12" type="stmt"/>
      <line num="24" count="1" type="stmt"/>
      <line num="25" count="1" type="stmt"/>
      <line num="28" count="42" type="stmt"/>
      <line num="31" count="42" type="stmt"/>
      <line num="34" count="42" type="stmt"/>
      <line num="35" count="42" type="stmt"/>
      <line num="36" count="42" type="stmt"/>
      <line num="37" count="42" type="stmt"/>
      <line num="38" count="42" type="stmt"/>
      <line num="39" count="42" type="stmt"/>
      <line num="41" count="42" type="stmt"/>
      <line num="42" count="42" type="stmt"/>
      <line num="43" count="42" type="stmt"/>
      <line num="46" count="3" type="cond" truecount="1" falsecount="1"/>
      <line num="47" count="3" type="stmt"/>
      <line num="48" count="3" type="stmt"/>
      <line num="50" count="0" type="cond" truecount="0" falsecount="4"/>
      <line num="51" count="0" type="stmt"/>
      <line num="56" count="0" type="cond" truecount="0" falsecount="2"/>
      <line num="57" count="0" type="stmt"/>
      <line num="58" count="0" type="stmt"/>
      <line num="59" count="0" type="cond" truecount="0" falsecount="2"/>
      <line num="60" count="0" type="cond" truecount="0" falsecount="2"/>
      <line num="61" count="0" type="stmt"/>
      <line num="62" count="0" type="stmt"/>
      <line num="65" count="0" type="cond" truecount="0" falsecount="2"/>
      <line num="66" count="0" type="stmt"/>
      <line num="67" count="0" type="stmt"/>
      <line num="74" count="14" type="cond" truecount="3" falsecount="1"/>
      <line num="76" count="14" type="stmt"/>
      <line num="77" count="14" type="cond" truecount="2" falsecount="0"/>
      <line num="78" count="1" type="cond" truecount="1" falsecount="1"/>
      <line num="79" count="1" type="stmt"/>
      <line num="80" count="1" type="stmt"/>
      <line num="82" count="1" type="stmt"/>
      <line num="85" count="13" type="cond" truecount="1" falsecount="1"/>
      <line num="87" count="13" type="stmt"/>
      <line num="88" count="13" type="stmt"/>
      <line num="90" count="13" type="stmt"/>
      <line num="91" count="13" type="cond" truecount="3" falsecount="0"/>
      <line num="92" count="14" type="cond" truecount="2" falsecount="0"/>
      <line num="93" count="14" type="stmt"/>
      <line num="101" count="9" type="cond" truecount="1" falsecount="1"/>
      <line num="102" count="9" type="stmt"/>
      <line num="103" count="9" type="stmt"/>
      <line num="105" count="9" type="stmt"/>
      <line num="106" count="9" type="stmt"/>
      <line num="108" count="4" type="cond" truecount="2" falsecount="0"/>
      <line num="109" count="4" type="cond" truecount="1" falsecount="1"/>
      <line num="110" count="4" type="stmt"/>
      <line num="111" count="4" type="stmt"/>
      <line num="113" count="4" type="stmt"/>
      <line num="114" count="4" type="stmt"/>
      <line num="115" count="4" type="stmt"/>
      <line num="120" count="40" type="stmt"/>
      <line num="121" count="40" type="stmt"/>
      <line num="123" count="40" type="stmt"/>
      <line num="124" count="40" type="stmt"/>
      <line num="125" count="40" type="cond" truecount="1" falsecount="1"/>
      <line num="126" count="40" type="cond" truecount="1" falsecount="1"/>
      <line num="127" count="40" type="stmt"/>
      <line num="128" count="40" type="stmt"/>
      <line num="129" count="40" type="stmt"/>
      <line num="132" count="40" type="stmt"/>
      <line num="133" count="40" type="stmt"/>
      <line num="135" count="40" type="stmt"/>
      <line num="136" count="40" type="stmt"/>
      <line num="137" count="40" type="stmt"/>
      <line num="138" count="40" type="cond" truecount="2" falsecount="0"/>
      <line num="139" count="40" type="stmt"/>
      <line num="141" count="40" type="cond" truecount="2" falsecount="0"/>
      <line num="145" count="6" type="stmt"/>
      <line num="146" count="6" type="stmt"/>
      <line num="148" count="6" type="stmt"/>
      <line num="149" count="6" type="stmt"/>
      <line num="150" count="6" type="stmt"/>
      <line num="151" count="6" type="stmt"/>
      <line num="152" count="6" type="stmt"/>
      <line num="154" count="6" type="stmt"/>
      <line num="155" count="6" type="stmt"/>
      <line num="156" count="6" type="stmt"/>
      <line num="157" count="6" type="stmt"/>
      <line num="158" count="6" type="stmt"/>
      <line num="160" count="6" type="stmt"/>
      <line num="161" count="2" type="stmt"/>
      <line num="162" count="2" type="stmt"/>
      <line num="163" count="2" type="stmt"/>
      <line num="165" count="6" type="stmt"/>
      <line num="166" count="1" type="stmt"/>
      <line num="167" count="1" type="stmt"/>
      <line num="168" count="1" type="stmt"/>
      <line num="171" count="6" type="stmt"/>
      <line num="172" count="6" type="stmt"/>
      <line num="173" count="6" type="stmt"/>
      <line num="176" count="40" type="stmt"/>
      <line num="177" count="40" type="stmt"/>
      <line num="178" count="40" type="stmt"/>
      <line num="179" count="40" type="stmt"/>
      <line num="180" count="40" type="stmt"/>
      <line num="181" count="40" type="stmt"/>
      <line num="182" count="40" type="stmt"/>
      <line num="185" count="40" type="stmt"/>
      <line num="186" count="40" type="stmt"/>
      <line num="188" count="40" type="stmt"/>
      <line num="189" count="40" type="stmt"/>
      <line num="190" count="40" type="stmt"/>
      <line num="191" count="40" type="cond" truecount="2" falsecount="0"/>
      <line num="192" count="40" type="stmt"/>
      <line num="194" count="40" type="stmt"/>
      <line num="195" count="40" type="stmt"/>
      <line num="196" count="40" type="stmt"/>
      <line num="197" count="40" type="stmt"/>
      <line num="198" count="40" type="stmt"/>
      <line num="200" count="40" type="stmt"/>
      <line num="201" count="40" type="stmt"/>
      <line num="202" count="40" type="stmt"/>
      <line num="204" count="40" type="stmt"/>
      <line num="205" count="40" type="stmt"/>
      <line num="206" count="40" type="stmt"/>
      <line num="208" count="40" type="stmt"/>
      <line num="210" count="40" type="cond" truecount="2" falsecount="0"/>
      <line num="211" count="39" type="stmt"/>
      <line num="212" count="39" type="stmt"/>
      <line num="213" count="39" type="stmt"/>
      <line num="214" count="39" type="stmt"/>
      <line num="215" count="39" type="stmt"/>
      <line num="216" count="39" type="stmt"/>
      <line num="217" count="39" type="stmt"/>
      <line num="220" count="40" type="stmt"/>
      <line num="221" count="40" type="stmt"/>
      <line num="222" count="40" type="stmt"/>
      <line num="224" count="40" type="stmt"/>
      <line num="225" count="40" type="stmt"/>
      <line num="226" count="40" type="stmt"/>
      <line num="228" count="40" type="cond" truecount="2" falsecount="0"/>
      <line num="229" count="40" type="stmt"/>
      <line num="231" count="40" type="stmt"/>
      <line num="235" count="41" type="cond" truecount="2" falsecount="0"/>
      <line num="237" count="40" type="stmt"/>
      <line num="238" count="40" type="stmt"/>
      <line num="239" count="40" type="stmt"/>
      <line num="240" count="40" type="stmt"/>
      <line num="242" count="40" type="cond" truecount="4" falsecount="0"/>
      <line num="244" count="40" type="cond" truecount="2" falsecount="0"/>
      <line num="245" count="2" type="stmt"/>
      <line num="246" count="2" type="stmt"/>
      <line num="247" count="2" type="stmt"/>
      <line num="248" count="2" type="cond" truecount="2" falsecount="0"/>
      <line num="249" count="1" type="cond" truecount="1" falsecount="1"/>
      <line num="252" count="40" type="cond" truecount="4" falsecount="0"/>
      <line num="253" count="40" type="cond" truecount="4" falsecount="0"/>
      <line num="255" count="40" type="stmt"/>
      <line num="259" count="11" type="cond" truecount="2" falsecount="0"/>
      <line num="260" count="10" type="cond" truecount="2" falsecount="0"/>
      <line num="261" count="1" type="stmt"/>
      <line num="262" count="1" type="stmt"/>
      <line num="264" count="10" type="stmt"/>
      <line num="265" count="10" type="stmt"/>
      <line num="266" count="10" type="stmt"/>
      <line num="267" count="10" type="stmt"/>
      <line num="268" count="10" type="stmt"/>
      <line num="269" count="10" type="stmt"/>
      <line num="270" count="10" type="stmt"/>
      <line num="271" count="10" type="stmt"/>
      <line num="272" count="10" type="stmt"/>
      <line num="273" count="10" type="stmt"/>
      <line num="274" count="10" type="stmt"/>
      <line num="275" count="10" type="stmt"/>
      <line num="279" count="7" type="cond" truecount="2" falsecount="0"/>
      <line num="280" count="6" type="cond" truecount="2" falsecount="0"/>
      <line num="281" count="2" type="cond" truecount="1" falsecount="1"/>
      <line num="285" count="1" type="stmt"/>
      <line num="288" count="42" type="stmt"/>
    </file>
    <file name="theme.ts" path="/home/dashron/Code/feedback/src/theme.ts">
      <metrics statements="9" coveredstatements="9" conditionals="15" coveredconditionals="12" methods="1" coveredmethods="1"/>
      <line num="4" count="7" type="stmt"/>
      <line num="5" count="7" type="cond" truecount="2" falsecount="0"/>
      <line num="7" count="6" type="cond" truecount="1" falsecount="0"/>
      <line num="8" count="6" type="cond" truecount="2" falsecount="0"/>
      <line num="9" count="6" type="cond" truecount="2" falsecount="0"/>
      <line num="10" count="6" type="cond" truecount="1" falsecount="1"/>
      <line num="11" count="6" type="cond" truecount="2" falsecount="0"/>
      <line num="12" count="6" type="cond" truecount="1" falsecount="1"/>
      <line num="13" count="6" type="cond" truecount="1" falsecount="1"/>
    </file>
  </project>
</coverage>
