{"/home/dashron/Code/feedback/src/api.ts": {"path":"/home/dashron/Code/feedback/src/api.ts","statementMap":{"0":{"start":{"line":4,"column":30},"end":{"line":4,"column":null}},"1":{"start":{"line":6,"column":24},"end":{"line":6,"column":null}},"2":{"start":{"line":16,"column":42},"end":{"line":16,"column":57}},"3":{"start":{"line":18,"column":4},"end":{"line":18,"column":null}},"4":{"start":{"line":18,"column":15},"end":{"line":18,"column":null}},"5":{"start":{"line":20,"column":4},"end":{"line":21,"column":null}},"6":{"start":{"line":21,"column":8},"end":{"line":21,"column":null}},"7":{"start":{"line":24,"column":4},"end":{"line":25,"column":null}},"8":{"start":{"line":25,"column":8},"end":{"line":25,"column":null}},"9":{"start":{"line":28,"column":4},"end":{"line":29,"column":null}},"10":{"start":{"line":29,"column":8},"end":{"line":29,"column":null}},"11":{"start":{"line":32,"column":4},"end":{"line":40,"column":null}},"12":{"start":{"line":33,"column":18},"end":{"line":33,"column":null}},"13":{"start":{"line":34,"column":8},"end":{"line":40,"column":null}},"14":{"start":{"line":43,"column":23},"end":{"line":43,"column":44}},"15":{"start":{"line":44,"column":22},"end":{"line":44,"column":66}},"16":{"start":{"line":44,"column":39},"end":{"line":44,"column":57}},"17":{"start":{"line":46,"column":4},"end":{"line":59,"column":null}},"18":{"start":{"line":47,"column":8},"end":{"line":57,"column":null}},"19":{"start":{"line":59,"column":8},"end":{"line":59,"column":null}},"20":{"start":{"line":62,"column":4},"end":{"line":64,"column":null}},"21":{"start":{"line":63,"column":55},"end":{"line":63,"column":89}},"22":{"start":{"line":63,"column":85},"end":{"line":63,"column":87}},"23":{"start":{"line":64,"column":8},"end":{"line":64,"column":null}},"24":{"start":{"line":67,"column":4},"end":{"line":67,"column":null}}},"fnMap":{"0":{"name":"submitFeedback","decl":{"start":{"line":8,"column":22},"end":{"line":8,"column":null}},"loc":{"start":{"line":15,"column":27},"end":{"line":67,"column":null}},"line":15},"1":{"name":"(anonymous_1)","decl":{"start":{"line":44,"column":22},"end":{"line":44,"column":39}},"loc":{"start":{"line":44,"column":39},"end":{"line":44,"column":57}},"line":44},"2":{"name":"(anonymous_2)","decl":{"start":{"line":63,"column":72},"end":{"line":63,"column":85}},"loc":{"start":{"line":63,"column":85},"end":{"line":63,"column":87}},"line":63}},"branchMap":{"0":{"loc":{"start":{"line":18,"column":4},"end":{"line":18,"column":null}},"type":"if","locations":[{"start":{"line":18,"column":4},"end":{"line":18,"column":null}},{"start":{},"end":{}}],"line":18},"1":{"loc":{"start":{"line":20,"column":4},"end":{"line":21,"column":null}},"type":"if","locations":[{"start":{"line":20,"column":4},"end":{"line":21,"column":null}},{"start":{},"end":{}}],"line":20},"2":{"loc":{"start":{"line":24,"column":4},"end":{"line":25,"column":null}},"type":"if","locations":[{"start":{"line":24,"column":4},"end":{"line":25,"column":null}},{"start":{},"end":{}}],"line":24},"3":{"loc":{"start":{"line":28,"column":4},"end":{"line":29,"column":null}},"type":"if","locations":[{"start":{"line":28,"column":4},"end":{"line":29,"column":null}},{"start":{},"end":{}}],"line":28},"4":{"loc":{"start":{"line":32,"column":4},"end":{"line":40,"column":null}},"type":"if","locations":[{"start":{"line":32,"column":4},"end":{"line":40,"column":null}},{"start":{},"end":{}}],"line":32},"5":{"loc":{"start":{"line":36,"column":16},"end":{"line":36,"column":61}},"type":"binary-expr","locations":[{"start":{"line":36,"column":16},"end":{"line":36,"column":33}},{"start":{"line":36,"column":33},"end":{"line":36,"column":61}}],"line":36},"6":{"loc":{"start":{"line":37,"column":16},"end":{"line":37,"column":64}},"type":"binary-expr","locations":[{"start":{"line":37,"column":16},"end":{"line":37,"column":33}},{"start":{"line":37,"column":33},"end":{"line":37,"column":64}}],"line":37},"7":{"loc":{"start":{"line":38,"column":16},"end":{"line":38,"column":61}},"type":"binary-expr","locations":[{"start":{"line":38,"column":16},"end":{"line":38,"column":33}},{"start":{"line":38,"column":33},"end":{"line":38,"column":61}}],"line":38},"8":{"loc":{"start":{"line":47,"column":26},"end":{"line":47,"column":53}},"type":"binary-expr","locations":[{"start":{"line":47,"column":26},"end":{"line":47,"column":36}},{"start":{"line":47,"column":36},"end":{"line":47,"column":53}}],"line":47},"9":{"loc":{"start":{"line":62,"column":4},"end":{"line":64,"column":null}},"type":"if","locations":[{"start":{"line":62,"column":4},"end":{"line":64,"column":null}},{"start":{},"end":{}}],"line":62},"10":{"loc":{"start":{"line":64,"column":24},"end":{"line":64,"column":87}},"type":"binary-expr","locations":[{"start":{"line":64,"column":24},"end":{"line":64,"column":48}},{"start":{"line":64,"column":48},"end":{"line":64,"column":87}}],"line":64}},"s":{"0":3,"1":3,"2":13,"3":13,"4":1,"5":13,"6":1,"7":13,"8":0,"9":13,"10":0,"11":13,"12":1,"13":1,"14":13,"15":13,"16":0,"17":13,"18":13,"19":13,"20":13,"21":2,"22":1,"23":2,"24":11},"f":{"0":13,"1":0,"2":1},"b":{"0":[1,12],"1":[1,12],"2":[0,13],"3":[0,13],"4":[1,12],"5":[1,0],"6":[1,0],"7":[1,0],"8":[13,12],"9":[2,11],"10":[2,1]},"meta":{"lastBranch":11,"lastFunction":3,"lastStatement":25,"seen":{"s:4:30:4:Infinity":0,"s:6:24:6:Infinity":1,"f:8:22:8:Infinity":0,"s:16:42:16:57":2,"b:18:4:18:Infinity:undefined:undefined:undefined:undefined":0,"s:18:4:18:Infinity":3,"s:18:15:18:Infinity":4,"b:20:4:21:Infinity:undefined:undefined:undefined:undefined":1,"s:20:4:21:Infinity":5,"s:21:8:21:Infinity":6,"b:24:4:25:Infinity:undefined:undefined:undefined:undefined":2,"s:24:4:25:Infinity":7,"s:25:8:25:Infinity":8,"b:28:4:29:Infinity:undefined:undefined:undefined:undefined":3,"s:28:4:29:Infinity":9,"s:29:8:29:Infinity":10,"b:32:4:40:Infinity:undefined:undefined:undefined:undefined":4,"s:32:4:40:Infinity":11,"s:33:18:33:Infinity":12,"s:34:8:40:Infinity":13,"b:36:16:36:33:36:33:36:61":5,"b:37:16:37:33:37:33:37:64":6,"b:38:16:38:33:38:33:38:61":7,"s:43:23:43:44":14,"s:44:22:44:66":15,"f:44:22:44:39":1,"s:44:39:44:57":16,"s:46:4:59:Infinity":17,"s:47:8:57:Infinity":18,"b:47:26:47:36:47:36:47:53":8,"s:59:8:59:Infinity":19,"b:62:4:64:Infinity:undefined:undefined:undefined:undefined":9,"s:62:4:64:Infinity":20,"s:63:55:63:89":21,"f:63:72:63:85":2,"s:63:85:63:87":22,"s:64:8:64:Infinity":23,"b:64:24:64:48:64:48:64:87":10,"s:67:4:67:Infinity":24}}}
,"/home/dashron/Code/feedback/src/bar-entry.ts": {"path":"/home/dashron/Code/feedback/src/bar-entry.ts","statementMap":{"0":{"start":{"line":7,"column":4},"end":{"line":7,"column":null}},"1":{"start":{"line":7,"column":41},"end":{"line":7,"column":null}},"2":{"start":{"line":8,"column":4},"end":{"line":8,"column":null}},"3":{"start":{"line":8,"column":50},"end":{"line":8,"column":null}},"4":{"start":{"line":9,"column":18},"end":{"line":9,"column":49}},"5":{"start":{"line":10,"column":4},"end":{"line":10,"column":null}},"6":{"start":{"line":11,"column":4},"end":{"line":11,"column":null}},"7":{"start":{"line":12,"column":4},"end":{"line":12,"column":null}},"8":{"start":{"line":16,"column":4},"end":{"line":16,"column":null}},"9":{"start":{"line":16,"column":39},"end":{"line":16,"column":null}},"10":{"start":{"line":17,"column":4},"end":{"line":17,"column":null}},"11":{"start":{"line":21,"column":47},"end":{"line":21,"column":null}},"12":{"start":{"line":24,"column":23},"end":{"line":24,"column":51}},"13":{"start":{"line":25,"column":8},"end":{"line":25,"column":null}},"14":{"start":{"line":25,"column":21},"end":{"line":25,"column":null}},"15":{"start":{"line":27,"column":33},"end":{"line":27,"column":67}},"16":{"start":{"line":28,"column":29},"end":{"line":28,"column":null}},"17":{"start":{"line":29,"column":8},"end":{"line":29,"column":null}},"18":{"start":{"line":29,"column":26},"end":{"line":29,"column":null}},"19":{"start":{"line":31,"column":26},"end":{"line":31,"column":56}},"20":{"start":{"line":32,"column":8},"end":{"line":44,"column":null}},"21":{"start":{"line":45,"column":8},"end":{"line":45,"column":null}},"22":{"start":{"line":49,"column":8},"end":{"line":49,"column":null}},"23":{"start":{"line":50,"column":8},"end":{"line":50,"column":null}},"24":{"start":{"line":54,"column":0},"end":{"line":55,"column":null}},"25":{"start":{"line":55,"column":4},"end":{"line":55,"column":null}},"26":{"start":{"line":59,"column":22},"end":{"line":59,"column":null}},"27":{"start":{"line":60,"column":0},"end":{"line":61,"column":null}},"28":{"start":{"line":61,"column":5},"end":{"line":61,"column":null}}},"fnMap":{"0":{"name":"injectStyles","decl":{"start":{"line":6,"column":9},"end":{"line":6,"column":30}},"loc":{"start":{"line":6,"column":30},"end":{"line":12,"column":null}},"line":6},"1":{"name":"createBar","decl":{"start":{"line":15,"column":9},"end":{"line":15,"column":19}},"loc":{"start":{"line":15,"column":67},"end":{"line":17,"column":null}},"line":15},"2":{"name":"(anonymous_2)","decl":{"start":{"line":23,"column":4},"end":{"line":23,"column":24}},"loc":{"start":{"line":23,"column":24},"end":{"line":45,"column":null}},"line":23},"3":{"name":"(anonymous_3)","decl":{"start":{"line":48,"column":4},"end":{"line":48,"column":27}},"loc":{"start":{"line":48,"column":27},"end":{"line":50,"column":null}},"line":48}},"branchMap":{"0":{"loc":{"start":{"line":7,"column":4},"end":{"line":7,"column":null}},"type":"if","locations":[{"start":{"line":7,"column":4},"end":{"line":7,"column":null}},{"start":{},"end":{}}],"line":7},"1":{"loc":{"start":{"line":8,"column":4},"end":{"line":8,"column":null}},"type":"if","locations":[{"start":{"line":8,"column":4},"end":{"line":8,"column":null}},{"start":{},"end":{}}],"line":8},"2":{"loc":{"start":{"line":16,"column":4},"end":{"line":16,"column":null}},"type":"if","locations":[{"start":{"line":16,"column":4},"end":{"line":16,"column":null}},{"start":{},"end":{}}],"line":16},"3":{"loc":{"start":{"line":25,"column":8},"end":{"line":25,"column":null}},"type":"if","locations":[{"start":{"line":25,"column":8},"end":{"line":25,"column":null}},{"start":{},"end":{}}],"line":25},"4":{"loc":{"start":{"line":28,"column":29},"end":{"line":28,"column":null}},"type":"cond-expr","locations":[{"start":{"line":28,"column":57},"end":{"line":28,"column":64}},{"start":{"line":28,"column":64},"end":{"line":28,"column":null}}],"line":28},"5":{"loc":{"start":{"line":29,"column":8},"end":{"line":29,"column":null}},"type":"if","locations":[{"start":{"line":29,"column":8},"end":{"line":29,"column":null}},{"start":{},"end":{}}],"line":29},"6":{"loc":{"start":{"line":34,"column":20},"end":{"line":34,"column":null}},"type":"binary-expr","locations":[{"start":{"line":34,"column":20},"end":{"line":34,"column":48}},{"start":{"line":34,"column":52},"end":{"line":34,"column":null}}],"line":34},"7":{"loc":{"start":{"line":35,"column":19},"end":{"line":35,"column":null}},"type":"binary-expr","locations":[{"start":{"line":35,"column":19},"end":{"line":35,"column":45}},{"start":{"line":35,"column":49},"end":{"line":35,"column":null}}],"line":35},"8":{"loc":{"start":{"line":36,"column":23},"end":{"line":36,"column":null}},"type":"cond-expr","locations":[{"start":{"line":36,"column":47},"end":{"line":36,"column":57}},{"start":{"line":36,"column":57},"end":{"line":36,"column":null}}],"line":36},"9":{"loc":{"start":{"line":38,"column":25},"end":{"line":38,"column":null}},"type":"binary-expr","locations":[{"start":{"line":38,"column":25},"end":{"line":38,"column":59}},{"start":{"line":38,"column":63},"end":{"line":38,"column":null}}],"line":38},"10":{"loc":{"start":{"line":39,"column":28},"end":{"line":39,"column":null}},"type":"binary-expr","locations":[{"start":{"line":39,"column":28},"end":{"line":39,"column":65}},{"start":{"line":39,"column":69},"end":{"line":39,"column":null}}],"line":39},"11":{"loc":{"start":{"line":40,"column":22},"end":{"line":40,"column":null}},"type":"binary-expr","locations":[{"start":{"line":40,"column":22},"end":{"line":40,"column":53}},{"start":{"line":40,"column":57},"end":{"line":40,"column":null}}],"line":40},"12":{"loc":{"start":{"line":41,"column":26},"end":{"line":41,"column":null}},"type":"binary-expr","locations":[{"start":{"line":41,"column":26},"end":{"line":41,"column":61}},{"start":{"line":41,"column":65},"end":{"line":41,"column":null}}],"line":41},"13":{"loc":{"start":{"line":42,"column":31},"end":{"line":42,"column":null}},"type":"binary-expr","locations":[{"start":{"line":42,"column":31},"end":{"line":42,"column":72}},{"start":{"line":42,"column":76},"end":{"line":42,"column":null}}],"line":42},"14":{"loc":{"start":{"line":54,"column":0},"end":{"line":55,"column":null}},"type":"if","locations":[{"start":{"line":54,"column":0},"end":{"line":55,"column":null}},{"start":{},"end":{}}],"line":54},"15":{"loc":{"start":{"line":54,"column":4},"end":{"line":54,"column":88}},"type":"binary-expr","locations":[{"start":{"line":54,"column":4},"end":{"line":54,"column":45}},{"start":{"line":54,"column":45},"end":{"line":54,"column":88}}],"line":54},"16":{"loc":{"start":{"line":60,"column":0},"end":{"line":61,"column":null}},"type":"if","locations":[{"start":{"line":60,"column":0},"end":{"line":61,"column":null}},{"start":{},"end":{}}],"line":60}},"s":{"0":7,"1":2,"2":5,"3":1,"4":4,"5":4,"6":4,"7":4,"8":8,"9":7,"10":8,"11":0,"12":0,"13":0,"14":0,"15":0,"16":0,"17":0,"18":0,"19":0,"20":0,"21":0,"22":0,"23":0,"24":1,"25":1,"26":1,"27":1,"28":1},"f":{"0":7,"1":8,"2":0,"3":0},"b":{"0":[2,5],"1":[1,4],"2":[7,1],"3":[0,0],"4":[0,0],"5":[0,0],"6":[0,0],"7":[0,0],"8":[0,0],"9":[0,0],"10":[0,0],"11":[0,0],"12":[0,0],"13":[0,0],"14":[1,0],"15":[1,1],"16":[1,0]},"meta":{"lastBranch":17,"lastFunction":4,"lastStatement":29,"seen":{"f:6:9:6:30":0,"b:7:4:7:Infinity:undefined:undefined:undefined:undefined":0,"s:7:4:7:Infinity":0,"s:7:41:7:Infinity":1,"b:8:4:8:Infinity:undefined:undefined:undefined:undefined":1,"s:8:4:8:Infinity":2,"s:8:50:8:Infinity":3,"s:9:18:9:49":4,"s:10:4:10:Infinity":5,"s:11:4:11:Infinity":6,"s:12:4:12:Infinity":7,"f:15:9:15:19":1,"b:16:4:16:Infinity:undefined:undefined:undefined:undefined":2,"s:16:4:16:Infinity":8,"s:16:39:16:Infinity":9,"s:17:4:17:Infinity":10,"s:21:47:21:Infinity":11,"f:23:4:23:24":2,"s:24:23:24:51":12,"b:25:8:25:Infinity:undefined:undefined:undefined:undefined":3,"s:25:8:25:Infinity":13,"s:25:21:25:Infinity":14,"s:27:33:27:67":15,"s:28:29:28:Infinity":16,"b:28:57:28:64:28:64:28:Infinity":4,"b:29:8:29:Infinity:undefined:undefined:undefined:undefined":5,"s:29:8:29:Infinity":17,"s:29:26:29:Infinity":18,"s:31:26:31:56":19,"s:32:8:44:Infinity":20,"b:34:20:34:48:34:52:34:Infinity":6,"b:35:19:35:45:35:49:35:Infinity":7,"b:36:47:36:57:36:57:36:Infinity":8,"b:38:25:38:59:38:63:38:Infinity":9,"b:39:28:39:65:39:69:39:Infinity":10,"b:40:22:40:53:40:57:40:Infinity":11,"b:41:26:41:61:41:65:41:Infinity":12,"b:42:31:42:72:42:76:42:Infinity":13,"s:45:8:45:Infinity":21,"f:48:4:48:27":3,"s:49:8:49:Infinity":22,"s:50:8:50:Infinity":23,"b:54:0:55:Infinity:undefined:undefined:undefined:undefined":14,"s:54:0:55:Infinity":24,"b:54:4:54:45:54:45:54:88":15,"s:55:4:55:Infinity":25,"s:59:22:59:Infinity":26,"b:60:0:61:Infinity:undefined:undefined:undefined:undefined":16,"s:60:0:61:Infinity":27,"s:61:5:61:Infinity":28}}}
,"/home/dashron/Code/feedback/src/bar.css": {"path":"/home/dashron/Code/feedback/src/bar.css","statementMap":{},"fnMap":{},"branchMap":{},"s":{},"f":{},"b":{},"meta":{"lastBranch":0,"lastFunction":0,"lastStatement":0,"seen":{}}}
,"/home/dashron/Code/feedback/src/bar.ts": {"path":"/home/dashron/Code/feedback/src/bar.ts","statementMap":{"0":{"start":{"line":5,"column":16},"end":{"line":5,"column":77}},"1":{"start":{"line":6,"column":4},"end":{"line":6,"column":null}},"2":{"start":{"line":7,"column":4},"end":{"line":7,"column":null}},"3":{"start":{"line":8,"column":4},"end":{"line":8,"column":null}},"4":{"start":{"line":9,"column":4},"end":{"line":9,"column":null}},"5":{"start":{"line":10,"column":4},"end":{"line":10,"column":null}},"6":{"start":{"line":11,"column":4},"end":{"line":11,"column":null}},"7":{"start":{"line":12,"column":15},"end":{"line":12,"column":77}},"8":{"start":{"line":13,"column":4},"end":{"line":13,"column":null}},"9":{"start":{"line":14,"column":4},"end":{"line":14,"column":null}},"10":{"start":{"line":15,"column":4},"end":{"line":15,"column":null}},"11":{"start":{"line":19,"column":17},"end":{"line":19,"column":null}},"12":{"start":{"line":20,"column":19},"end":{"line":20,"column":null}},"13":{"start":{"line":25,"column":49},"end":{"line":27,"column":null}},"14":{"start":{"line":30,"column":8},"end":{"line":30,"column":null}},"15":{"start":{"line":30,"column":38},"end":{"line":30,"column":48}},"16":{"start":{"line":34,"column":20},"end":{"line":34,"column":49}},"17":{"start":{"line":35,"column":24},"end":{"line":36,"column":null}},"18":{"start":{"line":37,"column":4},"end":{"line":37,"column":null}},"19":{"start":{"line":39,"column":27},"end":{"line":39,"column":null}},"20":{"start":{"line":40,"column":4},"end":{"line":40,"column":null}},"21":{"start":{"line":40,"column":23},"end":{"line":40,"column":null}},"22":{"start":{"line":41,"column":4},"end":{"line":41,"column":null}},"23":{"start":{"line":41,"column":26},"end":{"line":41,"column":null}},"24":{"start":{"line":42,"column":4},"end":{"line":42,"column":null}},"25":{"start":{"line":42,"column":23},"end":{"line":42,"column":null}},"26":{"start":{"line":43,"column":4},"end":{"line":43,"column":null}},"27":{"start":{"line":43,"column":20},"end":{"line":43,"column":null}},"28":{"start":{"line":44,"column":4},"end":{"line":44,"column":null}},"29":{"start":{"line":44,"column":24},"end":{"line":44,"column":null}},"30":{"start":{"line":45,"column":4},"end":{"line":45,"column":null}},"31":{"start":{"line":45,"column":29},"end":{"line":45,"column":null}},"32":{"start":{"line":48,"column":16},"end":{"line":48,"column":45}},"33":{"start":{"line":49,"column":4},"end":{"line":49,"column":null}},"34":{"start":{"line":51,"column":22},"end":{"line":51,"column":51}},"35":{"start":{"line":52,"column":4},"end":{"line":52,"column":null}},"36":{"start":{"line":53,"column":18},"end":{"line":53,"column":48}},"37":{"start":{"line":54,"column":4},"end":{"line":54,"column":null}},"38":{"start":{"line":55,"column":4},"end":{"line":55,"column":null}},"39":{"start":{"line":56,"column":4},"end":{"line":56,"column":null}},"40":{"start":{"line":58,"column":20},"end":{"line":58,"column":49}},"41":{"start":{"line":59,"column":4},"end":{"line":59,"column":null}},"42":{"start":{"line":61,"column":18},"end":{"line":61,"column":50}},"43":{"start":{"line":62,"column":4},"end":{"line":62,"column":null}},"44":{"start":{"line":63,"column":4},"end":{"line":63,"column":null}},"45":{"start":{"line":64,"column":4},"end":{"line":64,"column":null}},"46":{"start":{"line":65,"column":4},"end":{"line":65,"column":null}},"47":{"start":{"line":67,"column":20},"end":{"line":67,"column":52}},"48":{"start":{"line":68,"column":4},"end":{"line":68,"column":null}},"49":{"start":{"line":69,"column":4},"end":{"line":69,"column":null}},"50":{"start":{"line":70,"column":4},"end":{"line":70,"column":null}},"51":{"start":{"line":71,"column":4},"end":{"line":71,"column":null}},"52":{"start":{"line":73,"column":4},"end":{"line":73,"column":null}},"53":{"start":{"line":74,"column":4},"end":{"line":74,"column":null}},"54":{"start":{"line":75,"column":4},"end":{"line":75,"column":null}},"55":{"start":{"line":75,"column":36},"end":{"line":75,"column":null}},"56":{"start":{"line":76,"column":4},"end":{"line":76,"column":null}},"57":{"start":{"line":79,"column":20},"end":{"line":79,"column":49}},"58":{"start":{"line":80,"column":4},"end":{"line":80,"column":null}},"59":{"start":{"line":81,"column":4},"end":{"line":81,"column":null}},"60":{"start":{"line":82,"column":4},"end":{"line":82,"column":null}},"61":{"start":{"line":83,"column":26},"end":{"line":83,"column":55}},"62":{"start":{"line":84,"column":4},"end":{"line":84,"column":null}},"63":{"start":{"line":86,"column":4},"end":{"line":94,"column":null}},"64":{"start":{"line":87,"column":8},"end":{"line":87,"column":null}},"65":{"start":{"line":88,"column":29},"end":{"line":88,"column":56}},"66":{"start":{"line":89,"column":8},"end":{"line":89,"column":null}},"67":{"start":{"line":90,"column":8},"end":{"line":90,"column":null}},"68":{"start":{"line":91,"column":8},"end":{"line":91,"column":null}},"69":{"start":{"line":92,"column":8},"end":{"line":92,"column":null}},"70":{"start":{"line":94,"column":8},"end":{"line":94,"column":null}},"71":{"start":{"line":97,"column":24},"end":{"line":97,"column":53}},"72":{"start":{"line":98,"column":4},"end":{"line":98,"column":null}},"73":{"start":{"line":100,"column":21},"end":{"line":100,"column":55}},"74":{"start":{"line":101,"column":4},"end":{"line":101,"column":null}},"75":{"start":{"line":102,"column":4},"end":{"line":102,"column":null}},"76":{"start":{"line":103,"column":4},"end":{"line":103,"column":null}},"77":{"start":{"line":105,"column":20},"end":{"line":105,"column":47}},"78":{"start":{"line":106,"column":4},"end":{"line":106,"column":null}},"79":{"start":{"line":108,"column":22},"end":{"line":108,"column":49}},"80":{"start":{"line":109,"column":4},"end":{"line":109,"column":null}},"81":{"start":{"line":111,"column":22},"end":{"line":111,"column":54}},"82":{"start":{"line":112,"column":4},"end":{"line":112,"column":null}},"83":{"start":{"line":113,"column":4},"end":{"line":113,"column":null}},"84":{"start":{"line":114,"column":4},"end":{"line":114,"column":null}},"85":{"start":{"line":116,"column":4},"end":{"line":122,"column":null}},"86":{"start":{"line":117,"column":27},"end":{"line":117,"column":58}},"87":{"start":{"line":118,"column":8},"end":{"line":118,"column":null}},"88":{"start":{"line":119,"column":8},"end":{"line":119,"column":null}},"89":{"start":{"line":120,"column":8},"end":{"line":120,"column":null}},"90":{"start":{"line":121,"column":8},"end":{"line":121,"column":null}},"91":{"start":{"line":122,"column":8},"end":{"line":122,"column":null}},"92":{"start":{"line":125,"column":4},"end":{"line":125,"column":null}},"93":{"start":{"line":127,"column":4},"end":{"line":133,"column":null}},"94":{"start":{"line":128,"column":27},"end":{"line":128,"column":58}},"95":{"start":{"line":129,"column":8},"end":{"line":129,"column":null}},"96":{"start":{"line":130,"column":8},"end":{"line":130,"column":null}},"97":{"start":{"line":131,"column":8},"end":{"line":131,"column":null}},"98":{"start":{"line":132,"column":8},"end":{"line":132,"column":null}},"99":{"start":{"line":133,"column":8},"end":{"line":133,"column":null}},"100":{"start":{"line":136,"column":4},"end":{"line":136,"column":null}},"101":{"start":{"line":137,"column":4},"end":{"line":137,"column":null}},"102":{"start":{"line":139,"column":19},"end":{"line":139,"column":48}},"103":{"start":{"line":140,"column":4},"end":{"line":140,"column":null}},"104":{"start":{"line":141,"column":4},"end":{"line":141,"column":null}},"105":{"start":{"line":143,"column":21},"end":{"line":143,"column":50}},"106":{"start":{"line":144,"column":4},"end":{"line":144,"column":null}},"107":{"start":{"line":145,"column":25},"end":{"line":145,"column":52}},"108":{"start":{"line":146,"column":4},"end":{"line":146,"column":null}},"109":{"start":{"line":147,"column":4},"end":{"line":147,"column":null}},"110":{"start":{"line":148,"column":4},"end":{"line":148,"column":null}},"111":{"start":{"line":149,"column":4},"end":{"line":149,"column":null}},"112":{"start":{"line":150,"column":4},"end":{"line":150,"column":null}},"113":{"start":{"line":151,"column":4},"end":{"line":151,"column":null}},"114":{"start":{"line":152,"column":4},"end":{"line":152,"column":null}},"115":{"start":{"line":154,"column":4},"end":{"line":154,"column":null}},"116":{"start":{"line":155,"column":4},"end":{"line":155,"column":null}},"117":{"start":{"line":157,"column":4},"end":{"line":157,"column":null}},"118":{"start":{"line":158,"column":4},"end":{"line":158,"column":null}},"119":{"start":{"line":161,"column":21},"end":{"line":161,"column":48}},"120":{"start":{"line":162,"column":8},"end":{"line":162,"column":null}},"121":{"start":{"line":163,"column":8},"end":{"line":163,"column":null}},"122":{"start":{"line":168,"column":8},"end":{"line":168,"column":null}},"123":{"start":{"line":169,"column":8},"end":{"line":169,"column":null}},"124":{"start":{"line":171,"column":8},"end":{"line":171,"column":null}},"125":{"start":{"line":172,"column":8},"end":{"line":172,"column":null}},"126":{"start":{"line":173,"column":8},"end":{"line":173,"column":null}},"127":{"start":{"line":174,"column":8},"end":{"line":174,"column":null}},"128":{"start":{"line":175,"column":8},"end":{"line":175,"column":null}},"129":{"start":{"line":175,"column":25},"end":{"line":175,"column":79}},"130":{"start":{"line":176,"column":8},"end":{"line":176,"column":null}},"131":{"start":{"line":177,"column":8},"end":{"line":177,"column":null}},"132":{"start":{"line":178,"column":8},"end":{"line":178,"column":null}},"133":{"start":{"line":179,"column":8},"end":{"line":179,"column":null}},"134":{"start":{"line":183,"column":8},"end":{"line":183,"column":null}},"135":{"start":{"line":183,"column":68},"end":{"line":183,"column":null}},"136":{"start":{"line":184,"column":8},"end":{"line":184,"column":null}},"137":{"start":{"line":185,"column":8},"end":{"line":185,"column":null}},"138":{"start":{"line":186,"column":8},"end":{"line":186,"column":null}},"139":{"start":{"line":187,"column":8},"end":{"line":187,"column":null}},"140":{"start":{"line":188,"column":8},"end":{"line":188,"column":null}},"141":{"start":{"line":189,"column":8},"end":{"line":189,"column":null}},"142":{"start":{"line":190,"column":8},"end":{"line":190,"column":null}},"143":{"start":{"line":194,"column":8},"end":{"line":194,"column":null}},"144":{"start":{"line":195,"column":8},"end":{"line":195,"column":null}},"145":{"start":{"line":196,"column":8},"end":{"line":196,"column":null}},"146":{"start":{"line":200,"column":8},"end":{"line":200,"column":null}},"147":{"start":{"line":200,"column":49},"end":{"line":200,"column":null}},"148":{"start":{"line":204,"column":8},"end":{"line":204,"column":null}},"149":{"start":{"line":204,"column":32},"end":{"line":204,"column":null}},"150":{"start":{"line":208,"column":28},"end":{"line":208,"column":49}},"151":{"start":{"line":209,"column":8},"end":{"line":211,"column":null}},"152":{"start":{"line":210,"column":12},"end":{"line":210,"column":null}},"153":{"start":{"line":211,"column":12},"end":{"line":211,"column":null}},"154":{"start":{"line":214,"column":8},"end":{"line":214,"column":null}},"155":{"start":{"line":215,"column":8},"end":{"line":215,"column":null}},"156":{"start":{"line":216,"column":8},"end":{"line":216,"column":null}},"157":{"start":{"line":218,"column":27},"end":{"line":218,"column":89}},"158":{"start":{"line":219,"column":22},"end":{"line":219,"column":null}},"159":{"start":{"line":220,"column":27},"end":{"line":220,"column":83}},"160":{"start":{"line":221,"column":22},"end":{"line":221,"column":null}},"161":{"start":{"line":223,"column":8},"end":{"line":237,"column":null}},"162":{"start":{"line":224,"column":27},"end":{"line":227,"column":null}},"163":{"start":{"line":229,"column":12},"end":{"line":229,"column":null}},"164":{"start":{"line":230,"column":12},"end":{"line":230,"column":null}},"165":{"start":{"line":231,"column":12},"end":{"line":231,"column":null}},"166":{"start":{"line":232,"column":12},"end":{"line":232,"column":null}},"167":{"start":{"line":232,"column":31},"end":{"line":232,"column":47}},"168":{"start":{"line":232,"column":47},"end":{"line":232,"column":68}},"169":{"start":{"line":234,"column":12},"end":{"line":234,"column":null}},"170":{"start":{"line":235,"column":12},"end":{"line":235,"column":null}},"171":{"start":{"line":236,"column":12},"end":{"line":236,"column":null}},"172":{"start":{"line":237,"column":12},"end":{"line":237,"column":null}},"173":{"start":{"line":242,"column":8},"end":{"line":242,"column":null}},"174":{"start":{"line":243,"column":8},"end":{"line":243,"column":null}},"175":{"start":{"line":244,"column":8},"end":{"line":244,"column":null}},"176":{"start":{"line":247,"column":4},"end":{"line":247,"column":null}},"177":{"start":{"line":247,"column":44},"end":{"line":247,"column":85}},"178":{"start":{"line":247,"column":85},"end":{"line":247,"column":103}},"179":{"start":{"line":247,"column":103},"end":{"line":247,"column":130}},"180":{"start":{"line":248,"column":4},"end":{"line":248,"column":null}},"181":{"start":{"line":248,"column":46},"end":{"line":248,"column":87}},"182":{"start":{"line":248,"column":87},"end":{"line":248,"column":107}},"183":{"start":{"line":248,"column":107},"end":{"line":248,"column":134}},"184":{"start":{"line":249,"column":4},"end":{"line":249,"column":null}},"185":{"start":{"line":251,"column":4},"end":{"line":260,"column":null}},"186":{"start":{"line":254,"column":12},"end":{"line":254,"column":null}},"187":{"start":{"line":257,"column":12},"end":{"line":257,"column":null}},"188":{"start":{"line":258,"column":12},"end":{"line":258,"column":null}}},"fnMap":{"0":{"name":"svgIcon","decl":{"start":{"line":4,"column":9},"end":{"line":4,"column":17}},"loc":{"start":{"line":4,"column":43},"end":{"line":15,"column":null}},"line":4},"1":{"name":"createFeedbackBar","decl":{"start":{"line":22,"column":16},"end":{"line":22,"column":34}},"loc":{"start":{"line":22,"column":82},"end":{"line":260,"column":null}},"line":22},"2":{"name":"emit","decl":{"start":{"line":29,"column":13},"end":{"line":29,"column":18}},"loc":{"start":{"line":29,"column":52},"end":{"line":30,"column":null}},"line":29},"3":{"name":"(anonymous_3)","decl":{"start":{"line":30,"column":25},"end":{"line":30,"column":33}},"loc":{"start":{"line":30,"column":38},"end":{"line":30,"column":48}},"line":30},"4":{"name":"positionPopover","decl":{"start":{"line":160,"column":13},"end":{"line":160,"column":31}},"loc":{"start":{"line":160,"column":31},"end":{"line":163,"column":null}},"line":160},"5":{"name":"openPopover","decl":{"start":{"line":167,"column":13},"end":{"line":167,"column":25}},"loc":{"start":{"line":167,"column":61},"end":{"line":179,"column":null}},"line":167},"6":{"name":"(anonymous_6)","decl":{"start":{"line":175,"column":8},"end":{"line":175,"column":25}},"loc":{"start":{"line":175,"column":25},"end":{"line":175,"column":79}},"line":175},"7":{"name":"closePopover","decl":{"start":{"line":182,"column":13},"end":{"line":182,"column":28}},"loc":{"start":{"line":182,"column":28},"end":{"line":190,"column":null}},"line":182},"8":{"name":"clearSelection","decl":{"start":{"line":193,"column":13},"end":{"line":193,"column":30}},"loc":{"start":{"line":193,"column":30},"end":{"line":196,"column":null}},"line":193},"9":{"name":"handleOutsideClick","decl":{"start":{"line":199,"column":13},"end":{"line":199,"column":32}},"loc":{"start":{"line":199,"column":47},"end":{"line":200,"column":null}},"line":199},"10":{"name":"handleKeydown","decl":{"start":{"line":203,"column":13},"end":{"line":203,"column":27}},"loc":{"start":{"line":203,"column":45},"end":{"line":204,"column":null}},"line":203},"11":{"name":"handleSubmit","decl":{"start":{"line":207,"column":19},"end":{"line":207,"column":34}},"loc":{"start":{"line":207,"column":34},"end":{"line":237,"column":null}},"line":207},"12":{"name":"(anonymous_12)","decl":{"start":{"line":232,"column":12},"end":{"line":232,"column":29}},"loc":{"start":{"line":232,"column":29},"end":{"line":232,"column":73}},"line":232},"13":{"name":"setActive","decl":{"start":{"line":241,"column":13},"end":{"line":241,"column":23}},"loc":{"start":{"line":241,"column":47},"end":{"line":244,"column":null}},"line":241},"14":{"name":"(anonymous_14)","decl":{"start":{"line":247,"column":27},"end":{"line":247,"column":42}},"loc":{"start":{"line":247,"column":42},"end":{"line":247,"column":null}},"line":247},"15":{"name":"(anonymous_15)","decl":{"start":{"line":248,"column":29},"end":{"line":248,"column":44}},"loc":{"start":{"line":248,"column":44},"end":{"line":248,"column":null}},"line":248},"16":{"name":"(anonymous_16)","decl":{"start":{"line":253,"column":8},"end":{"line":253,"column":11}},"loc":{"start":{"line":253,"column":27},"end":{"line":254,"column":null}},"line":253},"17":{"name":"(anonymous_17)","decl":{"start":{"line":256,"column":8},"end":{"line":256,"column":18}},"loc":{"start":{"line":256,"column":18},"end":{"line":258,"column":null}},"line":256}},"branchMap":{"0":{"loc":{"start":{"line":35,"column":24},"end":{"line":36,"column":null}},"type":"cond-expr","locations":[{"start":{"line":35,"column":56},"end":{"line":35,"column":null}},{"start":{"line":36,"column":24},"end":{"line":36,"column":null}}],"line":35},"1":{"loc":{"start":{"line":36,"column":24},"end":{"line":36,"column":null}},"type":"cond-expr","locations":[{"start":{"line":36,"column":57},"end":{"line":36,"column":77}},{"start":{"line":36,"column":77},"end":{"line":36,"column":null}}],"line":36},"2":{"loc":{"start":{"line":37,"column":44},"end":{"line":37,"column":108}},"type":"cond-expr","locations":[{"start":{"line":37,"column":75},"end":{"line":37,"column":102}},{"start":{"line":37,"column":102},"end":{"line":37,"column":108}}],"line":37},"3":{"loc":{"start":{"line":39,"column":12},"end":{"line":39,"column":22}},"type":"default-arg","locations":[{"start":{"line":39,"column":20},"end":{"line":39,"column":22}}],"line":39},"4":{"loc":{"start":{"line":40,"column":4},"end":{"line":40,"column":null}},"type":"if","locations":[{"start":{"line":40,"column":4},"end":{"line":40,"column":null}},{"start":{},"end":{}}],"line":40},"5":{"loc":{"start":{"line":41,"column":4},"end":{"line":41,"column":null}},"type":"if","locations":[{"start":{"line":41,"column":4},"end":{"line":41,"column":null}},{"start":{},"end":{}}],"line":41},"6":{"loc":{"start":{"line":42,"column":4},"end":{"line":42,"column":null}},"type":"if","locations":[{"start":{"line":42,"column":4},"end":{"line":42,"column":null}},{"start":{},"end":{}}],"line":42},"7":{"loc":{"start":{"line":43,"column":4},"end":{"line":43,"column":null}},"type":"if","locations":[{"start":{"line":43,"column":4},"end":{"line":43,"column":null}},{"start":{},"end":{}}],"line":43},"8":{"loc":{"start":{"line":44,"column":4},"end":{"line":44,"column":null}},"type":"if","locations":[{"start":{"line":44,"column":4},"end":{"line":44,"column":null}},{"start":{},"end":{}}],"line":44},"9":{"loc":{"start":{"line":45,"column":4},"end":{"line":45,"column":null}},"type":"if","locations":[{"start":{"line":45,"column":4},"end":{"line":45,"column":null}},{"start":{},"end":{}}],"line":45},"10":{"loc":{"start":{"line":55,"column":24},"end":{"line":55,"column":null}},"type":"binary-expr","locations":[{"start":{"line":55,"column":24},"end":{"line":55,"column":40}},{"start":{"line":55,"column":40},"end":{"line":55,"column":null}}],"line":55},"11":{"loc":{"start":{"line":59,"column":44},"end":{"line":59,"column":null}},"type":"cond-expr","locations":[{"start":{"line":59,"column":73},"end":{"line":59,"column":103}},{"start":{"line":59,"column":103},"end":{"line":59,"column":null}}],"line":59},"12":{"loc":{"start":{"line":75,"column":4},"end":{"line":75,"column":null}},"type":"if","locations":[{"start":{"line":75,"column":4},"end":{"line":75,"column":null}},{"start":{},"end":{}}],"line":75},"13":{"loc":{"start":{"line":86,"column":4},"end":{"line":94,"column":null}},"type":"if","locations":[{"start":{"line":86,"column":4},"end":{"line":94,"column":null}},{"start":{"line":93,"column":11},"end":{"line":94,"column":null}}],"line":86},"14":{"loc":{"start":{"line":102,"column":27},"end":{"line":102,"column":null}},"type":"binary-expr","locations":[{"start":{"line":102,"column":27},"end":{"line":102,"column":54}},{"start":{"line":102,"column":54},"end":{"line":102,"column":null}}],"line":102},"15":{"loc":{"start":{"line":116,"column":4},"end":{"line":122,"column":null}},"type":"if","locations":[{"start":{"line":116,"column":4},"end":{"line":122,"column":null}},{"start":{},"end":{}}],"line":116},"16":{"loc":{"start":{"line":127,"column":4},"end":{"line":133,"column":null}},"type":"if","locations":[{"start":{"line":127,"column":4},"end":{"line":133,"column":null}},{"start":{},"end":{}}],"line":127},"17":{"loc":{"start":{"line":183,"column":8},"end":{"line":183,"column":null}},"type":"if","locations":[{"start":{"line":183,"column":8},"end":{"line":183,"column":null}},{"start":{},"end":{}}],"line":183},"18":{"loc":{"start":{"line":200,"column":8},"end":{"line":200,"column":null}},"type":"if","locations":[{"start":{"line":200,"column":8},"end":{"line":200,"column":null}},{"start":{},"end":{}}],"line":200},"19":{"loc":{"start":{"line":204,"column":8},"end":{"line":204,"column":null}},"type":"if","locations":[{"start":{"line":204,"column":8},"end":{"line":204,"column":null}},{"start":{},"end":{}}],"line":204},"20":{"loc":{"start":{"line":209,"column":8},"end":{"line":211,"column":null}},"type":"if","locations":[{"start":{"line":209,"column":8},"end":{"line":211,"column":null}},{"start":{},"end":{}}],"line":209},"21":{"loc":{"start":{"line":219,"column":22},"end":{"line":219,"column":null}},"type":"binary-expr","locations":[{"start":{"line":219,"column":22},"end":{"line":219,"column":46}},{"start":{"line":219,"column":50},"end":{"line":219,"column":null}}],"line":219},"22":{"loc":{"start":{"line":221,"column":22},"end":{"line":221,"column":null}},"type":"binary-expr","locations":[{"start":{"line":221,"column":22},"end":{"line":221,"column":46}},{"start":{"line":221,"column":50},"end":{"line":221,"column":null}}],"line":221},"23":{"loc":{"start":{"line":234,"column":26},"end":{"line":234,"column":89}},"type":"cond-expr","locations":[{"start":{"line":234,"column":49},"end":{"line":234,"column":55}},{"start":{"line":234,"column":55},"end":{"line":234,"column":89}}],"line":234},"24":{"loc":{"start":{"line":235,"column":34},"end":{"line":235,"column":null}},"type":"cond-expr","locations":[{"start":{"line":235,"column":57},"end":{"line":235,"column":71}},{"start":{"line":235,"column":71},"end":{"line":235,"column":null}}],"line":235}},"s":{"0":84,"1":84,"2":84,"3":84,"4":84,"5":84,"6":84,"7":84,"8":84,"9":84,"10":84,"11":1,"12":1,"13":42,"14":89,"15":8,"16":42,"17":42,"18":42,"19":42,"20":42,"21":1,"22":42,"23":1,"24":42,"25":1,"26":42,"27":1,"28":42,"29":0,"30":42,"31":0,"32":42,"33":42,"34":42,"35":42,"36":42,"37":42,"38":42,"39":42,"40":42,"41":42,"42":42,"43":42,"44":42,"45":42,"46":42,"47":42,"48":42,"49":42,"50":42,"51":42,"52":42,"53":42,"54":42,"55":41,"56":42,"57":42,"58":42,"59":42,"60":42,"61":42,"62":42,"63":42,"64":1,"65":1,"66":1,"67":1,"68":1,"69":1,"70":41,"71":42,"72":42,"73":42,"74":42,"75":42,"76":42,"77":42,"78":42,"79":42,"80":42,"81":42,"82":42,"83":42,"84":42,"85":42,"86":0,"87":0,"88":0,"89":0,"90":0,"91":0,"92":42,"93":42,"94":2,"95":2,"96":2,"97":2,"98":2,"99":2,"100":42,"101":42,"102":42,"103":42,"104":42,"105":42,"106":42,"107":42,"108":42,"109":42,"110":42,"111":42,"112":42,"113":42,"114":42,"115":42,"116":42,"117":42,"118":42,"119":27,"120":27,"121":27,"122":27,"123":27,"124":27,"125":27,"126":27,"127":27,"128":27,"129":27,"130":27,"131":27,"132":27,"133":27,"134":189,"135":166,"136":23,"137":23,"138":23,"139":23,"140":23,"141":23,"142":23,"143":2,"144":2,"145":2,"146":168,"147":168,"148":19,"149":18,"150":13,"151":13,"152":1,"153":1,"154":12,"155":12,"156":12,"157":12,"158":12,"159":13,"160":13,"161":13,"162":13,"163":8,"164":8,"165":8,"166":8,"167":2,"168":2,"169":4,"170":4,"171":4,"172":4,"173":27,"174":27,"175":27,"176":42,"177":23,"178":23,"179":23,"180":42,"181":4,"182":4,"183":4,"184":42,"185":42,"186":8,"187":1,"188":1},"f":{"0":84,"1":42,"2":89,"3":8,"4":27,"5":27,"6":27,"7":189,"8":2,"9":168,"10":19,"11":13,"12":2,"13":27,"14":23,"15":4,"16":8,"17":1},"b":{"0":[1,41],"1":[1,40],"2":[1,41],"3":[42],"4":[1,41],"5":[1,41],"6":[1,41],"7":[1,41],"8":[0,42],"9":[0,42],"10":[42,41],"11":[1,41],"12":[41,1],"13":[1,41],"14":[42,41],"15":[0,42],"16":[2,40],"17":[166,23],"18":[168,0],"19":[18,1],"20":[1,12],"21":[12,12],"22":[13,11],"23":[3,1],"24":[3,1]},"meta":{"lastBranch":25,"lastFunction":18,"lastStatement":189,"seen":{"f:4:9:4:17":0,"s:5:16:5:77":0,"s:6:4:6:Infinity":1,"s:7:4:7:Infinity":2,"s:8:4:8:Infinity":3,"s:9:4:9:Infinity":4,"s:10:4:10:Infinity":5,"s:11:4:11:Infinity":6,"s:12:15:12:77":7,"s:13:4:13:Infinity":8,"s:14:4:14:Infinity":9,"s:15:4:15:Infinity":10,"s:19:17:19:Infinity":11,"s:20:19:20:Infinity":12,"f:22:16:22:34":1,"s:25:49:27:Infinity":13,"f:29:13:29:18":2,"s:30:8:30:Infinity":14,"f:30:25:30:33":3,"s:30:38:30:48":15,"s:34:20:34:49":16,"s:35:24:36:Infinity":17,"b:35:56:35:Infinity:36:24:36:Infinity":0,"b:36:57:36:77:36:77:36:Infinity":1,"s:37:4:37:Infinity":18,"b:37:75:37:102:37:102:37:108":2,"s:39:27:39:Infinity":19,"b:39:20:39:22":3,"b:40:4:40:Infinity:undefined:undefined:undefined:undefined":4,"s:40:4:40:Infinity":20,"s:40:23:40:Infinity":21,"b:41:4:41:Infinity:undefined:undefined:undefined:undefined":5,"s:41:4:41:Infinity":22,"s:41:26:41:Infinity":23,"b:42:4:42:Infinity:undefined:undefined:undefined:undefined":6,"s:42:4:42:Infinity":24,"s:42:23:42:Infinity":25,"b:43:4:43:Infinity:undefined:undefined:undefined:undefined":7,"s:43:4:43:Infinity":26,"s:43:20:43:Infinity":27,"b:44:4:44:Infinity:undefined:undefined:undefined:undefined":8,"s:44:4:44:Infinity":28,"s:44:24:44:Infinity":29,"b:45:4:45:Infinity:undefined:undefined:undefined:undefined":9,"s:45:4:45:Infinity":30,"s:45:29:45:Infinity":31,"s:48:16:48:45":32,"s:49:4:49:Infinity":33,"s:51:22:51:51":34,"s:52:4:52:Infinity":35,"s:53:18:53:48":36,"s:54:4:54:Infinity":37,"s:55:4:55:Infinity":38,"b:55:24:55:40:55:40:55:Infinity":10,"s:56:4:56:Infinity":39,"s:58:20:58:49":40,"s:59:4:59:Infinity":41,"b:59:73:59:103:59:103:59:Infinity":11,"s:61:18:61:50":42,"s:62:4:62:Infinity":43,"s:63:4:63:Infinity":44,"s:64:4:64:Infinity":45,"s:65:4:65:Infinity":46,"s:67:20:67:52":47,"s:68:4:68:Infinity":48,"s:69:4:69:Infinity":49,"s:70:4:70:Infinity":50,"s:71:4:71:Infinity":51,"s:73:4:73:Infinity":52,"s:74:4:74:Infinity":53,"b:75:4:75:Infinity:undefined:undefined:undefined:undefined":12,"s:75:4:75:Infinity":54,"s:75:36:75:Infinity":55,"s:76:4:76:Infinity":56,"s:79:20:79:49":57,"s:80:4:80:Infinity":58,"s:81:4:81:Infinity":59,"s:82:4:82:Infinity":60,"s:83:26:83:55":61,"s:84:4:84:Infinity":62,"b:86:4:94:Infinity:93:11:94:Infinity":13,"s:86:4:94:Infinity":63,"s:87:8:87:Infinity":64,"s:88:29:88:56":65,"s:89:8:89:Infinity":66,"s:90:8:90:Infinity":67,"s:91:8:91:Infinity":68,"s:92:8:92:Infinity":69,"s:94:8:94:Infinity":70,"s:97:24:97:53":71,"s:98:4:98:Infinity":72,"s:100:21:100:55":73,"s:101:4:101:Infinity":74,"s:102:4:102:Infinity":75,"b:102:27:102:54:102:54:102:Infinity":14,"s:103:4:103:Infinity":76,"s:105:20:105:47":77,"s:106:4:106:Infinity":78,"s:108:22:108:49":79,"s:109:4:109:Infinity":80,"s:111:22:111:54":81,"s:112:4:112:Infinity":82,"s:113:4:113:Infinity":83,"s:114:4:114:Infinity":84,"b:116:4:122:Infinity:undefined:undefined:undefined:undefined":15,"s:116:4:122:Infinity":85,"s:117:27:117:58":86,"s:118:8:118:Infinity":87,"s:119:8:119:Infinity":88,"s:120:8:120:Infinity":89,"s:121:8:121:Infinity":90,"s:122:8:122:Infinity":91,"s:125:4:125:Infinity":92,"b:127:4:133:Infinity:undefined:undefined:undefined:undefined":16,"s:127:4:133:Infinity":93,"s:128:27:128:58":94,"s:129:8:129:Infinity":95,"s:130:8:130:Infinity":96,"s:131:8:131:Infinity":97,"s:132:8:132:Infinity":98,"s:133:8:133:Infinity":99,"s:136:4:136:Infinity":100,"s:137:4:137:Infinity":101,"s:139:19:139:48":102,"s:140:4:140:Infinity":103,"s:141:4:141:Infinity":104,"s:143:21:143:50":105,"s:144:4:144:Infinity":106,"s:145:25:145:52":107,"s:146:4:146:Infinity":108,"s:147:4:147:Infinity":109,"s:148:4:148:Infinity":110,"s:149:4:149:Infinity":111,"s:150:4:150:Infinity":112,"s:151:4:151:Infinity":113,"s:152:4:152:Infinity":114,"s:154:4:154:Infinity":115,"s:155:4:155:Infinity":116,"s:157:4:157:Infinity":117,"s:158:4:158:Infinity":118,"f:160:13:160:31":4,"s:161:21:161:48":119,"s:162:8:162:Infinity":120,"s:163:8:163:Infinity":121,"f:167:13:167:25":5,"s:168:8:168:Infinity":122,"s:169:8:169:Infinity":123,"s:171:8:171:Infinity":124,"s:172:8:172:Infinity":125,"s:173:8:173:Infinity":126,"s:174:8:174:Infinity":127,"s:175:8:175:Infinity":128,"f:175:8:175:25":6,"s:175:25:175:79":129,"s:176:8:176:Infinity":130,"s:177:8:177:Infinity":131,"s:178:8:178:Infinity":132,"s:179:8:179:Infinity":133,"f:182:13:182:28":7,"b:183:8:183:Infinity:undefined:undefined:undefined:undefined":17,"s:183:8:183:Infinity":134,"s:183:68:183:Infinity":135,"s:184:8:184:Infinity":136,"s:185:8:185:Infinity":137,"s:186:8:186:Infinity":138,"s:187:8:187:Infinity":139,"s:188:8:188:Infinity":140,"s:189:8:189:Infinity":141,"s:190:8:190:Infinity":142,"f:193:13:193:30":8,"s:194:8:194:Infinity":143,"s:195:8:195:Infinity":144,"s:196:8:196:Infinity":145,"f:199:13:199:32":9,"b:200:8:200:Infinity:undefined:undefined:undefined:undefined":18,"s:200:8:200:Infinity":146,"s:200:49:200:Infinity":147,"f:203:13:203:27":10,"b:204:8:204:Infinity:undefined:undefined:undefined:undefined":19,"s:204:8:204:Infinity":148,"s:204:32:204:Infinity":149,"f:207:19:207:34":11,"s:208:28:208:49":150,"b:209:8:211:Infinity:undefined:undefined:undefined:undefined":20,"s:209:8:211:Infinity":151,"s:210:12:210:Infinity":152,"s:211:12:211:Infinity":153,"s:214:8:214:Infinity":154,"s:215:8:215:Infinity":155,"s:216:8:216:Infinity":156,"s:218:27:218:89":157,"s:219:22:219:Infinity":158,"b:219:22:219:46:219:50:219:Infinity":21,"s:220:27:220:83":159,"s:221:22:221:Infinity":160,"b:221:22:221:46:221:50:221:Infinity":22,"s:223:8:237:Infinity":161,"s:224:27:227:Infinity":162,"s:229:12:229:Infinity":163,"s:230:12:230:Infinity":164,"s:231:12:231:Infinity":165,"s:232:12:232:Infinity":166,"f:232:12:232:29":12,"s:232:31:232:47":167,"s:232:47:232:68":168,"s:234:12:234:Infinity":169,"b:234:49:234:55:234:55:234:89":23,"s:235:12:235:Infinity":170,"b:235:57:235:71:235:71:235:Infinity":24,"s:236:12:236:Infinity":171,"s:237:12:237:Infinity":172,"f:241:13:241:23":13,"s:242:8:242:Infinity":173,"s:243:8:243:Infinity":174,"s:244:8:244:Infinity":175,"s:247:4:247:Infinity":176,"f:247:27:247:42":14,"s:247:44:247:85":177,"s:247:85:247:103":178,"s:247:103:247:130":179,"s:248:4:248:Infinity":180,"f:248:29:248:44":15,"s:248:46:248:87":181,"s:248:87:248:107":182,"s:248:107:248:134":183,"s:249:4:249:Infinity":184,"s:251:4:260:Infinity":185,"f:253:8:253:11":16,"s:254:12:254:Infinity":186,"f:256:8:256:18":17,"s:257:12:257:Infinity":187,"s:258:12:258:Infinity":188}}}
,"/home/dashron/Code/feedback/src/index.ts": {"path":"/home/dashron/Code/feedback/src/index.ts","statementMap":{"0":{"start":{"line":10,"column":23},"end":{"line":12,"column":null}},"1":{"start":{"line":15,"column":4},"end":{"line":15,"column":null}},"2":{"start":{"line":15,"column":41},"end":{"line":15,"column":null}},"3":{"start":{"line":16,"column":4},"end":{"line":16,"column":null}},"4":{"start":{"line":16,"column":52},"end":{"line":16,"column":null}},"5":{"start":{"line":17,"column":18},"end":{"line":17,"column":49}},"6":{"start":{"line":18,"column":4},"end":{"line":18,"column":null}},"7":{"start":{"line":19,"column":4},"end":{"line":19,"column":null}},"8":{"start":{"line":20,"column":4},"end":{"line":20,"column":null}},"9":{"start":{"line":24,"column":4},"end":{"line":24,"column":null}},"10":{"start":{"line":24,"column":41},"end":{"line":24,"column":null}},"11":{"start":{"line":25,"column":4},"end":{"line":25,"column":null}},"12":{"start":{"line":25,"column":50},"end":{"line":25,"column":null}},"13":{"start":{"line":26,"column":18},"end":{"line":26,"column":49}},"14":{"start":{"line":27,"column":4},"end":{"line":27,"column":null}},"15":{"start":{"line":28,"column":4},"end":{"line":28,"column":null}},"16":{"start":{"line":29,"column":4},"end":{"line":29,"column":null}},"17":{"start":{"line":33,"column":4},"end":{"line":33,"column":null}},"18":{"start":{"line":33,"column":39},"end":{"line":33,"column":null}},"19":{"start":{"line":34,"column":10},"end":{"line":34,"column":48}},"20":{"start":{"line":36,"column":35},"end":{"line":36,"column":null}},"21":{"start":{"line":37,"column":46},"end":{"line":37,"column":null}},"22":{"start":{"line":39,"column":4},"end":{"line":43,"column":null}},"23":{"start":{"line":40,"column":8},"end":{"line":40,"column":null}},"24":{"start":{"line":41,"column":8},"end":{"line":43,"column":null}},"25":{"start":{"line":42,"column":12},"end":{"line":42,"column":null}},"26":{"start":{"line":42,"column":35},"end":{"line":42,"column":50}},"27":{"start":{"line":43,"column":12},"end":{"line":43,"column":null}},"28":{"start":{"line":47,"column":4},"end":{"line":59,"column":null}},"29":{"start":{"line":48,"column":44},"end":{"line":48,"column":66}},"30":{"start":{"line":49,"column":23},"end":{"line":49,"column":39}},"31":{"start":{"line":50,"column":37},"end":{"line":50,"column":64}},"32":{"start":{"line":52,"column":12},"end":{"line":55,"column":null}},"33":{"start":{"line":53,"column":16},"end":{"line":53,"column":null}},"34":{"start":{"line":54,"column":16},"end":{"line":54,"column":null}},"35":{"start":{"line":55,"column":16},"end":{"line":55,"column":null}},"36":{"start":{"line":57,"column":12},"end":{"line":57,"column":null}},"37":{"start":{"line":63,"column":4},"end":{"line":63,"column":null}},"38":{"start":{"line":63,"column":39},"end":{"line":63,"column":null}},"39":{"start":{"line":64,"column":4},"end":{"line":64,"column":null}},"40":{"start":{"line":67,"column":0},"end":{"line":103,"column":null}},"41":{"start":{"line":69,"column":51},"end":{"line":69,"column":null}},"42":{"start":{"line":72,"column":27},"end":{"line":72,"column":55}},"43":{"start":{"line":73,"column":12},"end":{"line":73,"column":null}},"44":{"start":{"line":73,"column":25},"end":{"line":73,"column":null}},"45":{"start":{"line":75,"column":37},"end":{"line":75,"column":71}},"46":{"start":{"line":76,"column":33},"end":{"line":76,"column":null}},"47":{"start":{"line":77,"column":12},"end":{"line":77,"column":null}},"48":{"start":{"line":77,"column":30},"end":{"line":77,"column":null}},"49":{"start":{"line":79,"column":30},"end":{"line":79,"column":60}},"50":{"start":{"line":80,"column":12},"end":{"line":92,"column":null}},"51":{"start":{"line":93,"column":12},"end":{"line":93,"column":null}},"52":{"start":{"line":97,"column":12},"end":{"line":97,"column":null}},"53":{"start":{"line":98,"column":12},"end":{"line":98,"column":null}},"54":{"start":{"line":102,"column":4},"end":{"line":103,"column":null}},"55":{"start":{"line":103,"column":8},"end":{"line":103,"column":null}},"56":{"start":{"line":108,"column":22},"end":{"line":108,"column":null}},"57":{"start":{"line":109,"column":0},"end":{"line":110,"column":null}},"58":{"start":{"line":110,"column":5},"end":{"line":110,"column":null}},"59":{"start":{"line":114,"column":1},"end":{"line":137,"column":null}},"60":{"start":{"line":115,"column":4},"end":{"line":115,"column":null}},"61":{"start":{"line":115,"column":39},"end":{"line":115,"column":null}},"62":{"start":{"line":116,"column":19},"end":{"line":116,"column":null}},"63":{"start":{"line":117,"column":4},"end":{"line":117,"column":null}},"64":{"start":{"line":117,"column":17},"end":{"line":117,"column":null}},"65":{"start":{"line":119,"column":25},"end":{"line":119,"column":null}},"66":{"start":{"line":120,"column":24},"end":{"line":120,"column":null}},"67":{"start":{"line":121,"column":21},"end":{"line":134,"column":6}},"68":{"start":{"line":136,"column":5},"end":{"line":136,"column":null}}},"fnMap":{"0":{"name":"injectModalStyles","decl":{"start":{"line":14,"column":9},"end":{"line":14,"column":35}},"loc":{"start":{"line":14,"column":35},"end":{"line":20,"column":null}},"line":14},"1":{"name":"injectBarStyles","decl":{"start":{"line":23,"column":9},"end":{"line":23,"column":33}},"loc":{"start":{"line":23,"column":33},"end":{"line":29,"column":null}},"line":23},"2":{"name":"createModal","decl":{"start":{"line":32,"column":9},"end":{"line":32,"column":21}},"loc":{"start":{"line":32,"column":59},"end":{"line":59,"column":null}},"line":32},"3":{"name":"(anonymous_3)","decl":{"start":{"line":42,"column":12},"end":{"line":42,"column":35}},"loc":{"start":{"line":42,"column":35},"end":{"line":42,"column":50}},"line":42},"4":{"name":"(anonymous_4)","decl":{"start":{"line":48,"column":8},"end":{"line":48,"column":18}},"loc":{"start":{"line":48,"column":44},"end":{"line":48,"column":66}},"line":48},"5":{"name":"(anonymous_5)","decl":{"start":{"line":49,"column":8},"end":{"line":49,"column":23}},"loc":{"start":{"line":49,"column":23},"end":{"line":49,"column":39}},"line":49},"6":{"name":"(anonymous_6)","decl":{"start":{"line":50,"column":8},"end":{"line":50,"column":18}},"loc":{"start":{"line":50,"column":37},"end":{"line":50,"column":64}},"line":50},"7":{"name":"(anonymous_7)","decl":{"start":{"line":51,"column":8},"end":{"line":51,"column":23}},"loc":{"start":{"line":51,"column":23},"end":{"line":57,"column":null}},"line":51},"8":{"name":"createBar","decl":{"start":{"line":62,"column":9},"end":{"line":62,"column":19}},"loc":{"start":{"line":62,"column":67},"end":{"line":64,"column":null}},"line":62},"9":{"name":"(anonymous_9)","decl":{"start":{"line":71,"column":8},"end":{"line":71,"column":28}},"loc":{"start":{"line":71,"column":28},"end":{"line":93,"column":null}},"line":71},"10":{"name":"(anonymous_10)","decl":{"start":{"line":96,"column":8},"end":{"line":96,"column":31}},"loc":{"start":{"line":96,"column":31},"end":{"line":98,"column":null}},"line":96},"11":{"name":"autoInit","decl":{"start":{"line":114,"column":10},"end":{"line":114,"column":21}},"loc":{"start":{"line":114,"column":21},"end":{"line":137,"column":null}},"line":114}},"branchMap":{"0":{"loc":{"start":{"line":10,"column":23},"end":{"line":12,"column":null}},"type":"cond-expr","locations":[{"start":{"line":11,"column":6},"end":{"line":11,"column":null}},{"start":{"line":12,"column":6},"end":{"line":12,"column":null}}],"line":10},"1":{"loc":{"start":{"line":15,"column":4},"end":{"line":15,"column":null}},"type":"if","locations":[{"start":{"line":15,"column":4},"end":{"line":15,"column":null}},{"start":{},"end":{}}],"line":15},"2":{"loc":{"start":{"line":16,"column":4},"end":{"line":16,"column":null}},"type":"if","locations":[{"start":{"line":16,"column":4},"end":{"line":16,"column":null}},{"start":{},"end":{}}],"line":16},"3":{"loc":{"start":{"line":24,"column":4},"end":{"line":24,"column":null}},"type":"if","locations":[{"start":{"line":24,"column":4},"end":{"line":24,"column":null}},{"start":{},"end":{}}],"line":24},"4":{"loc":{"start":{"line":25,"column":4},"end":{"line":25,"column":null}},"type":"if","locations":[{"start":{"line":25,"column":4},"end":{"line":25,"column":null}},{"start":{},"end":{}}],"line":25},"5":{"loc":{"start":{"line":33,"column":4},"end":{"line":33,"column":null}},"type":"if","locations":[{"start":{"line":33,"column":4},"end":{"line":33,"column":null}},{"start":{},"end":{}}],"line":33},"6":{"loc":{"start":{"line":39,"column":4},"end":{"line":43,"column":null}},"type":"if","locations":[{"start":{"line":39,"column":4},"end":{"line":43,"column":null}},{"start":{},"end":{}}],"line":39},"7":{"loc":{"start":{"line":41,"column":8},"end":{"line":43,"column":null}},"type":"if","locations":[{"start":{"line":41,"column":8},"end":{"line":43,"column":null}},{"start":{},"end":{}}],"line":41},"8":{"loc":{"start":{"line":52,"column":12},"end":{"line":55,"column":null}},"type":"if","locations":[{"start":{"line":52,"column":12},"end":{"line":55,"column":null}},{"start":{},"end":{}}],"line":52},"9":{"loc":{"start":{"line":52,"column":16},"end":{"line":52,"column":44}},"type":"binary-expr","locations":[{"start":{"line":52,"column":16},"end":{"line":52,"column":28}},{"start":{"line":52,"column":28},"end":{"line":52,"column":44}}],"line":52},"10":{"loc":{"start":{"line":63,"column":4},"end":{"line":63,"column":null}},"type":"if","locations":[{"start":{"line":63,"column":4},"end":{"line":63,"column":null}},{"start":{},"end":{}}],"line":63},"11":{"loc":{"start":{"line":67,"column":0},"end":{"line":103,"column":null}},"type":"if","locations":[{"start":{"line":67,"column":0},"end":{"line":103,"column":null}},{"start":{},"end":{}}],"line":67},"12":{"loc":{"start":{"line":73,"column":12},"end":{"line":73,"column":null}},"type":"if","locations":[{"start":{"line":73,"column":12},"end":{"line":73,"column":null}},{"start":{},"end":{}}],"line":73},"13":{"loc":{"start":{"line":76,"column":33},"end":{"line":76,"column":null}},"type":"cond-expr","locations":[{"start":{"line":76,"column":61},"end":{"line":76,"column":68}},{"start":{"line":76,"column":68},"end":{"line":76,"column":null}}],"line":76},"14":{"loc":{"start":{"line":77,"column":12},"end":{"line":77,"column":null}},"type":"if","locations":[{"start":{"line":77,"column":12},"end":{"line":77,"column":null}},{"start":{},"end":{}}],"line":77},"15":{"loc":{"start":{"line":82,"column":24},"end":{"line":82,"column":null}},"type":"binary-expr","locations":[{"start":{"line":82,"column":24},"end":{"line":82,"column":52}},{"start":{"line":82,"column":56},"end":{"line":82,"column":null}}],"line":82},"16":{"loc":{"start":{"line":83,"column":23},"end":{"line":83,"column":null}},"type":"binary-expr","locations":[{"start":{"line":83,"column":23},"end":{"line":83,"column":49}},{"start":{"line":83,"column":53},"end":{"line":83,"column":null}}],"line":83},"17":{"loc":{"start":{"line":84,"column":27},"end":{"line":84,"column":null}},"type":"cond-expr","locations":[{"start":{"line":84,"column":51},"end":{"line":84,"column":61}},{"start":{"line":84,"column":61},"end":{"line":84,"column":null}}],"line":84},"18":{"loc":{"start":{"line":86,"column":29},"end":{"line":86,"column":null}},"type":"binary-expr","locations":[{"start":{"line":86,"column":29},"end":{"line":86,"column":63}},{"start":{"line":86,"column":67},"end":{"line":86,"column":null}}],"line":86},"19":{"loc":{"start":{"line":87,"column":32},"end":{"line":87,"column":null}},"type":"binary-expr","locations":[{"start":{"line":87,"column":32},"end":{"line":87,"column":69}},{"start":{"line":87,"column":73},"end":{"line":87,"column":null}}],"line":87},"20":{"loc":{"start":{"line":88,"column":26},"end":{"line":88,"column":null}},"type":"binary-expr","locations":[{"start":{"line":88,"column":26},"end":{"line":88,"column":57}},{"start":{"line":88,"column":61},"end":{"line":88,"column":null}}],"line":88},"21":{"loc":{"start":{"line":89,"column":30},"end":{"line":89,"column":null}},"type":"binary-expr","locations":[{"start":{"line":89,"column":30},"end":{"line":89,"column":65}},{"start":{"line":89,"column":69},"end":{"line":89,"column":null}}],"line":89},"22":{"loc":{"start":{"line":90,"column":35},"end":{"line":90,"column":null}},"type":"binary-expr","locations":[{"start":{"line":90,"column":35},"end":{"line":90,"column":76}},{"start":{"line":90,"column":80},"end":{"line":90,"column":null}}],"line":90},"23":{"loc":{"start":{"line":102,"column":4},"end":{"line":103,"column":null}},"type":"if","locations":[{"start":{"line":102,"column":4},"end":{"line":103,"column":null}},{"start":{},"end":{}}],"line":102},"24":{"loc":{"start":{"line":102,"column":8},"end":{"line":102,"column":92}},"type":"binary-expr","locations":[{"start":{"line":102,"column":8},"end":{"line":102,"column":49}},{"start":{"line":102,"column":49},"end":{"line":102,"column":92}}],"line":102},"25":{"loc":{"start":{"line":109,"column":0},"end":{"line":110,"column":null}},"type":"if","locations":[{"start":{"line":109,"column":0},"end":{"line":110,"column":null}},{"start":{},"end":{}}],"line":109},"26":{"loc":{"start":{"line":115,"column":4},"end":{"line":115,"column":null}},"type":"if","locations":[{"start":{"line":115,"column":4},"end":{"line":115,"column":null}},{"start":{},"end":{}}],"line":115},"27":{"loc":{"start":{"line":117,"column":4},"end":{"line":117,"column":null}},"type":"if","locations":[{"start":{"line":117,"column":4},"end":{"line":117,"column":null}},{"start":{},"end":{}}],"line":117},"28":{"loc":{"start":{"line":125,"column":22},"end":{"line":125,"column":null}},"type":"cond-expr","locations":[{"start":{"line":125,"column":51},"end":{"line":125,"column":58}},{"start":{"line":125,"column":58},"end":{"line":125,"column":null}}],"line":125}},"s":{"0":1,"1":10,"2":2,"3":8,"4":1,"5":7,"6":7,"7":7,"8":7,"9":9,"10":2,"11":7,"12":0,"13":7,"14":7,"15":7,"16":7,"17":11,"18":10,"19":11,"20":11,"21":11,"22":11,"23":3,"24":3,"25":2,"26":1,"27":2,"28":11,"29":0,"30":0,"31":0,"32":1,"33":1,"34":1,"35":1,"36":1,"37":5,"38":5,"39":5,"40":1,"41":5,"42":5,"43":5,"44":1,"45":4,"46":4,"47":5,"48":4,"49":4,"50":4,"51":5,"52":4,"53":4,"54":1,"55":1,"56":1,"57":1,"58":1,"59":1,"60":1,"61":0,"62":1,"63":1,"64":1,"65":0,"66":1,"67":1,"68":1},"f":{"0":10,"1":9,"2":11,"3":1,"4":0,"5":0,"6":0,"7":1,"8":5,"9":5,"10":4,"11":1},"b":{"0":[1,0],"1":[2,8],"2":[1,7],"3":[2,7],"4":[0,7],"5":[10,1],"6":[3,8],"7":[2,1],"8":[1,0],"9":[1,1],"10":[5,0],"11":[1,0],"12":[1,4],"13":[4,0],"14":[4,1],"15":[4,4],"16":[5,4],"17":[1,3],"18":[5,4],"19":[5,4],"20":[5,4],"21":[5,4],"22":[5,4],"23":[1,0],"24":[1,1],"25":[1,0],"26":[0,1],"27":[1,0],"28":[0,0]},"meta":{"lastBranch":29,"lastFunction":12,"lastStatement":69,"seen":{"s:10:23:12:Infinity":0,"b:11:6:11:Infinity:12:6:12:Infinity":0,"f:14:9:14:35":0,"b:15:4:15:Infinity:undefined:undefined:undefined:undefined":1,"s:15:4:15:Infinity":1,"s:15:41:15:Infinity":2,"b:16:4:16:Infinity:undefined:undefined:undefined:undefined":2,"s:16:4:16:Infinity":3,"s:16:52:16:Infinity":4,"s:17:18:17:49":5,"s:18:4:18:Infinity":6,"s:19:4:19:Infinity":7,"s:20:4:20:Infinity":8,"f:23:9:23:33":1,"b:24:4:24:Infinity:undefined:undefined:undefined:undefined":3,"s:24:4:24:Infinity":9,"s:24:41:24:Infinity":10,"b:25:4:25:Infinity:undefined:undefined:undefined:undefined":4,"s:25:4:25:Infinity":11,"s:25:50:25:Infinity":12,"s:26:18:26:49":13,"s:27:4:27:Infinity":14,"s:28:4:28:Infinity":15,"s:29:4:29:Infinity":16,"f:32:9:32:21":2,"b:33:4:33:Infinity:undefined:undefined:undefined:undefined":5,"s:33:4:33:Infinity":17,"s:33:39:33:Infinity":18,"s:34:10:34:48":19,"s:36:35:36:Infinity":20,"s:37:46:37:Infinity":21,"b:39:4:43:Infinity:undefined:undefined:undefined:undefined":6,"s:39:4:43:Infinity":22,"s:40:8:40:Infinity":23,"b:41:8:43:Infinity:undefined:undefined:undefined:undefined":7,"s:41:8:43:Infinity":24,"s:42:12:42:Infinity":25,"f:42:12:42:35":3,"s:42:35:42:50":26,"s:43:12:43:Infinity":27,"s:47:4:59:Infinity":28,"f:48:8:48:18":4,"s:48:44:48:66":29,"f:49:8:49:23":5,"s:49:23:49:39":30,"f:50:8:50:18":6,"s:50:37:50:64":31,"f:51:8:51:23":7,"b:52:12:55:Infinity:undefined:undefined:undefined:undefined":8,"s:52:12:55:Infinity":32,"b:52:16:52:28:52:28:52:44":9,"s:53:16:53:Infinity":33,"s:54:16:54:Infinity":34,"s:55:16:55:Infinity":35,"s:57:12:57:Infinity":36,"f:62:9:62:19":8,"b:63:4:63:Infinity:undefined:undefined:undefined:undefined":10,"s:63:4:63:Infinity":37,"s:63:39:63:Infinity":38,"s:64:4:64:Infinity":39,"b:67:0:103:Infinity:undefined:undefined:undefined:undefined":11,"s:67:0:103:Infinity":40,"s:69:51:69:Infinity":41,"f:71:8:71:28":9,"s:72:27:72:55":42,"b:73:12:73:Infinity:undefined:undefined:undefined:undefined":12,"s:73:12:73:Infinity":43,"s:73:25:73:Infinity":44,"s:75:37:75:71":45,"s:76:33:76:Infinity":46,"b:76:61:76:68:76:68:76:Infinity":13,"b:77:12:77:Infinity:undefined:undefined:undefined:undefined":14,"s:77:12:77:Infinity":47,"s:77:30:77:Infinity":48,"s:79:30:79:60":49,"s:80:12:92:Infinity":50,"b:82:24:82:52:82:56:82:Infinity":15,"b:83:23:83:49:83:53:83:Infinity":16,"b:84:51:84:61:84:61:84:Infinity":17,"b:86:29:86:63:86:67:86:Infinity":18,"b:87:32:87:69:87:73:87:Infinity":19,"b:88:26:88:57:88:61:88:Infinity":20,"b:89:30:89:65:89:69:89:Infinity":21,"b:90:35:90:76:90:80:90:Infinity":22,"s:93:12:93:Infinity":51,"f:96:8:96:31":10,"s:97:12:97:Infinity":52,"s:98:12:98:Infinity":53,"b:102:4:103:Infinity:undefined:undefined:undefined:undefined":23,"s:102:4:103:Infinity":54,"b:102:8:102:49:102:49:102:92":24,"s:103:8:103:Infinity":55,"s:108:22:108:Infinity":56,"b:109:0:110:Infinity:undefined:undefined:undefined:undefined":25,"s:109:0:110:Infinity":57,"s:110:5:110:Infinity":58,"s:114:1:137:Infinity":59,"f:114:10:114:21":11,"b:115:4:115:Infinity:undefined:undefined:undefined:undefined":26,"s:115:4:115:Infinity":60,"s:115:39:115:Infinity":61,"s:116:19:116:Infinity":62,"b:117:4:117:Infinity:undefined:undefined:undefined:undefined":27,"s:117:4:117:Infinity":63,"s:117:17:117:Infinity":64,"s:119:25:119:Infinity":65,"s:120:24:120:Infinity":66,"s:121:21:134:6":67,"b:125:51:125:58:125:58:125:Infinity":28,"s:136:5:136:Infinity":68}}}
,"/home/dashron/Code/feedback/src/modal.css": {"path":"/home/dashron/Code/feedback/src/modal.css","statementMap":{},"fnMap":{},"branchMap":{},"s":{},"f":{},"b":{},"meta":{"lastBranch":0,"lastFunction":0,"lastStatement":0,"seen":{}}}
,"/home/dashron/Code/feedback/src/modal.ts": {"path":"/home/dashron/Code/feedback/src/modal.ts","statementMap":{"0":{"start":{"line":10,"column":16},"end":{"line":10,"column":77}},"1":{"start":{"line":11,"column":4},"end":{"line":11,"column":null}},"2":{"start":{"line":12,"column":4},"end":{"line":12,"column":null}},"3":{"start":{"line":13,"column":4},"end":{"line":13,"column":null}},"4":{"start":{"line":14,"column":4},"end":{"line":14,"column":null}},"5":{"start":{"line":15,"column":4},"end":{"line":15,"column":null}},"6":{"start":{"line":16,"column":4},"end":{"line":16,"column":null}},"7":{"start":{"line":17,"column":15},"end":{"line":17,"column":77}},"8":{"start":{"line":18,"column":4},"end":{"line":18,"column":null}},"9":{"start":{"line":19,"column":4},"end":{"line":19,"column":null}},"10":{"start":{"line":20,"column":4},"end":{"line":20,"column":null}},"11":{"start":{"line":24,"column":17},"end":{"line":24,"column":null}},"12":{"start":{"line":25,"column":19},"end":{"line":25,"column":null}},"13":{"start":{"line":28,"column":38},"end":{"line":28,"column":null}},"14":{"start":{"line":31,"column":63},"end":{"line":31,"column":null}},"15":{"start":{"line":34,"column":49},"end":{"line":34,"column":null}},"16":{"start":{"line":35,"column":48},"end":{"line":35,"column":null}},"17":{"start":{"line":36,"column":48},"end":{"line":36,"column":null}},"18":{"start":{"line":37,"column":48},"end":{"line":37,"column":null}},"19":{"start":{"line":38,"column":38},"end":{"line":38,"column":null}},"20":{"start":{"line":39,"column":40},"end":{"line":39,"column":null}},"21":{"start":{"line":40,"column":38},"end":{"line":40,"column":null}},"22":{"start":{"line":41,"column":39},"end":{"line":41,"column":null}},"23":{"start":{"line":43,"column":44},"end":{"line":43,"column":46}},"24":{"start":{"line":44,"column":42},"end":{"line":44,"column":44}},"25":{"start":{"line":45,"column":42},"end":{"line":45,"column":44}},"26":{"start":{"line":48,"column":8},"end":{"line":50,"column":null}},"27":{"start":{"line":49,"column":12},"end":{"line":49,"column":null}},"28":{"start":{"line":50,"column":12},"end":{"line":50,"column":null}},"29":{"start":{"line":52,"column":8},"end":{"line":69,"column":null}},"30":{"start":{"line":53,"column":30},"end":{"line":56,"column":null}},"31":{"start":{"line":58,"column":12},"end":{"line":58,"column":null}},"32":{"start":{"line":58,"column":40},"end":{"line":58,"column":null}},"33":{"start":{"line":59,"column":26},"end":{"line":59,"column":null}},"34":{"start":{"line":60,"column":25},"end":{"line":60,"column":null}},"35":{"start":{"line":61,"column":12},"end":{"line":69,"column":null}},"36":{"start":{"line":62,"column":16},"end":{"line":64,"column":null}},"37":{"start":{"line":63,"column":20},"end":{"line":63,"column":null}},"38":{"start":{"line":64,"column":20},"end":{"line":64,"column":null}},"39":{"start":{"line":67,"column":16},"end":{"line":69,"column":null}},"40":{"start":{"line":68,"column":20},"end":{"line":68,"column":null}},"41":{"start":{"line":69,"column":20},"end":{"line":69,"column":null}},"42":{"start":{"line":76,"column":8},"end":{"line":76,"column":null}},"43":{"start":{"line":76,"column":41},"end":{"line":76,"column":null}},"44":{"start":{"line":78,"column":28},"end":{"line":78,"column":51}},"45":{"start":{"line":79,"column":8},"end":{"line":84,"column":null}},"46":{"start":{"line":80,"column":12},"end":{"line":82,"column":null}},"47":{"start":{"line":81,"column":16},"end":{"line":81,"column":null}},"48":{"start":{"line":82,"column":16},"end":{"line":82,"column":null}},"49":{"start":{"line":84,"column":12},"end":{"line":84,"column":null}},"50":{"start":{"line":87,"column":8},"end":{"line":87,"column":null}},"51":{"start":{"line":87,"column":21},"end":{"line":87,"column":null}},"52":{"start":{"line":89,"column":8},"end":{"line":89,"column":null}},"53":{"start":{"line":90,"column":8},"end":{"line":90,"column":null}},"54":{"start":{"line":92,"column":8},"end":{"line":119,"column":null}},"55":{"start":{"line":93,"column":26},"end":{"line":93,"column":null}},"56":{"start":{"line":94,"column":26},"end":{"line":94,"column":null}},"57":{"start":{"line":95,"column":30},"end":{"line":95,"column":null}},"58":{"start":{"line":96,"column":27},"end":{"line":102,"column":null}},"59":{"start":{"line":105,"column":12},"end":{"line":107,"column":null}},"60":{"start":{"line":106,"column":16},"end":{"line":106,"column":null}},"61":{"start":{"line":107,"column":16},"end":{"line":107,"column":null}},"62":{"start":{"line":109,"column":12},"end":{"line":109,"column":null}},"63":{"start":{"line":109,"column":40},"end":{"line":109,"column":49}},"64":{"start":{"line":110,"column":12},"end":{"line":110,"column":null}},"65":{"start":{"line":110,"column":46},"end":{"line":110,"column":53}},"66":{"start":{"line":112,"column":26},"end":{"line":112,"column":81}},"67":{"start":{"line":113,"column":12},"end":{"line":115,"column":null}},"68":{"start":{"line":114,"column":16},"end":{"line":114,"column":null}},"69":{"start":{"line":115,"column":16},"end":{"line":115,"column":null}},"70":{"start":{"line":117,"column":12},"end":{"line":117,"column":null}},"71":{"start":{"line":117,"column":39},"end":{"line":117,"column":47}},"72":{"start":{"line":118,"column":12},"end":{"line":118,"column":null}},"73":{"start":{"line":119,"column":12},"end":{"line":119,"column":null}},"74":{"start":{"line":124,"column":19},"end":{"line":124,"column":48}},"75":{"start":{"line":125,"column":8},"end":{"line":125,"column":null}},"76":{"start":{"line":127,"column":22},"end":{"line":127,"column":51}},"77":{"start":{"line":128,"column":8},"end":{"line":128,"column":null}},"78":{"start":{"line":129,"column":8},"end":{"line":130,"column":null}},"79":{"start":{"line":129,"column":43},"end":{"line":129,"column":null}},"80":{"start":{"line":130,"column":17},"end":{"line":130,"column":null}},"81":{"start":{"line":130,"column":49},"end":{"line":130,"column":null}},"82":{"start":{"line":131,"column":8},"end":{"line":131,"column":null}},"83":{"start":{"line":132,"column":8},"end":{"line":132,"column":null}},"84":{"start":{"line":135,"column":23},"end":{"line":135,"column":52}},"85":{"start":{"line":136,"column":8},"end":{"line":136,"column":null}},"86":{"start":{"line":137,"column":8},"end":{"line":137,"column":null}},"87":{"start":{"line":139,"column":8},"end":{"line":147,"column":null}},"88":{"start":{"line":140,"column":12},"end":{"line":140,"column":null}},"89":{"start":{"line":141,"column":12},"end":{"line":141,"column":null}},"90":{"start":{"line":142,"column":12},"end":{"line":142,"column":null}},"91":{"start":{"line":143,"column":12},"end":{"line":143,"column":null}},"92":{"start":{"line":144,"column":12},"end":{"line":144,"column":null}},"93":{"start":{"line":145,"column":12},"end":{"line":145,"column":null}},"94":{"start":{"line":147,"column":12},"end":{"line":147,"column":null}},"95":{"start":{"line":150,"column":8},"end":{"line":182,"column":null}},"96":{"start":{"line":154,"column":30},"end":{"line":154,"column":59}},"97":{"start":{"line":155,"column":12},"end":{"line":155,"column":null}},"98":{"start":{"line":157,"column":12},"end":{"line":157,"column":null}},"99":{"start":{"line":158,"column":12},"end":{"line":158,"column":null}},"100":{"start":{"line":159,"column":12},"end":{"line":159,"column":null}},"101":{"start":{"line":160,"column":12},"end":{"line":160,"column":null}},"102":{"start":{"line":161,"column":12},"end":{"line":161,"column":null}},"103":{"start":{"line":163,"column":12},"end":{"line":163,"column":null}},"104":{"start":{"line":164,"column":12},"end":{"line":164,"column":null}},"105":{"start":{"line":165,"column":12},"end":{"line":165,"column":null}},"106":{"start":{"line":166,"column":12},"end":{"line":166,"column":null}},"107":{"start":{"line":167,"column":12},"end":{"line":167,"column":null}},"108":{"start":{"line":169,"column":12},"end":{"line":173,"column":null}},"109":{"start":{"line":170,"column":16},"end":{"line":170,"column":null}},"110":{"start":{"line":171,"column":16},"end":{"line":171,"column":null}},"111":{"start":{"line":172,"column":16},"end":{"line":172,"column":null}},"112":{"start":{"line":174,"column":12},"end":{"line":178,"column":null}},"113":{"start":{"line":175,"column":16},"end":{"line":175,"column":null}},"114":{"start":{"line":176,"column":16},"end":{"line":176,"column":null}},"115":{"start":{"line":177,"column":16},"end":{"line":177,"column":null}},"116":{"start":{"line":180,"column":12},"end":{"line":180,"column":null}},"117":{"start":{"line":181,"column":12},"end":{"line":181,"column":null}},"118":{"start":{"line":182,"column":12},"end":{"line":182,"column":null}},"119":{"start":{"line":185,"column":25},"end":{"line":185,"column":57}},"120":{"start":{"line":186,"column":8},"end":{"line":186,"column":null}},"121":{"start":{"line":187,"column":8},"end":{"line":187,"column":null}},"122":{"start":{"line":188,"column":8},"end":{"line":188,"column":null}},"123":{"start":{"line":189,"column":8},"end":{"line":189,"column":null}},"124":{"start":{"line":190,"column":8},"end":{"line":190,"column":null}},"125":{"start":{"line":191,"column":8},"end":{"line":191,"column":null}},"126":{"start":{"line":194,"column":21},"end":{"line":194,"column":50}},"127":{"start":{"line":195,"column":8},"end":{"line":195,"column":null}},"128":{"start":{"line":197,"column":8},"end":{"line":197,"column":null}},"129":{"start":{"line":198,"column":8},"end":{"line":198,"column":null}},"130":{"start":{"line":199,"column":8},"end":{"line":199,"column":null}},"131":{"start":{"line":200,"column":8},"end":{"line":200,"column":null}},"132":{"start":{"line":201,"column":8},"end":{"line":201,"column":null}},"133":{"start":{"line":203,"column":8},"end":{"line":203,"column":null}},"134":{"start":{"line":204,"column":8},"end":{"line":204,"column":null}},"135":{"start":{"line":205,"column":8},"end":{"line":205,"column":null}},"136":{"start":{"line":206,"column":8},"end":{"line":206,"column":null}},"137":{"start":{"line":207,"column":8},"end":{"line":207,"column":null}},"138":{"start":{"line":209,"column":8},"end":{"line":209,"column":null}},"139":{"start":{"line":210,"column":8},"end":{"line":210,"column":null}},"140":{"start":{"line":211,"column":8},"end":{"line":211,"column":null}},"141":{"start":{"line":213,"column":8},"end":{"line":213,"column":null}},"142":{"start":{"line":214,"column":8},"end":{"line":214,"column":null}},"143":{"start":{"line":215,"column":8},"end":{"line":215,"column":null}},"144":{"start":{"line":217,"column":8},"end":{"line":224,"column":null}},"145":{"start":{"line":218,"column":12},"end":{"line":218,"column":null}},"146":{"start":{"line":219,"column":12},"end":{"line":219,"column":null}},"147":{"start":{"line":220,"column":12},"end":{"line":220,"column":null}},"148":{"start":{"line":221,"column":12},"end":{"line":221,"column":null}},"149":{"start":{"line":222,"column":12},"end":{"line":222,"column":null}},"150":{"start":{"line":223,"column":12},"end":{"line":223,"column":null}},"151":{"start":{"line":224,"column":12},"end":{"line":224,"column":null}},"152":{"start":{"line":227,"column":8},"end":{"line":227,"column":null}},"153":{"start":{"line":229,"column":8},"end":{"line":236,"column":null}},"154":{"start":{"line":230,"column":12},"end":{"line":230,"column":null}},"155":{"start":{"line":231,"column":12},"end":{"line":231,"column":null}},"156":{"start":{"line":232,"column":12},"end":{"line":232,"column":null}},"157":{"start":{"line":233,"column":12},"end":{"line":233,"column":null}},"158":{"start":{"line":234,"column":12},"end":{"line":234,"column":null}},"159":{"start":{"line":235,"column":12},"end":{"line":235,"column":null}},"160":{"start":{"line":236,"column":12},"end":{"line":236,"column":null}},"161":{"start":{"line":239,"column":8},"end":{"line":239,"column":null}},"162":{"start":{"line":240,"column":8},"end":{"line":240,"column":null}},"163":{"start":{"line":242,"column":23},"end":{"line":242,"column":52}},"164":{"start":{"line":243,"column":8},"end":{"line":243,"column":null}},"165":{"start":{"line":244,"column":8},"end":{"line":244,"column":null}},"166":{"start":{"line":246,"column":25},"end":{"line":246,"column":54}},"167":{"start":{"line":247,"column":8},"end":{"line":247,"column":null}},"168":{"start":{"line":248,"column":29},"end":{"line":248,"column":56}},"169":{"start":{"line":249,"column":8},"end":{"line":249,"column":null}},"170":{"start":{"line":250,"column":8},"end":{"line":250,"column":null}},"171":{"start":{"line":251,"column":8},"end":{"line":251,"column":null}},"172":{"start":{"line":252,"column":8},"end":{"line":252,"column":null}},"173":{"start":{"line":253,"column":8},"end":{"line":253,"column":null}},"174":{"start":{"line":254,"column":8},"end":{"line":254,"column":null}},"175":{"start":{"line":255,"column":8},"end":{"line":255,"column":null}},"176":{"start":{"line":257,"column":8},"end":{"line":257,"column":null}},"177":{"start":{"line":258,"column":8},"end":{"line":258,"column":null}},"178":{"start":{"line":259,"column":8},"end":{"line":259,"column":null}},"179":{"start":{"line":261,"column":8},"end":{"line":261,"column":null}},"180":{"start":{"line":261,"column":46},"end":{"line":261,"column":78}},"181":{"start":{"line":261,"column":67},"end":{"line":261,"column":78}},"182":{"start":{"line":262,"column":8},"end":{"line":262,"column":null}},"183":{"start":{"line":264,"column":8},"end":{"line":264,"column":null}},"184":{"start":{"line":268,"column":8},"end":{"line":268,"column":null}},"185":{"start":{"line":268,"column":21},"end":{"line":268,"column":null}},"186":{"start":{"line":270,"column":8},"end":{"line":270,"column":null}},"187":{"start":{"line":271,"column":8},"end":{"line":271,"column":null}},"188":{"start":{"line":272,"column":8},"end":{"line":272,"column":null}},"189":{"start":{"line":273,"column":8},"end":{"line":273,"column":null}},"190":{"start":{"line":275,"column":8},"end":{"line":286,"column":null}},"191":{"start":{"line":276,"column":12},"end":{"line":286,"column":null}},"192":{"start":{"line":277,"column":16},"end":{"line":277,"column":null}},"193":{"start":{"line":278,"column":23},"end":{"line":286,"column":null}},"194":{"start":{"line":279,"column":32},"end":{"line":279,"column":80}},"195":{"start":{"line":280,"column":16},"end":{"line":280,"column":null}},"196":{"start":{"line":281,"column":16},"end":{"line":281,"column":null}},"197":{"start":{"line":282,"column":16},"end":{"line":282,"column":null}},"198":{"start":{"line":283,"column":16},"end":{"line":283,"column":null}},"199":{"start":{"line":284,"column":16},"end":{"line":284,"column":null}},"200":{"start":{"line":285,"column":16},"end":{"line":285,"column":null}},"201":{"start":{"line":286,"column":16},"end":{"line":286,"column":null}},"202":{"start":{"line":290,"column":8},"end":{"line":295,"column":null}},"203":{"start":{"line":291,"column":12},"end":{"line":291,"column":null}},"204":{"start":{"line":292,"column":26},"end":{"line":292,"column":89}},"205":{"start":{"line":293,"column":28},"end":{"line":293,"column":93}},"206":{"start":{"line":294,"column":12},"end":{"line":295,"column":null}},"207":{"start":{"line":294,"column":50},"end":{"line":294,"column":null}},"208":{"start":{"line":295,"column":21},"end":{"line":295,"column":null}},"209":{"start":{"line":295,"column":55},"end":{
[...]
e":217,"column":8},"end":{"line":224,"column":null}},"type":"if","locations":[{"start":{"line":217,"column":8},"end":{"line":224,"column":null}},{"start":{},"end":{}}],"line":217},"26":{"loc":{"start":{"line":229,"column":8},"end":{"line":236,"column":null}},"type":"if","locations":[{"start":{"line":229,"column":8},"end":{"line":236,"column":null}},{"start":{},"end":{}}],"line":229},"27":{"loc":{"start":{"line":261,"column":46},"end":{"line":261,"column":78}},"type":"if","locations":[{"start":{"line":261,"column":46},"end":{"line":261,"column":78}},{"start":{},"end":{}}],"line":261},"28":{"loc":{"start":{"line":268,"column":8},"end":{"line":268,"column":null}},"type":"if","locations":[{"start":{"line":268,"column":8},"end":{"line":268,"column":null}},{"start":{},"end":{}}],"line":268},"29":{"loc":{"start":{"line":275,"column":8},"end":{"line":286,"column":null}},"type":"if","locations":[{"start":{"line":275,"column":8},"end":{"line":286,"column":null}},{"start":{},"end":{}}],"line":275},"30":{"loc":{"start":{"line":276,"column":12},"end":{"line":286,"column":null}},"type":"if","locations":[{"start":{"line":276,"column":12},"end":{"line":286,"column":null}},{"start":{"line":278,"column":23},"end":{"line":286,"column":null}}],"line":276},"31":{"loc":{"start":{"line":278,"column":23},"end":{"line":286,"column":null}},"type":"if","locations":[{"start":{"line":278,"column":23},"end":{"line":286,"column":null}},{"start":{},"end":{}}],"line":278},"32":{"loc":{"start":{"line":290,"column":8},"end":{"line":295,"column":null}},"type":"if","locations":[{"start":{"line":290,"column":8},"end":{"line":295,"column":null}},{"start":{},"end":{}}],"line":290},"33":{"loc":{"start":{"line":294,"column":12},"end":{"line":295,"column":null}},"type":"if","locations":[{"start":{"line":294,"column":12},"end":{"line":295,"column":null}},{"start":{"line":295,"column":21},"end":{"line":295,"column":null}}],"line":294},"34":{"loc":{"start":{"line":295,"column":21},"end":{"line":295,"column":null}},"type":"if","locations":[{"start":{"line":295,"column":21},"end":{"line":295,"column":null}},{"start":{},"end":{}}],"line":295},"35":{"loc":{"start":{"line":298,"column":8},"end":{"line":298,"column":null}},"type":"if","locations":[{"start":{"line":298,"column":8},"end":{"line":298,"column":null}},{"start":{},"end":{}}],"line":298},"36":{"loc":{"start":{"line":298,"column":12},"end":{"line":298,"column":57}},"type":"binary-expr","locations":[{"start":{"line":298,"column":12},"end":{"line":298,"column":26}},{"start":{"line":298,"column":26},"end":{"line":298,"column":57}}],"line":298},"37":{"loc":{"start":{"line":299,"column":8},"end":{"line":299,"column":null}},"type":"if","locations":[{"start":{"line":299,"column":8},"end":{"line":299,"column":null}},{"start":{},"end":{}}],"line":299},"38":{"loc":{"start":{"line":299,"column":12},"end":{"line":299,"column":53}},"type":"binary-expr","locations":[{"start":{"line":299,"column":12},"end":{"line":299,"column":28}},{"start":{"line":299,"column":28},"end":{"line":299,"column":53}}],"line":299},"39":{"loc":{"start":{"line":305,"column":8},"end":{"line":305,"column":null}},"type":"if","locations":[{"start":{"line":305,"column":8},"end":{"line":305,"column":null}},{"start":{},"end":{}}],"line":305},"40":{"loc":{"start":{"line":306,"column":8},"end":{"line":308,"column":null}},"type":"if","locations":[{"start":{"line":306,"column":8},"end":{"line":308,"column":null}},{"start":{},"end":{}}],"line":306},"41":{"loc":{"start":{"line":327,"column":8},"end":{"line":329,"column":null}},"type":"if","locations":[{"start":{"line":327,"column":8},"end":{"line":329,"column":null}},{"start":{"line":328,"column":17},"end":{"line":329,"column":null}}],"line":327},"42":{"loc":{"start":{"line":328,"column":17},"end":{"line":329,"column":null}},"type":"if","locations":[{"start":{"line":328,"column":17},"end":{"line":329,"column":null}},{"start":{"line":329,"column":17},"end":{"line":329,"column":null}}],"line":328},"43":{"loc":{"start":{"line":329,"column":17},"end":{"line":329,"column":null}},"type":"if","locations":[{"start":{"line":329,"column":17},"end":{"line":329,"column":null}},{"start":{},"end":{}}],"line":329}},"s":{"0":12,"1":12,"2":12,"3":12,"4":12,"5":12,"6":12,"7":12,"8":12,"9":12,"10":12,"11":1,"12":1,"13":45,"14":45,"15":45,"16":45,"17":45,"18":45,"19":45,"20":45,"21":45,"22":45,"23":45,"24":45,"25":45,"26":3,"27":3,"28":3,"29":0,"30":0,"31":0,"32":0,"33":0,"34":0,"35":0,"36":0,"37":0,"38":0,"39":0,"40":0,"41":0,"42":14,"43":0,"44":14,"45":14,"46":1,"47":1,"48":1,"49":1,"50":13,"51":13,"52":13,"53":13,"54":13,"55":13,"56":14,"57":14,"58":14,"59":9,"60":9,"61":9,"62":9,"63":1,"64":9,"65":1,"66":4,"67":4,"68":4,"69":4,"70":4,"71":2,"72":4,"73":4,"74":43,"75":43,"76":43,"77":43,"78":43,"79":0,"80":43,"81":0,"82":43,"83":43,"84":43,"85":43,"86":43,"87":43,"88":3,"89":3,"90":3,"91":3,"92":3,"93":3,"94":40,"95":43,"96":6,"97":6,"98":6,"99":6,"100":6,"101":6,"102":6,"103":6,"104":6,"105":6,"106":6,"107":6,"108":6,"109":2,"110":2,"111":2,"112":6,"113":1,"114":1,"115":1,"116":6,"117":6,"118":6,"119":43,"120":43,"121":43,"122":43,"123":43,"124":43,"125":43,"126":43,"127":43,"128":43,"129":43,"130":43,"131":43,"132":43,"133":43,"134":43,"135":43,"136":43,"137":43,"138":43,"139":43,"140":43,"141":43,"142":43,"143":43,"144":43,"145":0,"146":0,"147":0,"148":0,"149":0,"150":0,"151":0,"152":43,"153":43,"154":4,"155":4,"156":4,"157":4,"158":4,"159":4,"160":4,"161":43,"162":43,"163":43,"164":43,"165":43,"166":43,"167":43,"168":43,"169":43,"170":43,"171":43,"172":43,"173":43,"174":43,"175":43,"176":43,"177":43,"178":43,"179":43,"180":20,"181":1,"182":43,"183":43,"184":44,"185":1,"186":43,"187":43,"188":43,"189":43,"190":43,"191":2,"192":1,"193":1,"194":1,"195":1,"196":1,"197":1,"198":1,"199":1,"200":1,"201":1,"202":43,"203":2,"204":2,"205":2,"206":2,"207":1,"208":1,"209":1,"210":43,"211":1,"212":43,"213":2,"214":43,"215":11,"216":1,"217":10,"218":1,"219":1,"220":10,"221":10,"222":10,"223":10,"224":10,"225":10,"226":10,"227":10,"228":10,"229":10,"230":10,"231":10,"232":10,"233":10,"234":3,"235":7,"236":1,"237":6,"238":4,"239":2,"240":2,"241":1,"242":45},"f":{"0":12,"1":45,"2":3,"3":14,"4":1,"5":1,"6":2,"7":43,"8":2,"9":1,"10":20,"11":44,"12":11,"13":3,"14":7,"15":1},"b":{"0":[3,0],"1":[0,0],"2":[0,0],"3":[0,0],"4":[0,0],"5":[0,0],"6":[0,0],"7":[0,14],"8":[14,14],"9":[1,13],"10":[1,0],"11":[13,0],"12":[13,12,11],"13":[14,13],"14":[14,12],"15":[14,11],"16":[14,13],"17":[9,0],"18":[3,1],"19":[4,0],"20":[0,43],"21":[0,43],"22":[3,40],"23":[6,37],"24":[43,42],"25":[0,43],"26":[4,39],"27":[1,19],"28":[1,43],"29":[2,41],"30":[1,1],"31":[1,0],"32":[2,41],"33":[1,1],"34":[1,0],"35":[1,42],"36":[43,43],"37":[2,41],"38":[43,4],"39":[1,10],"40":[1,9],"41":[1,6],"42":[4,2],"43":[2,0]},"meta":{"lastBranch":44,"lastFunction":16,"lastStatement":243,"seen":{"f:9:9:9:17":0,"s:10:16:10:77":0,"s:11:4:11:Infinity":1,"s:12:4:12:Infinity":2,"s:13:4:13:Infinity":3,"s:14:4:14:Infinity":4,"s:15:4:15:Infinity":5,"s:16:4:16:Infinity":6,"s:17:15:17:77":7,"s:18:4:18:Infinity":8,"s:19:4:19:Infinity":9,"s:20:4:20:Infinity":10,"s:24:17:24:Infinity":11,"s:25:19:25:Infinity":12,"f:27:16:27:28":1,"s:28:38:28:Infinity":13,"s:31:63:31:Infinity":14,"s:34:49:34:Infinity":15,"s:35:48:35:Infinity":16,"s:36:48:36:Infinity":17,"s:37:48:37:Infinity":18,"s:38:38:38:Infinity":19,"s:39:40:39:Infinity":20,"s:40:38:40:Infinity":21,"s:41:39:41:Infinity":22,"s:43:44:43:46":23,"s:44:42:44:44":24,"s:45:42:45:44":25,"f:47:13:47:27":2,"b:48:8:50:Infinity:undefined:undefined:undefined:undefined":0,"s:48:8:50:Infinity":26,"s:49:12:49:Infinity":27,"s:50:12:50:Infinity":28,"b:52:8:69:Infinity:undefined:undefined:undefined:undefined":1,"s:52:8:69:Infinity":29,"b:52:12:52:31:52:31:52:40":2,"s:53:30:56:Infinity":30,"b:58:12:58:Infinity:undefined:undefined:undefined:undefined":3,"s:58:12:58:Infinity":31,"s:58:40:58:Infinity":32,"s:59:26:59:Infinity":33,"s:60:25:60:Infinity":34,"b:61:12:69:Infinity:66:19:69:Infinity":4,"s:61:12:69:Infinity":35,"b:62:16:64:Infinity:undefined:undefined:undefined:undefined":5,"s:62:16:64:Infinity":36,"s:63:20:63:Infinity":37,"s:64:20:64:Infinity":38,"b:67:16:69:Infinity:undefined:undefined:undefined:undefined":6,"s:67:16:69:Infinity":39,"s:68:20:68:Infinity":40,"s:69:20:69:Infinity":41,"f:75:19:75:34":3,"b:76:8:76:Infinity:undefined:undefined:undefined:undefined":7,"s:76:8:76:Infinity":42,"b:76:12:76:27:76:27:76:41":8,"s:76:41:76:Infinity":43,"s:78:28:78:51":44,"b:79:8:84:Infinity:undefined:undefined:undefined:undefined":9,"s:79:8:84:Infinity":45,"b:80:12:82:Infinity:undefined:undefined:undefined:undefined":10,"s:80:12:82:Infinity":46,"s:81:16:81:Infinity":47,"s:82:16:82:Infinity":48,"s:84:12:84:Infinity":49,"b:87:8:87:Infinity:undefined:undefined:undefined:undefined":11,"s:87:8:87:Infinity":50,"s:87:21:87:Infinity":51,"s:89:8:89:Infinity":52,"s:90:8:90:Infinity":53,"s:92:8:119:Infinity":54,"s:93:26:93:Infinity":55,"b:93:26:93:52:93:56:93:90:93:90:93:Infinity":12,"s:94:26:94:Infinity":56,"b:94:26:94:52:94:56:94:Infinity":13,"s:95:30:95:Infinity":57,"b:95:30:95:50:95:50:95:Infinity":14,"s:96:27:102:Infinity":58,"b:99:16:99:25:99:25:99:Infinity":15,"b:101:56:101:82:101:82:101:97":16,"b:105:12:107:Infinity:undefined:undefined:undefined:undefined":17,"s:105:12:107:Infinity":59,"s:106:16:106:Infinity":60,"s:107:16:107:Infinity":61,"s:109:12:109:Infinity":62,"f:109:27:109:35":4,"s:109:40:109:49":63,"s:110:12:110:Infinity":64,"f:110:29:110:46":5,"s:110:46:110:53":65,"s:112:26:112:81":66,"b:112:49:112:55:112:55:112:81":18,"b:113:12:115:Infinity:undefined:undefined:undefined:undefined":19,"s:113:12:115:Infinity":67,"s:114:16:114:Infinity":68,"s:115:16:115:Infinity":69,"s:117:12:117:Infinity":70,"f:117:26:117:34":6,"s:117:39:117:47":71,"s:118:12:118:Infinity":72,"s:119:12:119:Infinity":73,"f:123:13:123:37":7,"s:124:19:124:48":74,"s:125:8:125:Infinity":75,"s:127:22:127:51":76,"s:128:8:128:Infinity":77,"b:129:8:130:Infinity:130:17:130:Infinity":20,"s:129:8:130:Infinity":78,"s:129:43:129:Infinity":79,"b:130:17:130:Infinity:undefined:undefined:undefined:undefined":21,"s:130:17:130:Infinity":80,"s:130:49:130:Infinity":81,"s:131:8:131:Infinity":82,"s:132:8:132:Infinity":83,"s:135:23:135:52":84,"s:136:8:136:Infinity":85,"s:137:8:137:Infinity":86,"b:139:8:147:Infinity:146:15:147:Infinity":22,"s:139:8:147:Infinity":87,"s:140:12:140:Infinity":88,"s:141:12:141:Infinity":89,"s:142:12:142:Infinity":90,"s:143:12:143:Infinity":91,"s:144:12:144:Infinity":92,"s:145:12:145:Infinity":93,"s:147:12:147:Infinity":94,"b:150:8:182:Infinity:undefined:undefined:undefined:undefined":23,"s:150:8:182:Infinity":95,"s:154:30:154:59":96,"s:155:12:155:Infinity":97,"s:157:12:157:Infinity":98,"s:158:12:158:Infinity":99,"s:159:12:159:Infinity":100,"s:160:12:160:Infinity":101,"s:161:12:161:Infinity":102,"s:163:12:163:Infinity":103,"s:164:12:164:Infinity":104,"s:165:12:165:Infinity":105,"s:166:12:166:Infinity":106,"s:167:12:167:Infinity":107,"s:169:12:173:Infinity":108,"f:169:35:169:50":8,"s:170:16:170:Infinity":109,"s:171:16:171:Infinity":110,"s:172:16:172:Infinity":111,"s:174:12:178:Infinity":112,"f:174:37:174:52":9,"s:175:16:175:Infinity":113,"s:176:16:176:Infinity":114,"s:177:16:177:Infinity":115,"s:180:12:180:Infinity":116,"s:181:12:181:Infinity":117,"s:182:12:182:Infinity":118,"s:185:25:185:57":119,"s:186:8:186:Infinity":120,"s:187:8:187:Infinity":121,"s:188:8:188:Infinity":122,"s:189:8:189:Infinity":123,"s:190:8:190:Infinity":124,"s:191:8:191:Infinity":125,"s:194:21:194:50":126,"s:195:8:195:Infinity":127,"s:197:8:197:Infinity":128,"s:198:8:198:Infinity":129,"s:199:8:199:Infinity":130,"s:200:8:200:Infinity":131,"b:200:33:200:55:200:55:200:Infinity":24,"s:201:8:201:Infinity":132,"s:203:8:203:Infinity":133,"s:204:8:204:Infinity":134,"s:205:8:205:Infinity":135,"s:206:8:206:Infinity":136,"s:207:8:207:Infinity":137,"s:209:8:209:Infinity":138,"s:210:8:210:Infinity":139,"s:211:8:211:Infinity":140,"s:213:8:213:Infinity":141,"s:214:8:214:Infinity":142,"s:215:8:215:Infinity":143,"b:217:8:224:Infinity:undefined:undefined:undefined:undefined":25,"s:217:8:224:Infinity":144,"s:218:12:218:Infinity":145,"s:219:12:219:Infinity":146,"s:220:12:220:Infinity":147,"s:221:12:221:Infinity":148,"s:222:12:222:Infinity":149,"s:223:12:223:Infinity":150,"s:224:12:224:Infinity":151,"s:227:8:227:Infinity":152,"b:229:8:236:Infinity:undefined:undefined:undefined:undefined":26,"s:229:8:236:Infinity":153,"s:230:12:230:Infinity":154,"s:231:12:231:Infinity":155,"s:232:12:232:Infinity":156,"s:233:12:233:Infinity":157,"s:234:12:234:Infinity":158,"s:235:12:235:Infinity":159,"s:236:12:236:Infinity":160,"s:239:8:239:Infinity":161,"s:240:8:240:Infinity":162,"s:242:23:242:52":163,"s:243:8:243:Infinity":164,"s:244:8:244:Infinity":165,"s:246:25:246:54":166,"s:247:8:247:Infinity":167,"s:248:29:248:56":168,"s:249:8:249:Infinity":169,"s:250:8:250:Infinity":170,"s:251:8:251:Infinity":171,"s:252:8:252:Infinity":172,"s:253:8:253:Infinity":173,"s:254:8:254:Infinity":174,"s:255:8:255:Infinity":175,"s:257:8:257:Infinity":176,"s:258:8:258:Infinity":177,"s:259:8:259:Infinity":178,"s:261:8:261:Infinity":179,"f:261:28:261:38":10,"b:261:46:261:78:undefined:undefined:undefined:undefined":27,"s:261:46:261:78":180,"s:261:67:261:78":181,"s:262:8:262:Infinity":182,"s:264:8:264:Infinity":183,"f:267:13:267:18":11,"b:268:8:268:Infinity:undefined:undefined:undefined:undefined":28,"s:268:8:268:Infinity":184,"s:268:21:268:Infinity":185,"s:270:8:270:Infinity":186,"s:271:8:271:Infinity":187,"s:272:8:272:Infinity":188,"s:273:8:273:Infinity":189,"b:275:8:286:Infinity:undefined:undefined:undefined:undefined":29,"s:275:8:286:Infinity":190,"b:276:12:286:Infinity:278:23:286:Infinity":30,"s:276:12:286:Infinity":191,"s:277:16:277:Infinity":192,"b:278:23:286:Infinity:undefined:undefined:undefined:undefined":31,"s:278:23:286:Infinity":193,"s:279:32:279:80":194,"s:280:16:280:Infinity":195,"s:281:16:281:Infinity":196,"s:282:16:282:Infinity":197,"s:283:16:283:Infinity":198,"s:284:16:284:Infinity":199,"s:285:16:285:Infinity":200,"s:286:16:286:Infinity":201,"b:290:8:295:Infinity:undefined:undefined:undefined:undefined":32,"s:290:8:295:Infinity":202,"s:291:12:291:Infinity":203,"s:292:26:292:89":204,"s:293:28:293:93":205,"b:294:12:295:Infinity:295:21:295:Infinity":33,"s:294:12:295:Infinity":206,"s:294:50:294:Infinity":207,"b:295:21:295:Infinity:undefined:undefined:undefined:undefined":34,"s:295:21:295:Infinity":208,"s:295:55:295:Infinity":209,"b:298:8:298:Infinity:undefined:undefined:undefined:undefined":35,"s:298:8:298:Infinity":210,"b:298:12:298:26:298:26:298:57":36,"s:298:57:298:Infinity":211,"b:299:8:299:Infinity:undefined:undefined:undefined:undefined":37,"s:299:8:299:Infinity":212,"b:299:12:299:28:299:28:299:53":38,"s:299:53:299:Infinity":213,"s:301:8:301:Infinity":214,"f:304:13:304:21":12,"b:305:8:305:Infinity:undefined:undefined:undefined:undefined":39,"s:305:8:305:Infinity":215,"s:305:22:305:Infinity":216,"b:306:8:308:Infinity:undefined:undefined:undefined:undefined":40,"s:306:8:308:Infinity":217,"s:307:12:307:Infinity":218,"s:308:12:308:Infinity":219,"s:310:8:310:Infinity":220,"s:311:8:311:Infinity":221,"s:312:8:312:Infinity":222,"s:313:8:313:Infinity":223,"s:314:8:314:Infinity":224,"s:315:8:315:Infinity":225,"s:316:8:316:Infinity":226,"s:317:8:317:Infinity":227,"s:318:8:318:Infinity":228,"s:319:8:319:Infinity":229,"s:320:8:320:Infinity":230,"s:321:8:321:Infinity":231,"s:322:8:322:Infinity":232,"s:323:8:323:Infinity":233,"f:323:22:323:30":13,"s:323:35:323:38":234,"f:326:13:326:16":14,"b:327:8:329:Infinity:328:17:329:Infinity":41,"s:327:8:329:Infinity":235,"s:327:32:327:Infinity":236,"b:328:17:329:Infinity:329:17:329:Infinity":42,"s:328:17:329:Infinity":237,"s:328:36:328:Infinity":238,"b:329:17:329:Infinity:undefined:undefined:undefined:undefined":43,"s:329:17:329:Infinity":239,"s:329:36:329:Infinity":240,"f:332:13:332:23":15,"s:333:8:333:Infinity":241,"s:336:4:336:Infinity":242}}}
,"/home/dashron/Code/feedback/src/theme.ts": {"path":"/home/dashron/Code/feedback/src/theme.ts","statementMap":{"0":{"start":{"line":4,"column":18},"end":{"line":4,"column":53}},"1":{"start":{"line":5,"column":4},"end":{"line":5,"column":null}},"2":{"start":{"line":5,"column":16},"end":{"line":5,"column":null}},"3":{"start":{"line":7,"column":27},"end":{"line":7,"column":null}},"4":{"start":{"line":8,"column":4},"end":{"line":8,"column":null}},"5":{"start":{"line":8,"column":23},"end":{"line":8,"column":null}},"6":{"start":{"line":9,"column":4},"end":{"line":9,"column":null}},"7":{"start":{"line":9,"column":26},"end":{"line":9,"column":null}},"8":{"start":{"line":10,"column":4},"end":{"line":10,"column":null}},"9":{"start":{"line":10,"column":23},"end":{"line":10,"column":null}},"10":{"start":{"line":11,"column":4},"end":{"line":11,"column":null}},"11":{"start":{"line":11,"column":20},"end":{"line":11,"column":null}},"12":{"start":{"line":12,"column":4},"end":{"line":12,"column":null}},"13":{"start":{"line":12,"column":24},"end":{"line":12,"column":null}},"14":{"start":{"line":13,"column":4},"end":{"line":13,"column":null}},"15":{"start":{"line":13,"column":29},"end":{"line":13,"column":null}}},"fnMap":{"0":{"name":"applyTheme","decl":{"start":{"line":3,"column":16},"end":{"line":3,"column":27}},"loc":{"start":{"line":3,"column":55},"end":{"line":13,"column":null}},"line":3}},"branchMap":{"0":{"loc":{"start":{"line":5,"column":4},"end":{"line":5,"column":null}},"type":"if","locations":[{"start":{"line":5,"column":4},"end":{"line":5,"column":null}},{"start":{},"end":{}}],"line":5},"1":{"loc":{"start":{"line":7,"column":12},"end":{"line":7,"column":22}},"type":"default-arg","locations":[{"start":{"line":7,"column":20},"end":{"line":7,"column":22}}],"line":7},"2":{"loc":{"start":{"line":8,"column":4},"end":{"line":8,"column":null}},"type":"if","locations":[{"start":{"line":8,"column":4},"end":{"line":8,"column":null}},{"start":{},"end":{}}],"line":8},"3":{"loc":{"start":{"line":9,"column":4},"end":{"line":9,"column":null}},"type":"if","locations":[{"start":{"line":9,"column":4},"end":{"line":9,"column":null}},{"start":{},"end":{}}],"line":9},"4":{"loc":{"start":{"line":10,"column":4},"end":{"line":10,"column":null}},"type":"if","locations":[{"start":{"line":10,"column":4},"end":{"line":10,"column":null}},{"start":{},"end":{}}],"line":10},"5":{"loc":{"start":{"line":11,"column":4},"end":{"line":11,"column":null}},"type":"if","locations":[{"start":{"line":11,"column":4},"end":{"line":11,"column":null}},{"start":{},"end":{}}],"line":11},"6":{"loc":{"start":{"line":12,"column":4},"end":{"line":12,"column":null}},"type":"if","locations":[{"start":{"line":12,"column":4},"end":{"line":12,"column":null}},{"start":{},"end":{}}],"line":12},"7":{"loc":{"start":{"line":13,"column":4},"end":{"line":13,"column":null}},"type":"if","locations":[{"start":{"line":13,"column":4},"end":{"line":13,"column":null}},{"start":{},"end":{}}],"line":13}},"s":{"0":7,"1":7,"2":1,"3":6,"4":6,"5":6,"6":6,"7":6,"8":6,"9":6,"10":6,"11":6,"12":6,"13":6,"14":6,"15":6},"f":{"0":7},"b":{"0":[1,6],"1":[6],"2":[2,4],"3":[2,4],"4":[0,6],"5":[2,4],"6":[0,6],"7":[0,6]},"meta":{"lastBranch":8,"lastFunction":1,"lastStatement":16,"seen":{"f:3:16:3:27":0,"s:4:18:4:53":0,"b:5:4:5:Infinity:undefined:undefined:undefined:undefined":0,"s:5:4:5:Infinity":1,"s:5:16:5:Infinity":2,"s:7:27:7:Infinity":3,"b:7:20:7:22":1,"b:8:4:8:Infinity:undefined:undefined:undefined:undefined":2,"s:8:4:8:Infinity":4,"s:8:23:8:Infinity":5,"b:9:4:9:Infinity:undefined:undefined:undefined:undefined":3,"s:9:4:9:Infinity":6,"s:9:26:9:Infinity":7,"b:10:4:10:Infinity:undefined:undefined:undefined:undefined":4,"s:10:4:10:Infinity":8,"s:10:23:10:Infinity":9,"b:11:4:11:Infinity:undefined:undefined:undefined:undefined":5,"s:11:4:11:Infinity":10,"s:11:20:11:Infinity":11,"b:12:4:12:Infinity:undefined:undefined:undefined:undefined":6,"s:12:4:12:Infinity":12,"s:12:24:12:Infinity":13,"b:13:4:13:Infinity:undefined:undefined:undefined:undefined":7,"s:13:4:13:Infinity":14,"s:13:29:13:Infinity":15}}}
}
