{"/home/dashron/Code/feedback/src/api.ts": {"path":"/home/dashron/Code/feedback/src/api.ts","statementMap":{"0":{"start":{"line":4,"column":30},"end":{"line":4,"column":null}},"1":{"start":{"line":6,"column":24},"end":{"line":6,"column":null}},"2":{"start":{"line":15,"column":42},"end":{"line":18,"column":null}},"3":{"start":{"line":20,"column":4},"end":{"line":21,"column":null}},"4":{"start":{"line":21,"column":8},"end":{"line":21,"column":null}},"5":{"start":{"line":24,"column":4},"end":{"line":25,"column":null}},"6":{"start":{"line":25,"column":8},"end":{"line":25,"column":null}},"7":{"start":{"line":28,"column":4},"end":{"line":32,"column":null}},"8":{"start":{"line":29,"column":8},"end":{"line":32,"column":null}},"9":{"start":{"line":35,"column":23},"end":{"line":35,"column":44}},"10":{"start":{"line":36,"column":22},"end":{"line":36,"column":66}},"11":{"start":{"line":36,"column":39},"end":{"line":36,"column":57}},"12":{"start":{"line":38,"column":4},"end":{"line":51,"column":null}},"13":{"start":{"line":39,"column":8},"end":{"line":49,"column":null}},"14":{"start":{"line":51,"column":8},"end":{"line":51,"column":null}},"15":{"start":{"line":54,"column":4},"end":{"line":56,"column":null}},"16":{"start":{"line":55,"column":55},"end":{"line":55,"column":89}},"17":{"start":{"line":55,"column":85},"end":{"line":55,"column":87}},"18":{"start":{"line":56,"column":8},"end":{"line":56,"column":null}},"19":{"start":{"line":59,"column":4},"end":{"line":59,"column":null}}},"fnMap":{"0":{"name":"submitFeedback","decl":{"start":{"line":8,"column":22},"end":{"line":8,"column":null}},"loc":{"start":{"line":14,"column":27},"end":{"line":59,"column":null}},"line":14},"1":{"name":"(anonymous_1)","decl":{"start":{"line":36,"column":22},"end":{"line":36,"column":39}},"loc":{"start":{"line":36,"column":39},"end":{"line":36,"column":57}},"line":36},"2":{"name":"(anonymous_2)","decl":{"start":{"line":55,"column":72},"end":{"line":55,"column":85}},"loc":{"start":{"line":55,"column":85},"end":{"line":55,"column":87}},"line":55}},"branchMap":{"0":{"loc":{"start":{"line":20,"column":4},"end":{"line":21,"column":null}},"type":"if","locations":[{"start":{"line":20,"column":4},"end":{"line":21,"column":null}},{"start":{},"end":{}}],"line":20},"1":{"loc":{"start":{"line":24,"column":4},"end":{"line":25,"column":null}},"type":"if","locations":[{"start":{"line":24,"column":4},"end":{"line":25,"column":null}},{"start":{},"end":{}}],"line":24},"2":{"loc":{"start":{"line":28,"column":4},"end":{"line":32,"column":null}},"type":"if","locations":[{"start":{"line":28,"column":4},"end":{"line":32,"column":null}},{"start":{},"end":{}}],"line":28},"3":{"loc":{"start":{"line":39,"column":26},"end":{"line":39,"column":53}},"type":"binary-expr","locations":[{"start":{"line":39,"column":26},"end":{"line":39,"column":36}},{"start":{"line":39,"column":36},"end":{"line":39,"column":53}}],"line":39},"4":{"loc":{"start":{"line":54,"column":4},"end":{"line":56,"column":null}},"type":"if","locations":[{"start":{"line":54,"column":4},"end":{"line":56,"column":null}},{"start":{},"end":{}}],"line":54},"5":{"loc":{"start":{"line":56,"column":24},"end":{"line":56,"column":87}},"type":"binary-expr","locations":[{"start":{"line":56,"column":24},"end":{"line":56,"column":48}},{"start":{"line":56,"column":48},"end":{"line":56,"column":87}}],"line":56}},"s":{"0":2,"1":2,"2":12,"3":12,"4":1,"5":12,"6":0,"7":12,"8":1,"9":12,"10":12,"11":0,"12":12,"13":12,"14":12,"15":12,"16":2,"17":1,"18":2,"19":10},"f":{"0":12,"1":0,"2":1},"b":{"0":[1,11],"1":[0,12],"2":[1,11],"3":[12,11],"4":[2,10],"5":[2,1]},"meta":{"lastBranch":6,"lastFunction":3,"lastStatement":20,"seen":{"s:4:30:4:Infinity":0,"s:6:24:6:Infinity":1,"f:8:22:8:Infinity":0,"s:15:42:18:Infinity":2,"b:20:4:21:Infinity:undefined:undefined:undefined:undefined":0,"s:20:4:21:Infinity":3,"s:21:8:21:Infinity":4,"b:24:4:25:Infinity:undefined:undefined:undefined:undefined":1,"s:24:4:25:Infinity":5,"s:25:8:25:Infinity":6,"b:28:4:32:Infinity:undefined:undefined:undefined:undefined":2,"s:28:4:32:Infinity":7,"s:29:8:32:Infinity":8,"s:35:23:35:44":9,"s:36:22:36:66":10,"f:36:22:36:39":1,"s:36:39:36:57":11,"s:38:4:51:Infinity":12,"s:39:8:49:Infinity":13,"b:39:26:39:36:39:36:39:53":3,"s:51:8:51:Infinity":14,"b:54:4:56:Infinity:undefined:undefined:undefined:undefined":4,"s:54:4:56:Infinity":15,"s:55:55:55:89":16,"f:55:72:55:85":2,"s:55:85:55:87":17,"s:56:8:56:Infinity":18,"b:56:24:56:48:56:48:56:87":5,"s:59:4:59:Infinity":19}}}
,"/home/dashron/Code/feedback/src/bar.css": {"path":"/home/dashron/Code/feedback/src/bar.css","statementMap":{},"fnMap":{},"branchMap":{},"s":{},"f":{},"b":{},"meta":{"lastBranch":0,"lastFunction":0,"lastStatement":0,"seen":{}}}
,"/home/dashron/Code/feedback/src/bar.ts": {"path":"/home/dashron/Code/feedback/src/bar.ts","statementMap":{"0":{"start":{"line":5,"column":16},"end":{"line":5,"column":77}},"1":{"start":{"line":6,"column":4},"end":{"line":6,"column":null}},"2":{"start":{"line":7,"column":4},"end":{"line":7,"column":null}},"3":{"start":{"line":8,"column":4},"end":{"line":8,"column":null}},"4":{"start":{"line":9,"column":4},"end":{"line":9,"column":null}},"5":{"start":{"line":10,"column":4},"end":{"line":10,"column":null}},"6":{"start":{"line":11,"column":4},"end":{"line":11,"column":null}},"7":{"start":{"line":12,"column":15},"end":{"line":12,"column":77}},"8":{"start":{"line":13,"column":4},"end":{"line":13,"column":null}},"9":{"start":{"line":14,"column":4},"end":{"line":14,"column":null}},"10":{"start":{"line":15,"column":4},"end":{"line":15,"column":null}},"11":{"start":{"line":19,"column":17},"end":{"line":19,"column":null}},"12":{"start":{"line":20,"column":19},"end":{"line":20,"column":null}},"13":{"start":{"line":25,"column":49},"end":{"line":27,"column":null}},"14":{"start":{"line":30,"column":8},"end":{"line":30,"column":null}},"15":{"start":{"line":30,"column":38},"end":{"line":30,"column":48}},"16":{"start":{"line":34,"column":20},"end":{"line":34,"column":49}},"17":{"start":{"line":35,"column":24},"end":{"line":36,"column":null}},"18":{"start":{"line":37,"column":4},"end":{"line":37,"column":null}},"19":{"start":{"line":39,"column":27},"end":{"line":39,"column":null}},"20":{"start":{"line":40,"column":4},"end":{"line":40,"column":null}},"21":{"start":{"line":40,"column":23},"end":{"line":40,"column":null}},"22":{"start":{"line":41,"column":4},"end":{"line":41,"column":null}},"23":{"start":{"line":41,"column":26},"end":{"line":41,"column":null}},"24":{"start":{"line":42,"column":4},"end":{"line":42,"column":null}},"25":{"start":{"line":42,"column":23},"end":{"line":42,"column":null}},"26":{"start":{"line":43,"column":4},"end":{"line":43,"column":null}},"27":{"start":{"line":43,"column":20},"end":{"line":43,"column":null}},"28":{"start":{"line":44,"column":4},"end":{"line":44,"column":null}},"29":{"start":{"line":44,"column":24},"end":{"line":44,"column":null}},"30":{"start":{"line":45,"column":4},"end":{"line":45,"column":null}},"31":{"start":{"line":45,"column":29},"end":{"line":45,"column":null}},"32":{"start":{"line":48,"column":16},"end":{"line":48,"column":45}},"33":{"start":{"line":49,"column":4},"end":{"line":49,"column":null}},"34":{"start":{"line":51,"column":22},"end":{"line":51,"column":51}},"35":{"start":{"line":52,"column":4},"end":{"line":52,"column":null}},"36":{"start":{"line":53,"column":18},"end":{"line":53,"column":48}},"37":{"start":{"line":54,"column":4},"end":{"line":54,"column":null}},"38":{"start":{"line":55,"column":4},"end":{"line":55,"column":null}},"39":{"start":{"line":56,"column":4},"end":{"line":56,"column":null}},"40":{"start":{"line":58,"column":20},"end":{"line":58,"column":49}},"41":{"start":{"line":59,"column":4},"end":{"line":59,"column":null}},"42":{"start":{"line":61,"column":18},"end":{"line":61,"column":50}},"43":{"start":{"line":62,"column":4},"end":{"line":62,"column":null}},"44":{"start":{"line":63,"column":4},"end":{"line":63,"column":null}},"45":{"start":{"line":64,"column":4},"end":{"line":64,"column":null}},"46":{"start":{"line":65,"column":4},"end":{"line":65,"column":null}},"47":{"start":{"line":67,"column":20},"end":{"line":67,"column":52}},"48":{"start":{"line":68,"column":4},"end":{"line":68,"column":null}},"49":{"start":{"line":69,"column":4},"end":{"line":69,"column":null}},"50":{"start":{"line":70,"column":4},"end":{"line":70,"column":null}},"51":{"start":{"line":71,"column":4},"end":{"line":71,"column":null}},"52":{"start":{"line":73,"column":4},"end":{"line":73,"column":null}},"53":{"start":{"line":74,"column":4},"end":{"line":74,"column":null}},"54":{"start":{"line":75,"column":4},"end":{"line":75,"column":null}},"55":{"start":{"line":75,"column":36},"end":{"line":75,"column":null}},"56":{"start":{"line":76,"column":4},"end":{"line":76,"column":null}},"57":{"start":{"line":79,"column":20},"end":{"line":79,"column":49}},"58":{"start":{"line":80,"column":4},"end":{"line":80,"column":null}},"59":{"start":{"line":81,"column":4},"end":{"line":81,"column":null}},"60":{"start":{"line":82,"column":4},"end":{"line":82,"column":null}},"61":{"start":{"line":84,"column":26},"end":{"line":84,"column":55}},"62":{"start":{"line":85,"column":4},"end":{"line":85,"column":null}},"63":{"start":{"line":87,"column":25},"end":{"line":87,"column":52}},"64":{"start":{"line":88,"column":4},"end":{"line":88,"column":null}},"65":{"start":{"line":89,"column":4},"end":{"line":89,"column":null}},"66":{"start":{"line":90,"column":4},"end":{"line":90,"column":null}},"67":{"start":{"line":92,"column":24},"end":{"line":92,"column":53}},"68":{"start":{"line":93,"column":4},"end":{"line":93,"column":null}},"69":{"start":{"line":95,"column":21},"end":{"line":95,"column":55}},"70":{"start":{"line":96,"column":4},"end":{"line":96,"column":null}},"71":{"start":{"line":97,"column":4},"end":{"line":97,"column":null}},"72":{"start":{"line":98,"column":4},"end":{"line":98,"column":null}},"73":{"start":{"line":100,"column":20},"end":{"line":100,"column":47}},"74":{"start":{"line":101,"column":4},"end":{"line":101,"column":null}},"75":{"start":{"line":103,"column":22},"end":{"line":103,"column":49}},"76":{"start":{"line":104,"column":4},"end":{"line":104,"column":null}},"77":{"start":{"line":106,"column":22},"end":{"line":106,"column":54}},"78":{"start":{"line":107,"column":4},"end":{"line":107,"column":null}},"79":{"start":{"line":108,"column":4},"end":{"line":108,"column":null}},"80":{"start":{"line":109,"column":4},"end":{"line":109,"column":null}},"81":{"start":{"line":111,"column":4},"end":{"line":111,"column":null}},"82":{"start":{"line":113,"column":4},"end":{"line":119,"column":null}},"83":{"start":{"line":114,"column":27},"end":{"line":114,"column":58}},"84":{"start":{"line":115,"column":8},"end":{"line":115,"column":null}},"85":{"start":{"line":116,"column":8},"end":{"line":116,"column":null}},"86":{"start":{"line":117,"column":8},"end":{"line":117,"column":null}},"87":{"start":{"line":118,"column":8},"end":{"line":118,"column":null}},"88":{"start":{"line":119,"column":8},"end":{"line":119,"column":null}},"89":{"start":{"line":122,"column":4},"end":{"line":122,"column":null}},"90":{"start":{"line":123,"column":4},"end":{"line":123,"column":null}},"91":{"start":{"line":124,"column":4},"end":{"line":124,"column":null}},"92":{"start":{"line":126,"column":4},"end":{"line":126,"column":null}},"93":{"start":{"line":127,"column":4},"end":{"line":127,"column":null}},"94":{"start":{"line":129,"column":4},"end":{"line":129,"column":null}},"95":{"start":{"line":130,"column":4},"end":{"line":130,"column":null}},"96":{"start":{"line":134,"column":8},"end":{"line":134,"column":null}},"97":{"start":{"line":135,"column":8},"end":{"line":135,"column":null}},"98":{"start":{"line":136,"column":8},"end":{"line":136,"column":null}},"99":{"start":{"line":137,"column":8},"end":{"line":137,"column":null}},"100":{"start":{"line":138,"column":8},"end":{"line":138,"column":null}},"101":{"start":{"line":139,"column":8},"end":{"line":139,"column":null}},"102":{"start":{"line":139,"column":25},"end":{"line":139,"column":79}},"103":{"start":{"line":140,"column":8},"end":{"line":140,"column":null}},"104":{"start":{"line":141,"column":8},"end":{"line":141,"column":null}},"105":{"start":{"line":145,"column":8},"end":{"line":145,"column":null}},"106":{"start":{"line":146,"column":8},"end":{"line":146,"column":null}},"107":{"start":{"line":147,"column":8},"end":{"line":147,"column":null}},"108":{"start":{"line":148,"column":8},"end":{"line":148,"column":null}},"109":{"start":{"line":149,"column":8},"end":{"line":149,"column":null}},"110":{"start":{"line":153,"column":8},"end":{"line":153,"column":null}},"111":{"start":{"line":154,"column":8},"end":{"line":154,"column":null}},"112":{"start":{"line":155,"column":8},"end":{"line":155,"column":null}},"113":{"start":{"line":159,"column":8},"end":{"line":159,"column":null}},"114":{"start":{"line":159,"column":49},"end":{"line":159,"column":null}},"115":{"start":{"line":163,"column":8},"end":{"line":163,"column":null}},"116":{"start":{"line":163,"column":32},"end":{"line":163,"column":null}},"117":{"start":{"line":167,"column":28},"end":{"line":167,"column":49}},"118":{"start":{"line":168,"column":8},"end":{"line":170,"column":null}},"119":{"start":{"line":169,"column":12},"end":{"line":169,"column":null}},"120":{"start":{"line":170,"column":12},"end":{"line":170,"column":null}},"121":{"start":{"line":173,"column":8},"end":{"line":173,"column":null}},"122":{"start":{"line":174,"column":8},"end":{"line":174,"column":null}},"123":{"start":{"line":175,"column":8},"end":{"line":175,"column":null}},"124":{"start":{"line":177,"column":27},"end":{"line":177,"column":83}},"125":{"start":{"line":178,"column":22},"end":{"line":178,"column":null}},"126":{"start":{"line":180,"column":8},"end":{"line":190,"column":null}},"127":{"start":{"line":181,"column":27},"end":{"line":181,"column":130}},"128":{"start":{"line":182,"column":12},"end":{"line":182,"column":null}},"129":{"start":{"line":183,"column":12},"end":{"line":183,"column":null}},"130":{"start":{"line":184,"column":12},"end":{"line":184,"column":null}},"131":{"start":{"line":185,"column":12},"end":{"line":185,"column":null}},"132":{"start":{"line":185,"column":31},"end":{"line":185,"column":47}},"133":{"start":{"line":185,"column":47},"end":{"line":185,"column":68}},"134":{"start":{"line":187,"column":12},"end":{"line":187,"column":null}},"135":{"start":{"line":188,"column":12},"end":{"line":188,"column":null}},"136":{"start":{"line":189,"column":12},"end":{"line":189,"column":null}},"137":{"start":{"line":190,"column":12},"end":{"line":190,"column":null}},"138":{"start":{"line":195,"column":8},"end":{"line":195,"column":null}},"139":{"start":{"line":196,"column":8},"end":{"line":196,"column":null}},"140":{"start":{"line":197,"column":8},"end":{"line":197,"column":null}},"141":{"start":{"line":200,"column":4},"end":{"line":200,"column":null}},"142":{"start":{"line":200,"column":44},"end":{"line":200,"column":85}},"143":{"start":{"line":200,"column":85},"end":{"line":200,"column":103}},"144":{"start":{"line":200,"column":103},"end":{"line":200,"column":130}},"145":{"start":{"line":201,"column":4},"end":{"line":201,"column":null}},"146":{"start":{"line":201,"column":46},"end":{"line":201,"column":87}},"147":{"start":{"line":201,"column":87},"end":{"line":201,"column":107}},"148":{"start":{"line":201,"column":107},"end":{"line":201,"column":134}},"149":{"start":{"line":202,"column":4},"end":{"line":202,"column":null}},"150":{"start":{"line":204,"column":4},"end":{"line":213,"column":null}},"151":{"start":{"line":207,"column":12},"end":{"line":207,"column":null}},"152":{"start":{"line":210,"column":12},"end":{"line":210,"column":null}},"153":{"start":{"line":211,"column":12},"end":{"line":211,"column":null}}},"fnMap":{"0":{"name":"svgIcon","decl":{"start":{"line":4,"column":9},"end":{"line":4,"column":17}},"loc":{"start":{"line":4,"column":43},"end":{"line":15,"column":null}},"line":4},"1":{"name":"createFeedbackBar","decl":{"start":{"line":22,"column":16},"end":{"line":22,"column":34}},"loc":{"start":{"line":22,"column":82},"end":{"line":213,"column":null}},"line":22},"2":{"name":"emit","decl":{"start":{"line":29,"column":13},"end":{"line":29,"column":18}},"loc":{"start":{"line":29,"column":52},"end":{"line":30,"column":null}},"line":29},"3":{"name":"(anonymous_3)","decl":{"start":{"line":30,"column":25},"end":{"line":30,"column":33}},"loc":{"start":{"line":30,"column":38},"end":{"line":30,"column":48}},"line":30},"4":{"name":"openPopover","decl":{"start":{"line":133,"column":13},"end":{"line":133,"column":25}},"loc":{"start":{"line":133,"column":61},"end":{"line":141,"column":null}},"line":133},"5":{"name":"(anonymous_5)","decl":{"start":{"line":139,"column":8},"end":{"line":139,"column":25}},"loc":{"start":{"line":139,"column":25},"end":{"line":139,"column":79}},"line":139},"6":{"name":"closePopover","decl":{"start":{"line":144,"column":13},"end":{"line":144,"column":28}},"loc":{"start":{"line":144,"column":28},"end":{"line":149,"column":null}},"line":144},"7":{"name":"clearSelection","decl":{"start":{"line":152,"column":13},"end":{"line":152,"column":30}},"loc":{"start":{"line":152,"column":30},"end":{"line":155,"column":null}},"line":152},"8":{"name":"handleOutsideClick","decl":{"start":{"line":158,"column":13},"end":{"line":158,"column":32}},"loc":{"start":{"line":158,"column":47},"end":{"line":159,"column":null}},"line":158},"9":{"name":"handleKeydown","decl":{"start":{"line":162,"column":13},"end":{"line":162,"column":27}},"loc":{"start":{"line":162,"column":45},"end":{"line":163,"column":null}},"line":162},"10":{"name":"handleSubmit","decl":{"start":{"line":166,"column":19},"end":{"line":166,"column":34}},"loc":{"start":{"line":166,"column":34},"end":{"line":190,"column":null}},"line":166},"11":{"name":"(anonymous_11)","decl":{"start":{"line":185,"column":12},"end":{"line":185,"column":29}},"loc":{"start":{"line":185,"column":29},"end":{"line":185,"column":73}},"line":185},"12":{"name":"setActive","decl":{"start":{"line":194,"column":13},"end":{"line":194,"column":23}},"loc":{"start":{"line":194,"column":47},"end":{"line":197,"column":null}},"line":194},"13":{"name":"(anonymous_13)","decl":{"start":{"line":200,"column":27},"end":{"line":200,"column":42}},"loc":{"start":{"line":200,"column":42},"end":{"line":200,"column":null}},"line":200},"14":{"name":"(anonymous_14)","decl":{"start":{"line":201,"column":29},"end":{"line":201,"column":44}},"loc":{"start":{"line":201,"column":44},"end":{"line":201,"column":null}},"line":201},"15":{"name":"(anonymous_15)","decl":{"start":{"line":206,"column":8},"end":{"line":206,"column":11}},"loc":{"start":{"line":206,"column":27},"end":{"line":207,"column":null}},"line":206},"16":{"name":"(anonymous_16)","decl":{"start":{"line":209,"column":8},"end":{"line":209,"column":18}},"loc":{"start":{"line":209,"column":18},"end":{"line":211,"column":null}},"line":209}},"branchMap":{"0":{"loc":{"start":{"line":35,"column":24},"end":{"line":36,"column":null}},"type":"cond-expr","locations":[{"start":{"line":35,"column":56},"end":{"line":35,"column":null}},{"start":{"line":36,"column":24},"end":{"line":36,"column":null}}],"line":35},"1":{"loc":{"start":{"line":36,"column":24},"end":{"line":36,"column":null}},"type":"cond-expr","locations":[{"start":{"line":36,"column":57},"end":{"line":36,"column":77}},{"start":{"line":36,"column":77},"end":{"line":36,"column":null}}],"line":36},"2":{"loc":{"start":{"line":37,"column":44},"end":{"line":37,"column":108}},"type":"cond-expr","locations":[{"start":{"line":37,"column":75},"end":{"line":37,"column":102}},{"start":{"line":37,"column":102},"end":{"line":37,"column":108}}],"line":37},"3":{"loc":{"start":{"line":39,"column":12},"end":{"line":39,"column":22}},"type":"default-arg","locations":[{"start":{"line":39,"column":20},"end":{"line":39,"column":22}}],"line":39},"4":{"loc":{"start":{"line":40,"column":4},"end":{"line":40,"column":null}},"type":"if","locations":[{"start":{"line":40,"column":4},"end":{"line":40,"column":null}},{"start":{},"end":{}}],"line":40},"5":{"loc":{"start":{"line":41,"column":4},"end":{"line":41,"column":null}},"type":"if","locations":[{"start":{"line":41,"column":4},"end":{"line":41,"column":null}},{"start":{},"end":{}}],"line":41},"6":{"loc":{"start":{"line":42,"column":4},"end":{"line":42,"column":null}},"type":"if","locations":[{"start":{"line":42,"column":4},"end":{"line":42,"column":null}},{"start":{},"end":{}}],"line":42},"7":{"loc":{"start":{"line":43,"column":4},"end":{"line":43,"column":null}},"type":"if","locations":[{"start":{"line":43,"column":4},"end":{"line":43,"column":null}},{"start":{},"end":{}}],"line":43},"8":{"loc":{"start":{"line":44,"column":4},"end":{"line":44,"column":null}},"type":"if","locations":[{"start":{"line":44,"column":4},"end":{"line":44,"column":null}},{"start":{},"end":{}}],"line":44},"9":{"loc":{"start":{"line":45,"column":4},"end":{"line":45,"column":null}},"type":"if","locations":[{"start":{"line":45,"column":4},"end":{"line":45,"column":null}},{"start":{},"end":{}}],"line":45},"10":{"loc":{"start":{"line":55,"column":24},"end":{"line":55,"column":null}},"type":"binary-expr","locations":[{"start":{"line":55,"column":24},"end":{"line":55,"column":40}},{"start":{"line":55,"column":40},"end":{"line":55,"column":null}}],"line":55},"11":{"loc":{"start":{"line":59,"column":44},"end":{"line":59,"column":null}},"type":"cond-expr","locations":[{"start":{"line":59,"column":73},"end":{"line":59,"column":103}},{"start":{"line":59,"column":103},"end":{"line":59,"column":null}}],"line":59},"12":{"loc":{"start":{"line":75,"column":4},"end":{"line":75,"column":null}},"type":"if","locations":[{"start":{"line":75,"column":4},"end":{"line":75,"column":null}},{"start":{},"end":{}}],"line":75},"13":{"loc":{"start":{"line":89,"column":31},"end":{"line":89,"column":null}},"type":"binary-expr","locations":[{"start":{"line":89,"column":31},"end":{"line":89,"column":52}},{"start":{"line":89,"column":52},"end":{"line":89,"column":null}}],"line":89},"14":{"loc":{"start":{"line":97,"column":27},"end":{"line":97,"column":null}},"type":"binary-expr","locations":[{"start":{"line":97,"column":27},"end":{"line":97,"column":54}},{"start":{"line":97,"column":54},"end":{"line":97,"column":null}}],"line":97},"15":{"loc":{"start":{"line":113,"column":4},"end":{"line":119,"column":null}},"type":"if","locations":[{"start":{"line":113,"column":4},"end":{"line":119,"column":null}},{"start":{},"end":{}}],"line":113},"16":{"loc":{"start":{"line":159,"column":8},"end":{"line":159,"column":null}},"type":"if","locations":[{"start":{"line":159,"column":8},"end":{"line":159,"column":null}},{"start":{},"end":{}}],"line":159},"17":{"loc":{"start":{"line":163,"column":8},"end":{"line":163,"column":null}},"type":"if","locations":[{"start":{"line":163,"column":8},"end":{"line":163,"column":null}},{"start":{},"end":{}}],"line":163},"18":{"loc":{"start":{"line":168,"column":8},"end":{"line":170,"column":null}},"type":"if","locations":[{"start":{"line":168,"column":8},"end":{"line":170,"column":null}},{"start":{},"end":{}}],"line":168},"19":{"loc":{"start":{"line":178,"column":22},"end":{"line":178,"column":null}},"type":"binary-expr","locations":[{"start":{"line":178,"column":22},"end":{"line":178,"column":46}},{"start":{"line":178,"column":50},"end":{"line":178,"column":null}}],"line":178},"20":{"loc":{"start":{"line":187,"column":26},"end":{"line":187,"column":89}},"type":"cond-expr","locations":[{"start":{"line":187,"column":49},"end":{"line":187,"column":55}},{"start":{"line":187,"column":55},"end":{"line":187,"column":89}}],"line":187},"21":{"loc":{"start":{"line":188,"column":34},"end":{"line":188,"column":null}},"type":"cond-expr","locations":[{"start":{"line":188,"column":57},"end":{"line":188,"column":71}},{"start":{"line":188,"column":71},"end":{"line":188,"column":null}}],"line":188}},"s":{"0":84,"1":84,"2":84,"3":84,"4":84,"5":84,"6":84,"7":84,"8":84,"9":84,"10":84,"11":1,"12":1,"13":42,"14":95,"15":8,"16":42,"17":42,"18":42,"19":42,"20":42,"21":1,"22":42,"23":1,"24":42,"25":1,"26":42,"27":1,"28":42,"29":0,"30":42,"31":0,"32":42,"33":42,"34":42,"35":42,"36":42,"37":42,"38":42,"39":42,"40":42,"41":42,"42":42,"43":42,"44":42,"45":42,"46":42,"47":42,"48":42,"49":42,"50":42,"51":42,"52":42,"53":42,"54":42,"55":41,"56":42,"57":42,"58":42,"59":42,"60":42,"61":42,"62":42,"63":42,"64":42,"65":42,"66":42,"67":42,"68":42,"69":42,"70":42,"71":42,"72":42,"73":42,"74":42,"75":42,"76":42,"77":42,"78":42,"79":42,"80":42,"81":42,"82":42,"83":41,"84":41,"85":41,"86":41,"87":41,"88":41,"89":42,"90":42,"91":42,"92":42,"93":42,"94":42,"95":42,"96":27,"97":27,"98":27,"99":27,"100":27,"101":27,"102":26,"103":27,"104":27,"105":29,"106":29,"107":29,"108":29,"109":29,"110":2,"111":2,"112":2,"113":8,"114":8,"115":19,"116":18,"117":13,"118":13,"119":1,"120":1,"121":12,"122":12,"123":12,"124":12,"125":12,"126":13,"127":13,"128":8,"129":8,"130":8,"131":8,"132":2,"133":2,"134":4,"135":4,"136":4,"137":4,"138":27,"139":27,"140":27,"141":42,"142":23,"143":23,"144":23,"145":42,"146":4,"147":4,"148":4,"149":42,"150":42,"151":8,"152":1,"153":1},"f":{"0":84,"1":42,"2":95,"3":8,"4":27,"5":26,"6":29,"7":2,"8":8,"9":19,"10":13,"11":2,"12":27,"13":23,"14":4,"15":8,"16":1},"b":{"0":[1,41],"1":[1,40],"2":[1,41],"3":[42],"4":[1,41],"5":[1,41],"6":[1,41],"7":[1,41],"8":[0,42],"9":[0,42],"10":[42,41],"11":[1,41],"12":[41,1],"13":[42,41],"14":[42,41],"15":[41,1],"16":[8,0],"17":[18,1],"18":[1,12],"19":[12,11],"20":[3,1],"21":[3,1]},"meta":{"lastBranch":22,"lastFunction":17,"lastStatement":154,"seen":{"f:4:9:4:17":0,"s:5:16:5:77":0,"s:6:4:6:Infinity":1,"s:7:4:7:Infinity":2,"s:8:4:8:Infinity":3,"s:9:4:9:Infinity":4,"s:10:4:10:Infinity":5,"s:11:4:11:Infinity":6,"s:12:15:12:77":7,"s:13:4:13:Infinity":8,"s:14:4:14:Infinity":9,"s:15:4:15:Infinity":10,"s:19:17:19:Infinity":11,"s:20:19:20:Infinity":12,"f:22:16:22:34":1,"s:25:49:27:Infinity":13,"f:29:13:29:18":2,"s:30:8:30:Infinity":14,"f:30:25:30:33":3,"s:30:38:30:48":15,"s:34:20:34:49":16,"s:35:24:36:Infinity":17,"b:35:56:35:Infinity:36:24:36:Infinity":0,"b:36:57:36:77:36:77:36:Infinity":1,"s:37:4:37:Infinity":18,"b:37:75:37:102:37:102:37:108":2,"s:39:27:39:Infinity":19,"b:39:20:39:22":3,"b:40:4:40:Infinity:undefined:undefined:undefined:undefined":4,"s:40:4:40:Infinity":20,"s:40:23:40:Infinity":21,"b:41:4:41:Infinity:undefined:undefined:undefined:undefined":5,"s:41:4:41:Infinity":22,"s:41:26:41:Infinity":23,"b:42:4:42:Infinity:undefined:undefined:undefined:undefined":6,"s:42:4:42:Infinity":24,"s:42:23:42:Infinity":25,"b:43:4:43:Infinity:undefined:undefined:undefined:undefined":7,"s:43:4:43:Infinity":26,"s:43:20:43:Infinity":27,"b:44:4:44:Infinity:undefined:undefined:undefined:undefined":8,"s:44:4:44:Infinity":28,"s:44:24:44:Infinity":29,"b:45:4:45:Infinity:undefined:undefined:undefined:undefined":9,"s:45:4:45:Infinity":30,"s:45:29:45:Infinity":31,"s:48:16:48:45":32,"s:49:4:49:Infinity":33,"s:51:22:51:51":34,"s:52:4:52:Infinity":35,"s:53:18:53:48":36,"s:54:4:54:Infinity":37,"s:55:4:55:Infinity":38,"b:55:24:55:40:55:40:55:Infinity":10,"s:56:4:56:Infinity":39,"s:58:20:58:49":40,"s:59:4:59:Infinity":41,"b:59:73:59:103:59:103:59:Infinity":11,"s:61:18:61:50":42,"s:62:4:62:Infinity":43,"s:63:4:63:Infinity":44,"s:64:4:64:Infinity":45,"s:65:4:65:Infinity":46,"s:67:20:67:52":47,"s:68:4:68:Infinity":48,"s:69:4:69:Infinity":49,"s:70:4:70:Infinity":50,"s:71:4:71:Infinity":51,"s:73:4:73:Infinity":52,"s:74:4:74:Infinity":53,"b:75:4:75:Infinity:undefined:undefined:undefined:undefined":12,"s:75:4:75:Infinity":54,"s:75:36:75:Infinity":55,"s:76:4:76:Infinity":56,"s:79:20:79:49":57,"s:80:4:80:Infinity":58,"s:81:4:81:Infinity":59,"s:82:4:82:Infinity":60,"s:84:26:84:55":61,"s:85:4:85:Infinity":62,"s:87:25:87:52":63,"s:88:4:88:Infinity":64,"s:89:4:89:Infinity":65,"b:89:31:89:52:89:52:89:Infinity":13,"s:90:4:90:Infinity":66,"s:92:24:92:53":67,"s:93:4:93:Infinity":68,"s:95:21:95:55":69,"s:96:4:96:Infinity":70,"s:97:4:97:Infinity":71,"b:97:27:97:54:97:54:97:Infinity":14,"s:98:4:98:Infinity":72,"s:100:20:100:47":73,"s:101:4:101:Infinity":74,"s:103:22:103:49":75,"s:104:4:104:Infinity":76,"s:106:22:106:54":77,"s:107:4:107:Infinity":78,"s:108:4:108:Infinity":79,"s:109:4:109:Infinity":80,"s:111:4:111:Infinity":81,"b:113:4:119:Infinity:undefined:undefined:undefined:undefined":15,"s:113:4:119:Infinity":82,"s:114:27:114:58":83,"s:115:8:115:Infinity":84,"s:116:8:116:Infinity":85,"s:117:8:117:Infinity":86,"s:118:8:118:Infinity":87,"s:119:8:119:Infinity":88,"s:122:4:122:Infinity":89,"s:123:4:123:Infinity":90,"s:124:4:124:Infinity":91,"s:126:4:126:Infinity":92,"s:127:4:127:Infinity":93,"s:129:4:129:Infinity":94,"s:130:4:130:Infinity":95,"f:133:13:133:25":4,"s:134:8:134:Infinity":96,"s:135:8:135:Infinity":97,"s:136:8:136:Infinity":98,"s:137:8:137:Infinity":99,"s:138:8:138:Infinity":100,"s:139:8:139:Infinity":101,"f:139:8:139:25":5,"s:139:25:139:79":102,"s:140:8:140:Infinity":103,"s:141:8:141:Infinity":104,"f:144:13:144:28":6,"s:145:8:145:Infinity":105,"s:146:8:146:Infinity":106,"s:147:8:147:Infinity":107,"s:148:8:148:Infinity":108,"s:149:8:149:Infinity":109,"f:152:13:152:30":7,"s:153:8:153:Infinity":110,"s:154:8:154:Infinity":111,"s:155:8:155:Infinity":112,"f:158:13:158:32":8,"b:159:8:159:Infinity:undefined:undefined:undefined:undefined":16,"s:159:8:159:Infinity":113,"s:159:49:159:Infinity":114,"f:162:13:162:27":9,"b:163:8:163:Infinity:undefined:undefined:undefined:undefined":17,"s:163:8:163:Infinity":115,"s:163:32:163:Infinity":116,"f:166:19:166:34":10,"s:167:28:167:49":117,"b:168:8:170:Infinity:undefined:undefined:undefined:undefined":18,"s:168:8:170:Infinity":118,"s:169:12:169:Infinity":119,"s:170:12:170:Infinity":120,"s:173:8:173:Infinity":121,"s:174:8:174:Infinity":122,"s:175:8:175:Infinity":123,"s:177:27:177:83":124,"s:178:22:178:Infinity":125,"b:178:22:178:46:178:50:178:Infinity":19,"s:180:8:190:Infinity":126,"s:181:27:181:130":127,"s:182:12:182:Infinity":128,"s:183:12:183:Infinity":129,"s:184:12:184:Infinity":130,"s:185:12:185:Infinity":131,"f:185:12:185:29":11,"s:185:31:185:47":132,"s:185:47:185:68":133,"s:187:12:187:Infinity":134,"b:187:49:187:55:187:55:187:89":20,"s:188:12:188:Infinity":135,"b:188:57:188:71:188:71:188:Infinity":21,"s:189:12:189:Infinity":136,"s:190:12:190:Infinity":137,"f:194:13:194:23":12,"s:195:8:195:Infinity":138,"s:196:8:196:Infinity":139,"s:197:8:197:Infinity":140,"s:200:4:200:Infinity":141,"f:200:27:200:42":13,"s:200:44:200:85":142,"s:200:85:200:103":143,"s:200:103:200:130":144,"s:201:4:201:Infinity":145,"f:201:29:201:44":14,"s:201:46:201:87":146,"s:201:87:201:107":147,"s:201:107:201:134":148,"s:202:4:202:Infinity":149,"s:204:4:213:Infinity":150,"f:206:8:206:11":15,"s:207:12:207:Infinity":151,"f:209:8:209:18":16,"s:210:12:210:Infinity":152,"s:211:12:211:Infinity":153}}}
,"/home/dashron/Code/feedback/src/index.ts": {"path":"/home/dashron/Code/feedback/src/index.ts","statementMap":{"0":{"start":{"line":9,"column":23},"end":{"line":9,"column":null}},"1":{"start":{"line":12,"column":4},"end":{"line":12,"column":null}},"2":{"start":{"line":12,"column":52},"end":{"line":12,"column":null}},"3":{"start":{"line":13,"column":18},"end":{"line":13,"column":49}},"4":{"start":{"line":14,"column":4},"end":{"line":14,"column":null}},"5":{"start":{"line":15,"column":4},"end":{"line":15,"column":null}},"6":{"start":{"line":16,"column":4},"end":{"line":16,"column":null}},"7":{"start":{"line":20,"column":4},"end":{"line":20,"column":null}},"8":{"start":{"line":20,"column":50},"end":{"line":20,"column":null}},"9":{"start":{"line":21,"column":18},"end":{"line":21,"column":49}},"10":{"start":{"line":22,"column":4},"end":{"line":22,"column":null}},"11":{"start":{"line":23,"column":4},"end":{"line":23,"column":null}},"12":{"start":{"line":24,"column":4},"end":{"line":24,"column":null}},"13":{"start":{"line":28,"column":4},"end":{"line":28,"column":null}},"14":{"start":{"line":28,"column":39},"end":{"line":28,"column":null}},"15":{"start":{"line":29,"column":10},"end":{"line":29,"column":40}},"16":{"start":{"line":31,"column":35},"end":{"line":31,"column":null}},"17":{"start":{"line":32,"column":46},"end":{"line":32,"column":null}},"18":{"start":{"line":34,"column":4},"end":{"line":38,"column":null}},"19":{"start":{"line":35,"column":8},"end":{"line":35,"column":null}},"20":{"start":{"line":36,"column":8},"end":{"line":38,"column":null}},"21":{"start":{"line":37,"column":12},"end":{"line":37,"column":null}},"22":{"start":{"line":37,"column":35},"end":{"line":37,"column":50}},"23":{"start":{"line":38,"column":12},"end":{"line":38,"column":null}},"24":{"start":{"line":42,"column":28},"end":{"line":42,"column":null}},"25":{"start":{"line":43,"column":4},"end":{"line":49,"column":null}},"26":{"start":{"line":44,"column":8},"end":{"line":47,"column":null}},"27":{"start":{"line":45,"column":12},"end":{"line":45,"column":null}},"28":{"start":{"line":46,"column":12},"end":{"line":46,"column":null}},"29":{"start":{"line":47,"column":12},"end":{"line":47,"column":null}},"30":{"start":{"line":49,"column":8},"end":{"line":49,"column":null}},"31":{"start":{"line":52,"column":4},"end":{"line":52,"column":null}},"32":{"start":{"line":56,"column":4},"end":{"line":56,"column":null}},"33":{"start":{"line":56,"column":39},"end":{"line":56,"column":null}},"34":{"start":{"line":57,"column":4},"end":{"line":57,"column":null}},"35":{"start":{"line":61,"column":47},"end":{"line":61,"column":null}},"36":{"start":{"line":64,"column":23},"end":{"line":64,"column":51}},"37":{"start":{"line":65,"column":8},"end":{"line":65,"column":null}},"38":{"start":{"line":65,"column":21},"end":{"line":65,"column":null}},"39":{"start":{"line":67,"column":33},"end":{"line":67,"column":67}},"40":{"start":{"line":68,"column":29},"end":{"line":68,"column":null}},"41":{"start":{"line":69,"column":8},"end":{"line":69,"column":null}},"42":{"start":{"line":69,"column":26},"end":{"line":69,"column":null}},"43":{"start":{"line":71,"column":26},"end":{"line":71,"column":56}},"44":{"start":{"line":72,"column":8},"end":{"line":84,"column":null}},"45":{"start":{"line":85,"column":8},"end":{"line":85,"column":null}},"46":{"start":{"line":89,"column":8},"end":{"line":89,"column":null}},"47":{"start":{"line":90,"column":8},"end":{"line":90,"column":null}},"48":{"start":{"line":94,"column":0},"end":{"line":95,"column":null}},"49":{"start":{"line":95,"column":4},"end":{"line":95,"column":null}},"50":{"start":{"line":99,"column":20},"end":{"line":99,"column":null}},"51":{"start":{"line":100,"column":0},"end":{"line":100,"column":null}},"52":{"start":{"line":103,"column":1},"end":{"line":125,"column":null}},"53":{"start":{"line":104,"column":19},"end":{"line":104,"column":null}},"54":{"start":{"line":105,"column":4},"end":{"line":105,"column":null}},"55":{"start":{"line":105,"column":17},"end":{"line":105,"column":null}},"56":{"start":{"line":107,"column":25},"end":{"line":107,"column":null}},"57":{"start":{"line":108,"column":24},"end":{"line":108,"column":null}},"58":{"start":{"line":109,"column":21},"end":{"line":122,"column":6}},"59":{"start":{"line":124,"column":5},"end":{"line":124,"column":null}}},"fnMap":{"0":{"name":"injectModalStyles","decl":{"start":{"line":11,"column":9},"end":{"line":11,"column":35}},"loc":{"start":{"line":11,"column":35},"end":{"line":16,"column":null}},"line":11},"1":{"name":"injectBarStyles","decl":{"start":{"line":19,"column":9},"end":{"line":19,"column":33}},"loc":{"start":{"line":19,"column":33},"end":{"line":24,"column":null}},"line":19},"2":{"name":"init","decl":{"start":{"line":27,"column":9},"end":{"line":27,"column":14}},"loc":{"start":{"line":27,"column":52},"end":{"line":52,"column":null}},"line":27},"3":{"name":"(anonymous_3)","decl":{"start":{"line":37,"column":12},"end":{"line":37,"column":35}},"loc":{"start":{"line":37,"column":35},"end":{"line":37,"column":50}},"line":37},"4":{"name":"(anonymous_4)","decl":{"start":{"line":43,"column":13},"end":{"line":43,"column":29}},"loc":{"start":{"line":43,"column":29},"end":{"line":49,"column":null}},"line":43},"5":{"name":"createBar","decl":{"start":{"line":55,"column":9},"end":{"line":55,"column":19}},"loc":{"start":{"line":55,"column":67},"end":{"line":57,"column":null}},"line":55},"6":{"name":"(anonymous_6)","decl":{"start":{"line":63,"column":4},"end":{"line":63,"column":24}},"loc":{"start":{"line":63,"column":24},"end":{"line":85,"column":null}},"line":63},"7":{"name":"(anonymous_7)","decl":{"start":{"line":88,"column":4},"end":{"line":88,"column":27}},"loc":{"start":{"line":88,"column":27},"end":{"line":90,"column":null}},"line":88},"8":{"name":"autoInit","decl":{"start":{"line":103,"column":10},"end":{"line":103,"column":21}},"loc":{"start":{"line":103,"column":21},"end":{"line":125,"column":null}},"line":103}},"branchMap":{"0":{"loc":{"start":{"line":12,"column":4},"end":{"line":12,"column":null}},"type":"if","locations":[{"start":{"line":12,"column":4},"end":{"line":12,"column":null}},{"start":{},"end":{}}],"line":12},"1":{"loc":{"start":{"line":20,"column":4},"end":{"line":20,"column":null}},"type":"if","locations":[{"start":{"line":20,"column":4},"end":{"line":20,"column":null}},{"start":{},"end":{}}],"line":20},"2":{"loc":{"start":{"line":28,"column":4},"end":{"line":28,"column":null}},"type":"if","locations":[{"start":{"line":28,"column":4},"end":{"line":28,"column":null}},{"start":{},"end":{}}],"line":28},"3":{"loc":{"start":{"line":34,"column":4},"end":{"line":38,"column":null}},"type":"if","locations":[{"start":{"line":34,"column":4},"end":{"line":38,"column":null}},{"start":{},"end":{}}],"line":34},"4":{"loc":{"start":{"line":36,"column":8},"end":{"line":38,"column":null}},"type":"if","locations":[{"start":{"line":36,"column":8},"end":{"line":38,"column":null}},{"start":{},"end":{}}],"line":36},"5":{"loc":{"start":{"line":44,"column":8},"end":{"line":47,"column":null}},"type":"if","locations":[{"start":{"line":44,"column":8},"end":{"line":47,"column":null}},{"start":{},"end":{}}],"line":44},"6":{"loc":{"start":{"line":44,"column":12},"end":{"line":44,"column":40}},"type":"binary-expr","locations":[{"start":{"line":44,"column":12},"end":{"line":44,"column":24}},{"start":{"line":44,"column":24},"end":{"line":44,"column":40}}],"line":44},"7":{"loc":{"start":{"line":56,"column":4},"end":{"line":56,"column":null}},"type":"if","locations":[{"start":{"line":56,"column":4},"end":{"line":56,"column":null}},{"start":{},"end":{}}],"line":56},"8":{"loc":{"start":{"line":65,"column":8},"end":{"line":65,"column":null}},"type":"if","locations":[{"start":{"line":65,"column":8},"end":{"line":65,"column":null}},{"start":{},"end":{}}],"line":65},"9":{"loc":{"start":{"line":68,"column":29},"end":{"line":68,"column":null}},"type":"cond-expr","locations":[{"start":{"line":68,"column":57},"end":{"line":68,"column":64}},{"start":{"line":68,"column":64},"end":{"line":68,"column":null}}],"line":68},"10":{"loc":{"start":{"line":69,"column":8},"end":{"line":69,"column":null}},"type":"if","locations":[{"start":{"line":69,"column":8},"end":{"line":69,"column":null}},{"start":{},"end":{}}],"line":69},"11":{"loc":{"start":{"line":74,"column":20},"end":{"line":74,"column":null}},"type":"binary-expr","locations":[{"start":{"line":74,"column":20},"end":{"line":74,"column":48}},{"start":{"line":74,"column":52},"end":{"line":74,"column":null}}],"line":74},"12":{"loc":{"start":{"line":75,"column":19},"end":{"line":75,"column":null}},"type":"binary-expr","locations":[{"start":{"line":75,"column":19},"end":{"line":75,"column":45}},{"start":{"line":75,"column":49},"end":{"line":75,"column":null}}],"line":75},"13":{"loc":{"start":{"line":76,"column":23},"end":{"line":76,"column":null}},"type":"cond-expr","locations":[{"start":{"line":76,"column":47},"end":{"line":76,"column":57}},{"start":{"line":76,"column":57},"end":{"line":76,"column":null}}],"line":76},"14":{"loc":{"start":{"line":78,"column":25},"end":{"line":78,"column":null}},"type":"binary-expr","locations":[{"start":{"line":78,"column":25},"end":{"line":78,"column":59}},{"start":{"line":78,"column":63},"end":{"line":78,"column":null}}],"line":78},"15":{"loc":{"start":{"line":79,"column":28},"end":{"line":79,"column":null}},"type":"binary-expr","locations":[{"start":{"line":79,"column":28},"end":{"line":79,"column":65}},{"start":{"line":79,"column":69},"end":{"line":79,"column":null}}],"line":79},"16":{"loc":{"start":{"line":80,"column":22},"end":{"line":80,"column":null}},"type":"binary-expr","locations":[{"start":{"line":80,"column":22},"end":{"line":80,"column":53}},{"start":{"line":80,"column":57},"end":{"line":80,"column":null}}],"line":80},"17":{"loc":{"start":{"line":81,"column":26},"end":{"line":81,"column":null}},"type":"binary-expr","locations":[{"start":{"line":81,"column":26},"end":{"line":81,"column":61}},{"start":{"line":81,"column":65},"end":{"line":81,"column":null}}],"line":81},"18":{"loc":{"start":{"line":82,"column":31},"end":{"line":82,"column":null}},"type":"binary-expr","locations":[{"start":{"line":82,"column":31},"end":{"line":82,"column":72}},{"start":{"line":82,"column":76},"end":{"line":82,"column":null}}],"line":82},"19":{"loc":{"start":{"line":94,"column":0},"end":{"line":95,"column":null}},"type":"if","locations":[{"start":{"line":94,"column":0},"end":{"line":95,"column":null}},{"start":{},"end":{}}],"line":94},"20":{"loc":{"start":{"line":105,"column":4},"end":{"line":105,"column":null}},"type":"if","locations":[{"start":{"line":105,"column":4},"end":{"line":105,"column":null}},{"start":{},"end":{}}],"line":105},"21":{"loc":{"start":{"line":113,"column":22},"end":{"line":113,"column":null}},"type":"cond-expr","locations":[{"start":{"line":113,"column":51},"end":{"line":113,"column":58}},{"start":{"line":113,"column":58},"end":{"line":113,"column":null}}],"line":113}},"s":{"0":1,"1":7,"2":1,"3":6,"4":6,"5":6,"6":6,"7":7,"8":0,"9":7,"10":7,"11":7,"12":7,"13":8,"14":7,"15":8,"16":8,"17":8,"18":8,"19":2,"20":2,"21":1,"22":1,"23":1,"24":8,"25":8,"26":0,"27":0,"28":0,"29":0,"30":0,"31":8,"32":3,"33":3,"34":3,"35":5,"36":5,"37":5,"38":1,"39":4,"40":4,"41":5,"42":4,"43":4,"44":4,"45":5,"46":4,"47":4,"48":1,"49":1,"50":1,"51":1,"52":1,"53":1,"54":1,"55":1,"56":0,"57":1,"58":1,"59":1},"f":{"0":7,"1":7,"2":8,"3":1,"4":0,"5":3,"6":5,"7":4,"8":1},"b":{"0":[1,6],"1":[0,7],"2":[7,1],"3":[2,6],"4":[1,1],"5":[0,0],"6":[0,0],"7":[3,0],"8":[1,4],"9":[4,0],"10":[4,1],"11":[4,4],"12":[5,4],"13":[1,3],"14":[5,4],"15":[5,4],"16":[5,4],"17":[5,4],"18":[5,4],"19":[1,0],"20":[1,0],"21":[0,0]},"meta":{"lastBranch":22,"lastFunction":9,"lastStatement":60,"seen":{"s:9:23:9:Infinity":0,"f:11:9:11:35":0,"b:12:4:12:Infinity:undefined:undefined:undefined:undefined":0,"s:12:4:12:Infinity":1,"s:12:52:12:Infinity":2,"s:13:18:13:49":3,"s:14:4:14:Infinity":4,"s:15:4:15:Infinity":5,"s:16:4:16:Infinity":6,"f:19:9:19:33":1,"b:20:4:20:Infinity:undefined:undefined:undefined:undefined":1,"s:20:4:20:Infinity":7,"s:20:50:20:Infinity":8,"s:21:18:21:49":9,"s:22:4:22:Infinity":10,"s:23:4:23:Infinity":11,"s:24:4:24:Infinity":12,"f:27:9:27:14":2,"b:28:4:28:Infinity:undefined:undefined:undefined:undefined":2,"s:28:4:28:Infinity":13,"s:28:39:28:Infinity":14,"s:29:10:29:40":15,"s:31:35:31:Infinity":16,"s:32:46:32:Infinity":17,"b:34:4:38:Infinity:undefined:undefined:undefined:undefined":3,"s:34:4:38:Infinity":18,"s:35:8:35:Infinity":19,"b:36:8:38:Infinity:undefined:undefined:undefined:undefined":4,"s:36:8:38:Infinity":20,"s:37:12:37:Infinity":21,"f:37:12:37:35":3,"s:37:35:37:50":22,"s:38:12:38:Infinity":23,"s:42:28:42:Infinity":24,"s:43:4:49:Infinity":25,"f:43:13:43:29":4,"b:44:8:47:Infinity:undefined:undefined:undefined:undefined":5,"s:44:8:47:Infinity":26,"b:44:12:44:24:44:24:44:40":6,"s:45:12:45:Infinity":27,"s:46:12:46:Infinity":28,"s:47:12:47:Infinity":29,"s:49:8:49:Infinity":30,"s:52:4:52:Infinity":31,"f:55:9:55:19":5,"b:56:4:56:Infinity:undefined:undefined:undefined:undefined":7,"s:56:4:56:Infinity":32,"s:56:39:56:Infinity":33,"s:57:4:57:Infinity":34,"s:61:47:61:Infinity":35,"f:63:4:63:24":6,"s:64:23:64:51":36,"b:65:8:65:Infinity:undefined:undefined:undefined:undefined":8,"s:65:8:65:Infinity":37,"s:65:21:65:Infinity":38,"s:67:33:67:67":39,"s:68:29:68:Infinity":40,"b:68:57:68:64:68:64:68:Infinity":9,"b:69:8:69:Infinity:undefined:undefined:undefined:undefined":10,"s:69:8:69:Infinity":41,"s:69:26:69:Infinity":42,"s:71:26:71:56":43,"s:72:8:84:Infinity":44,"b:74:20:74:48:74:52:74:Infinity":11,"b:75:19:75:45:75:49:75:Infinity":12,"b:76:47:76:57:76:57:76:Infinity":13,"b:78:25:78:59:78:63:78:Infinity":14,"b:79:28:79:65:79:69:79:Infinity":15,"b:80:22:80:53:80:57:80:Infinity":16,"b:81:26:81:61:81:65:81:Infinity":17,"b:82:31:82:72:82:76:82:Infinity":18,"s:85:8:85:Infinity":45,"f:88:4:88:27":7,"s:89:8:89:Infinity":46,"s:90:8:90:Infinity":47,"b:94:0:95:Infinity:undefined:undefined:undefined:undefined":19,"s:94:0:95:Infinity":48,"s:95:4:95:Infinity":49,"s:99:20:99:Infinity":50,"s:100:0:100:Infinity":51,"s:103:1:125:Infinity":52,"f:103:10:103:21":8,"s:104:19:104:Infinity":53,"b:105:4:105:Infinity:undefined:undefined:undefined:undefined":20,"s:105:4:105:Infinity":54,"s:105:17:105:Infinity":55,"s:107:25:107:Infinity":56,"s:108:24:108:Infinity":57,"s:109:21:122:6":58,"b:113:51:113:58:113:58:113:Infinity":21,"s:124:5:124:Infinity":59}}}
,"/home/dashron/Code/feedback/src/modal.css": {"path":"/home/dashron/Code/feedback/src/modal.css","statementMap":{},"fnMap":{},"branchMap":{},"s":{},"f":{},"b":{},"meta":{"lastBranch":0,"lastFunction":0,"lastStatement":0,"seen":{}}}
,"/home/dashron/Code/feedback/src/modal.ts": {"path":"/home/dashron/Code/feedback/src/modal.ts","statementMap":{"0":{"start":{"line":10,"column":16},"end":{"line":10,"column":77}},"1":{"start":{"line":11,"column":4},"end":{"line":11,"column":null}},"2":{"start":{"line":12,"column":4},"end":{"line":12,"column":null}},"3":{"start":{"line":13,"column":4},"end":{"line":13,"column":null}},"4":{"start":{"line":14,"column":4},"end":{"line":14,"column":null}},"5":{"start":{"line":15,"column":4},"end":{"line":15,"column":null}},"6":{"start":{"line":16,"column":4},"end":{"line":16,"column":null}},"7":{"start":{"line":17,"column":15},"end":{"line":17,"column":77}},"8":{"start":{"line":18,"column":4},"end":{"line":18,"column":null}},"9":{"start":{"line":19,"column":4},"end":{"line":19,"column":null}},"10":{"start":{"line":20,"column":4},"end":{"line":20,"column":null}},"11":{"start":{"line":24,"column":17},"end":{"line":24,"column":null}},"12":{"start":{"line":25,"column":19},"end":{"line":25,"column":null}},"13":{"start":{"line":28,"column":38},"end":{"line":28,"column":null}},"14":{"start":{"line":31,"column":63},"end":{"line":31,"column":null}},"15":{"start":{"line":34,"column":49},"end":{"line":34,"column":null}},"16":{"start":{"line":35,"column":48},"end":{"line":35,"column":null}},"17":{"start":{"line":36,"column":48},"end":{"line":36,"column":null}},"18":{"start":{"line":37,"column":38},"end":{"line":37,"column":null}},"19":{"start":{"line":38,"column":40},"end":{"line":38,"column":null}},"20":{"start":{"line":39,"column":38},"end":{"line":39,"column":null}},"21":{"start":{"line":41,"column":44},"end":{"line":41,"column":46}},"22":{"start":{"line":42,"column":42},"end":{"line":42,"column":44}},"23":{"start":{"line":43,"column":42},"end":{"line":43,"column":44}},"24":{"start":{"line":46,"column":8},"end":{"line":48,"column":null}},"25":{"start":{"line":47,"column":12},"end":{"line":47,"column":null}},"26":{"start":{"line":48,"column":12},"end":{"line":48,"column":null}},"27":{"start":{"line":50,"column":8},"end":{"line":67,"column":null}},"28":{"start":{"line":51,"column":30},"end":{"line":54,"column":null}},"29":{"start":{"line":56,"column":12},"end":{"line":56,"column":null}},"30":{"start":{"line":56,"column":40},"end":{"line":56,"column":null}},"31":{"start":{"line":57,"column":26},"end":{"line":57,"column":null}},"32":{"start":{"line":58,"column":25},"end":{"line":58,"column":null}},"33":{"start":{"line":59,"column":12},"end":{"line":67,"column":null}},"34":{"start":{"line":60,"column":16},"end":{"line":62,"column":null}},"35":{"start":{"line":61,"column":20},"end":{"line":61,"column":null}},"36":{"start":{"line":62,"column":20},"end":{"line":62,"column":null}},"37":{"start":{"line":65,"column":16},"end":{"line":67,"column":null}},"38":{"start":{"line":66,"column":20},"end":{"line":66,"column":null}},"39":{"start":{"line":67,"column":20},"end":{"line":67,"column":null}},"40":{"start":{"line":74,"column":8},"end":{"line":74,"column":null}},"41":{"start":{"line":74,"column":41},"end":{"line":74,"column":null}},"42":{"start":{"line":76,"column":28},"end":{"line":76,"column":51}},"43":{"start":{"line":77,"column":8},"end":{"line":82,"column":null}},"44":{"start":{"line":78,"column":12},"end":{"line":80,"column":null}},"45":{"start":{"line":79,"column":16},"end":{"line":79,"column":null}},"46":{"start":{"line":80,"column":16},"end":{"line":80,"column":null}},"47":{"start":{"line":82,"column":12},"end":{"line":82,"column":null}},"48":{"start":{"line":85,"column":8},"end":{"line":85,"column":null}},"49":{"start":{"line":85,"column":21},"end":{"line":85,"column":null}},"50":{"start":{"line":87,"column":8},"end":{"line":87,"column":null}},"51":{"start":{"line":88,"column":8},"end":{"line":88,"column":null}},"52":{"start":{"line":90,"column":8},"end":{"line":115,"column":null}},"53":{"start":{"line":91,"column":26},"end":{"line":91,"column":null}},"54":{"start":{"line":92,"column":30},"end":{"line":92,"column":null}},"55":{"start":{"line":93,"column":27},"end":{"line":98,"column":null}},"56":{"start":{"line":101,"column":12},"end":{"line":103,"column":null}},"57":{"start":{"line":102,"column":16},"end":{"line":102,"column":null}},"58":{"start":{"line":103,"column":16},"end":{"line":103,"column":null}},"59":{"start":{"line":105,"column":12},"end":{"line":105,"column":null}},"60":{"start":{"line":105,"column":40},"end":{"line":105,"column":49}},"61":{"start":{"line":106,"column":12},"end":{"line":106,"column":null}},"62":{"start":{"line":106,"column":46},"end":{"line":106,"column":53}},"63":{"start":{"line":108,"column":26},"end":{"line":108,"column":81}},"64":{"start":{"line":109,"column":12},"end":{"line":111,"column":null}},"65":{"start":{"line":110,"column":16},"end":{"line":110,"column":null}},"66":{"start":{"line":111,"column":16},"end":{"line":111,"column":null}},"67":{"start":{"line":113,"column":12},"end":{"line":113,"column":null}},"68":{"start":{"line":113,"column":39},"end":{"line":113,"column":47}},"69":{"start":{"line":114,"column":12},"end":{"line":114,"column":null}},"70":{"start":{"line":115,"column":12},"end":{"line":115,"column":null}},"71":{"start":{"line":120,"column":19},"end":{"line":120,"column":48}},"72":{"start":{"line":121,"column":8},"end":{"line":121,"column":null}},"73":{"start":{"line":123,"column":22},"end":{"line":123,"column":51}},"74":{"start":{"line":124,"column":8},"end":{"line":124,"column":null}},"75":{"start":{"line":125,"column":8},"end":{"line":126,"column":null}},"76":{"start":{"line":125,"column":43},"end":{"line":125,"column":null}},"77":{"start":{"line":126,"column":17},"end":{"line":126,"column":null}},"78":{"start":{"line":126,"column":49},"end":{"line":126,"column":null}},"79":{"start":{"line":127,"column":8},"end":{"line":127,"column":null}},"80":{"start":{"line":128,"column":8},"end":{"line":128,"column":null}},"81":{"start":{"line":129,"column":8},"end":{"line":129,"column":null}},"82":{"start":{"line":132,"column":23},"end":{"line":132,"column":52}},"83":{"start":{"line":133,"column":8},"end":{"line":133,"column":null}},"84":{"start":{"line":135,"column":8},"end":{"line":135,"column":null}},"85":{"start":{"line":136,"column":8},"end":{"line":136,"column":null}},"86":{"start":{"line":137,"column":8},"end":{"line":137,"column":null}},"87":{"start":{"line":138,"column":8},"end":{"line":138,"column":null}},"88":{"start":{"line":139,"column":8},"end":{"line":139,"column":null}},"89":{"start":{"line":141,"column":8},"end":{"line":173,"column":null}},"90":{"start":{"line":145,"column":30},"end":{"line":145,"column":59}},"91":{"start":{"line":146,"column":12},"end":{"line":146,"column":null}},"92":{"start":{"line":148,"column":12},"end":{"line":148,"column":null}},"93":{"start":{"line":149,"column":12},"end":{"line":149,"column":null}},"94":{"start":{"line":150,"column":12},"end":{"line":150,"column":null}},"95":{"start":{"line":151,"column":12},"end":{"line":151,"column":null}},"96":{"start":{"line":152,"column":12},"end":{"line":152,"column":null}},"97":{"start":{"line":154,"column":12},"end":{"line":154,"column":null}},"98":{"start":{"line":155,"column":12},"end":{"line":155,"column":null}},"99":{"start":{"line":156,"column":12},"end":{"line":156,"column":null}},"100":{"start":{"line":157,"column":12},"end":{"line":157,"column":null}},"101":{"start":{"line":158,"column":12},"end":{"line":158,"column":null}},"102":{"start":{"line":160,"column":12},"end":{"line":164,"column":null}},"103":{"start":{"line":161,"column":16},"end":{"line":161,"column":null}},"104":{"start":{"line":162,"column":16},"end":{"line":162,"column":null}},"105":{"start":{"line":163,"column":16},"end":{"line":163,"column":null}},"106":{"start":{"line":165,"column":12},"end":{"line":169,"column":null}},"107":{"start":{"line":166,"column":16},"end":{"line":166,"column":null}},"108":{"start":{"line":167,"column":16},"end":{"line":167,"column":null}},"109":{"start":{"line":168,"column":16},"end":{"line":168,"column":null}},"110":{"start":{"line":171,"column":12},"end":{"line":171,"column":null}},"111":{"start":{"line":172,"column":12},"end":{"line":172,"column":null}},"112":{"start":{"line":173,"column":12},"end":{"line":173,"column":null}},"113":{"start":{"line":176,"column":25},"end":{"line":176,"column":57}},"114":{"start":{"line":177,"column":8},"end":{"line":177,"column":null}},"115":{"start":{"line":178,"column":8},"end":{"line":178,"column":null}},"116":{"start":{"line":179,"column":8},"end":{"line":179,"column":null}},"117":{"start":{"line":180,"column":8},"end":{"line":180,"column":null}},"118":{"start":{"line":181,"column":8},"end":{"line":181,"column":null}},"119":{"start":{"line":182,"column":8},"end":{"line":182,"column":null}},"120":{"start":{"line":185,"column":21},"end":{"line":185,"column":50}},"121":{"start":{"line":186,"column":8},"end":{"line":186,"column":null}},"122":{"start":{"line":188,"column":8},"end":{"line":188,"column":null}},"123":{"start":{"line":189,"column":8},"end":{"line":189,"column":null}},"124":{"start":{"line":190,"column":8},"end":{"line":190,"column":null}},"125":{"start":{"line":191,"column":8},"end":{"line":191,"column":null}},"126":{"start":{"line":192,"column":8},"end":{"line":192,"column":null}},"127":{"start":{"line":194,"column":8},"end":{"line":194,"column":null}},"128":{"start":{"line":195,"column":8},"end":{"line":195,"column":null}},"129":{"start":{"line":196,"column":8},"end":{"line":196,"column":null}},"130":{"start":{"line":197,"column":8},"end":{"line":197,"column":null}},"131":{"start":{"line":198,"column":8},"end":{"line":198,"column":null}},"132":{"start":{"line":200,"column":8},"end":{"line":200,"column":null}},"133":{"start":{"line":201,"column":8},"end":{"line":201,"column":null}},"134":{"start":{"line":202,"column":8},"end":{"line":202,"column":null}},"135":{"start":{"line":204,"column":8},"end":{"line":204,"column":null}},"136":{"start":{"line":205,"column":8},"end":{"line":205,"column":null}},"137":{"start":{"line":206,"column":8},"end":{"line":206,"column":null}},"138":{"start":{"line":208,"column":8},"end":{"line":208,"column":null}},"139":{"start":{"line":210,"column":8},"end":{"line":217,"column":null}},"140":{"start":{"line":211,"column":12},"end":{"line":211,"column":null}},"141":{"start":{"line":212,"column":12},"end":{"line":212,"column":null}},"142":{"start":{"line":213,"column":12},"end":{"line":213,"column":null}},"143":{"start":{"line":214,"column":12},"end":{"line":214,"column":null}},"144":{"start":{"line":215,"column":12},"end":{"line":215,"column":null}},"145":{"start":{"line":216,"column":12},"end":{"line":216,"column":null}},"146":{"start":{"line":217,"column":12},"end":{"line":217,"column":null}},"147":{"start":{"line":220,"column":8},"end":{"line":220,"column":null}},"148":{"start":{"line":221,"column":8},"end":{"line":221,"column":null}},"149":{"start":{"line":222,"column":8},"end":{"line":222,"column":null}},"150":{"start":{"line":224,"column":8},"end":{"line":224,"column":null}},"151":{"start":{"line":225,"column":8},"end":{"line":225,"column":null}},"152":{"start":{"line":226,"column":8},"end":{"line":226,"column":null}},"153":{"start":{"line":228,"column":8},"end":{"line":228,"column":null}},"154":{"start":{"line":228,"column":46},"end":{"line":228,"column":78}},"155":{"start":{"line":228,"column":67},"end":{"line":228,"column":78}},"156":{"start":{"line":229,"column":8},"end":{"line":229,"column":null}},"157":{"start":{"line":231,"column":8},"end":{"line":231,"column":null}},"158":{"start":{"line":235,"column":8},"end":{"line":235,"column":null}},"159":{"start":{"line":235,"column":21},"end":{"line":235,"column":null}},"160":{"start":{"line":237,"column":8},"end":{"line":237,"column":null}},"161":{"start":{"line":238,"column":8},"end":{"line":238,"column":null}},"162":{"start":{"line":239,"column":8},"end":{"line":239,"column":null}},"163":{"start":{"line":240,"column":8},"end":{"line":240,"column":null}},"164":{"start":{"line":242,"column":8},"end":{"line":242,"column":null}},"165":{"start":{"line":242,"column":39},"end":{"line":242,"column":null}},"166":{"start":{"line":244,"column":8},"end":{"line":249,"column":null}},"167":{"start":{"line":245,"column":12},"end":{"line":245,"column":null}},"168":{"start":{"line":246,"column":26},"end":{"line":246,"column":89}},"169":{"start":{"line":247,"column":28},"end":{"line":247,"column":93}},"170":{"start":{"line":248,"column":12},"end":{"line":249,"column":null}},"171":{"start":{"line":248,"column":50},"end":{"line":248,"column":null}},"172":{"start":{"line":249,"column":21},"end":{"line":249,"column":null}},"173":{"start":{"line":249,"column":55},"end":{"line":249,"column":null}},"174":{"start":{"line":252,"column":8},"end":{"line":252,"column":null}},"175":{"start":{"line":252,"column":57},"end":{"line":252,"column":null}},"176":{"start":{"line":253,"column":8},"end":{"line":253,"column":null}},"177":{"start":{"line":253,"column":53},"end":{"line":253,"column":null}},"178":{"start":{"line":255,"column":8},"end":{"line":255,"column":null}},"179":{"start":{"line":259,"column":8},"end":{"line":259,"column":null}},"180":{"start":{"line":259,"column":22},"end":{"line":259,"column":null}},"181":{"start":{"line":260,"column":8},"end":{"line":262,"column":null}},"182":{"start":{"line":261,"column":12},"end":{"line":261,"column":null}},"183":{"start":{"line":262,"column":12},"end":{"line":262,"column":null}},"184":{"start":{"line":264,"column":8},"end":{"line":264,"column":null}},"185":{"start":{"line":265,"column":8},"end":{"line":265,"column":null}},"186":{"start":{"line":266,"column":8},"end":{"line":266,"column":null}},"187":{"start":{"line":267,"column":8},"end":{"line":267,"column":null}},"188":{"start":{"line":268,"column":8},"end":{"line":268,"column":null}},"189":{"start":{"line":269,"column":8},"end":{"line":269,"column":null}},"190":{"start":{"line":270,"column":8},"end":{"line":270,"column":null}},"191":{"start":{"line":271,"column":8},"end":{"line":271,"column":null}},"192":{"start":{"line":272,"column":8},"end":{"line":272,"column":null}},"193":{"start":{"line":273,"column":8},"end":{"line":273,"column":null}},"194":{"start":{"line":274,"column":8},"end":{"line":274,"column":null}},"195":{"start":{"line":275,"column":8},"end":{"line":275,"column":null}},"196":{"start":{"line":275,"column":35},"end":{"line":275,"column":38}},"197":{"start":{"line":279,"column":8},"end":{"line":281,"column":null}},"198":{"start":{"line":279,"column":32},"end":{"line":279,"column":null}},"199":{"start":{"line":280,"column":17},"end":{"line":281,"column":null}},"200":{"start":{"line":280,"column":36},"end":{"line":280,"column":null}},"201":{"start":{"line":281,"column":17},"end":{"line":281,"column":null}},"202":{"start":{"line":281,"column":36},"end":{"line":281,"column":null}},"203":{"start":{"line":285,"column":8},"end":{"line":285,"column":null}},"204":{"start":{"line":288,"column":4},"end":{"line":288,"column":null}}},"fnMap":{"0":{"name":"svgIcon","decl":{"start":{"line":9,"column":9},"end":{"line":9,"column":17}},"loc":{"start":{"line":9,"column":43},"end":{"line":20,"column":null}},"line":9},"1":{"name":"createModal","decl":{"start":{"line":27,"column":16},"end":{"line":27,"column":28}},"loc":{"start":{"line":27,"column":50},"end":{"line":288,"column":null}},"line":27},"2":{"name":"handleKeydown","decl":{"start":{"line":45,"column":13},"end":{"line":45,"column":27}},"loc":{"start":{"line":45,"column":56},"end":{"line":67,"column":null}},"line":45},"3":{"name":"handleSubmit","decl":{"start":{"line":73,"column":19},"end":{"line":73,"column":34}},"loc":{"start":{"line":73,"column":34},"end":{"line":115,"column":null}},"line":73},"4":{"name":"(anonymous_4)","decl":{"start":{"line":105,"column":27},"end":{"line":105,"column":35}},"loc":{"start":{"line":105,"column":40},"end":{"line":105,"column":49}},"line":105},"5":{"name":"(anonymous_5)","decl":{"start":{"line":106,"column":29},"end":{"line":106,"column":46}},"loc":{"start":{"line":106,"column":46},"end":{"line":106,"column":53}},"line":106},"6":{"name":"(anonymous_6)","decl":{"start":{"line":113,"column":26},"end":{"line":113,"column":34}},"loc":{"start":{"line":113,"column":39},"end":{"line":113,"column":47}},"line":113},"7":{"name":"buildDOM","decl":{"start":{"line":119,"column":13},"end":{"line":119,"column":37}},"loc":{"start":{"line":119,"column":37},"end":{"line":231,"column":null}},"line":119},"8":{"name":"(anonymous_8)","decl":{"start":{"line":160,"column":35},"end":{"line":160,"column":50}},"loc":{"start":{"line":160,"column":50},"end":{"line":164,"column":null}},"line":160},"9":{"name":"(anonymous_9)","decl":{"start":{"line":165,"column":37},"end":{"line":165,"column":52}},"loc":{"start":{"line":165,"column":52},"end":{"line":169,"column":null}},"line":165},"10":{"name":"(anonymous_10)","decl":{"start":{"line":228,"column":28},"end":{"line":228,"column":38}},"loc":{"start":{"line":228,"column":44},"end":{"line":228,"column":null}},"line":228},"11":{"name":"open","decl":{"start":{"line":234,"column":13},"end":{"line":234,"column":18}},"loc":{"start":{"line":234,"column":41},"end":{"line":255,"column":null}},"line":234},"12":{"name":"close","decl":{"start":{"line":258,"column":13},"end":{"line":258,"column":21}},"loc":{"start":{"line":258,"column":21},"end":{"line":275,"column":null}},"line":258},"13":{"name":"(anonymous_13)","decl":{"start":{"line":275,"column":22},"end":{"line":275,"column":30}},"loc":{"start":{"line":275,"column":35},"end":{"line":275,"column":38}},"line":275},"14":{"name":"on","decl":{"start":{"line":278,"column":13},"end":{"line":278,"column":16}},"loc":{"start":{"line":278,"column":113},"end":{"line":281,"column":null}},"line":278},"15":{"name":"destroy","decl":{"start":{"line":284,"column":13},"end":{"line":284,"column":23}},"loc":{"start":{"line":284,"column":23},"end":{"line":285,"column":null}},"line":284}},"branchMap":{"0":{"loc":{"start":{"line":46,"column":8},"end":{"line":48,"column":null}},"type":"if","locations":[{"start":{"line":46,"column":8},"end":{"line":48,"column":null}},{"start":{},"end":{}}],"line":46},"1":{"loc":{"start":{"line":50,"column":8},"end":{"line":67,"column":null}},"type":"if","locations":[{"start":{"line":50,"column":8},"end":{"line":67,"column":null}},{"start":{},"end":{}}],"line":50},"2":{"loc":{"start":{"line":50,"column":12},"end":{"line":50,"column":40}},"type":"binary-expr","locations":[{"start":{"line":50,"column":12},"end":{"line":50,"column":31}},{"start":{"line":50,"column":31},"end":{"line":50,"column":40}}],"line":50},"3":{"loc":{"start":{"line":56,"column":12},"end":{"line":56,"column":null}},"type":"if","locations":[{"start":{"line":56,"column":12},"end":{"line":56,"column":null}},{"start":{},"end":{}}],"line":56},"4":{"loc":{"start":{"line":59,"column":12},"end":{"line":67,"column":null}},"type":"if","locations":[{"start":{"line":59,"column":12},"end":{"line":67,"column":null}},{"start":{"line":64,"column":19},"end":{"line":67,"column":null}}],"line":59},"5":{"loc":{"start":{"line":60,"column":16},"end":{"line":62,"column":null}},"type":"if","locations":[{"start":{"line":60,"column":16},"end":{"line":62,"column":null}},{"start":{},"end":{}}],"line":60},"6":{"loc":{"start":{"line":65,"column":16},"end":{"line":67,"column":null}},"type":"if","locations":[{"start":{"line":65,"column":16},"end":{"line":67,"column":null}},{"start":{},"end":{}}],"line":65},"7":{"loc":{"start":{"line":74,"column":8},"end":{"line":74,"column":null}},"type":"if","locations":[{"start":{"line":74,"column":8},"end":{"line":74,"column":null}},{"start":{},"end":{}}],"line":74},"8":{"loc":{"start":{"line":74,"column":12},"end":{"line":74,"column":41}},"type":"binary-expr","locations":[{"start":{"line":74,"column":12},"end":{"line":74,"column":27}},{"start":{"line":74,"column":27},"end":{"line":74,"column":41}}],"line":74},"9":{"loc":{"start":{"line":77,"column":8},"end":{"line":82,"column":null}},"type":"if","locations":[{"start":{"line":77,"column":8},"end":{"line":82,"column":null}},{"start":{},"end":{}}],"line":77},"10":{"loc":{"start":{"line":78,"column":12},"end":{"line":80,"column":null}},"type":"if","locations":[{"start":{"line":78,"column":12},"end":{"line":80,"column":null}},{"start":{},"end":{}}],"line":78},"11":{"loc":{"start":{"line":85,"column":8},"end":{"line":85,"column":null}},"type":"if","locations":[{"start":{"line":85,"column":8},"end":{"line":85,"column":null}},{"start":{},"end":{}}],"line":85},"12":{"loc":{"start":{"line":91,"column":26},"end":{"line":91,"column":null}},"type":"binary-expr","locations":[{"start":{"line":91,"column":26},"end":{"line":91,"column":52}},{"start":{"line":91,"column":56},"end":{"line":91,"column":90}},{"start":{"line":91,"column":90},"end":{"line":91,"column":null}}],"line":91},"13":{"loc":{"start":{"line":92,"column":30},"end":{"line":92,"column":null}},"type":"binary-expr","locations":[{"start":{"line":92,"column":30},"end":{"line":92,"column":50}},{"start":{"line":92,"column":50},"end":{"line":92,"column":null}}],"line":92},"14":{"loc":{"start":{"line":96,"column":16},"end":{"line":96,"column":null}},"type":"binary-expr","locations":[{"start":{"line":96,"column":16},"end":{"line":96,"column":25}},{"start":{"line":96,"column":25},"end":{"line":96,"column":null}}],"line":96},"15":{"loc":{"start":{"line":101,"column":12},"end":{"line":103,"column":null}},"type":"if","locations":[{"start":{"line":101,"column":12},"end":{"line":103,"column":null}},{"start":{},"end":{}}],"line":101},"16":{"loc":{"start":{"line":108,"column":26},"end":{"line":108,"column":81}},"type":"cond-expr","locations":[{"start":{"line":108,"column":49},"end":{"line":108,"column":55}},{"start":{"line":108,"column":55},"end":{"line":108,"column":81}}],"line":108},"17":{"loc":{"start":{"line":109,"column":12},"end":{"line":111,"column":null}},"type":"if","locations":[{"start":{"line":109,"column":12},"end":{"line":111,"column":null}},{"start":{},"end":{}}],"line":109},"18":{"loc":{"start":{"line":125,"column":8},"end":{"line":126,"column":null}},"type":"if","locations":[{"start":{"line":125,"column":8},"end":{"line":126,"column":null}},{"start":{"line":126,"column":17},"end":{"line":126,"column":null}}],"line":125},"19":{"loc":{"start":{"line":126,"column":17},"end":{"line":126,"column":null}},"type":"if","locations":[{"start":{"line":126,"column":17},"end":{"line":126,"column":null}},{"start":{},"end":{}}],"line":126},"20":{"loc":{"start":{"line":138,"column":30},"end":{"line":138,"column":null}},"type":"binary-expr","locations":[{"start":{"line":138,"column":30},"end":{"line":138,"column":46}},{"start":{"line":138,"column":46},"end":{"line":138,"column":null}}],"line":138},"21":{"loc":{"start":{"line":141,"column":8},"end":{"line":173,"column":null}},"type":"if","locations":[{"start":{"line":141,"column":8},"end":{"line":173,"column":null}},{"start":{},"end":{}}],"line":141},"22":{"loc":{"start":{"line":191,"column":33},"end":{"line":191,"column":null}},"type":"binary-expr","locations":[{"start":{"line":191,"column":33},"end":{"line":191,"column":55}},{"start":{"line":191,"column":55},"end":{"line":191,"column":null}}],"line":191},"23":{"loc":{"start":{"line":210,"column":8},"end":{"line":217,"column":null}},"type":"if","locations":[{"start":{"line":210,"column":8},"end":{"line":217,"column":null}},{"start":{},"end":{}}],"line":210},"24":{"loc":{"start":{"line":228,"column":46},"end":{"line":228,"column":78}},"type":"if","locations":[{"start":{"line":228,"column":46},"end":{"line":228,"column":78}},{"start":{},"end":{}}],"line":228},"25":{"loc":{"start":{"line":235,"column":8},"end":{"line":235,"column":null}},"type":"if","locations":[{"start":{"line":235,"column":8},"end":{"line":235,"column":null}},{"start":{},"end":{}}],"line":235},"26":{"loc":{"start":{"line":242,"column":8},"end":{"line":242,"column":null}},"type":"if","locations":[{"start":{"line":242,"column":8},"end":{"line":242,"column":null}},{"start":{},"end":{}}],"line":242},"27":{"loc":{"start":{"line":242,"column":12},"end":{"line":242,"column":39}},"type":"binary-expr","locations":[{"start":{"line":242,"column":12},"end":{"line":242,"column":23}},{"start":{"line":242,"column":23},"end":{"line":242,"column":39}}],"line":242},"28":{"loc":{"start":{"line":244,"column":8},"end":{"line":249,"column":null}},"type":"if","locations":[{"start":{"line":244,"column":8},"end":{"line":249,"column":null}},{"start":{},"end":{}}],"line":244},"29":{"loc":{"start":{"line":248,"column":12},"end":{"line":249,"column":null}},"type":"if","locations":[{"start":{"line":248,"column":12},"end":{"line":249,"column":null}},{"start":{"line":249,"column":21},"end":{"line":249,"column":null}}],"line":248},"30":{"loc":{"start":{"line":249,"column":21},"end":{"line":249,"column":null}},"type":"if","locations":[{"start":{"line":249,"column":21},"end":{"line":249,"column":null}},{"start":{},"end":{}}],"line":249},"31":{"loc":{"start":{"line":252,"column":8},"end":{"line":252,"column":null}},"type":"if","locations":[{"start":{"line":252,"column":8},"end":{"line":252,"column":null}},{"start":{},"end":{}}],"line":252},"32":{"loc":{"start":{"line":252,"column":12},"end":{"line":252,"column":57}},"type":"binary-expr","locations":[{"start":{"line":252,"column":12},"end":{"line":252,"column":26}},{"start":{"line":252,"column":26},"end":{"line":252,"column":57}}],"line":252},"33":{"loc":{"start":{"line":253,"column":8},"end":{"line":253,"column":null}},"type":"if","locations":[{"start":{"line":253,"column":8},"end":{"line":253,"column":null}},{"start":{},"end":{}}],"line":253},"34":{"loc":{"start":{"line":253,"column":12},"end":{"line":253,"column":53}},"type":"binary-expr","locations":[{"start":{"line":253,"column":12},"end":{"line":253,"column":28}},{"start":{"line":253,"column":28},"end":{"line":253,"column":53}}],"line":253},"35":{"loc":{"start":{"line":259,"column":8},"end":{"line":259,"column":null}},"type":"if","locations":[{"start":{"line":259,"column":8},"end":{"line":259,"column":null}},{"start":{},"end":{}}],"line":259},"36":{"loc":{"start":{"line":260,"column":8},"end":{"line":262,"column":null}},"type":"if","locations":[{"start":{"line":260,"column":8},"end":{"line":262,"column":null}},{"start":{},"end":{}}],"line":260},"37":{"loc":{"start":{"line":279,"column":8},"end":{"line":281,"column":null}},"type":"if","locations":[{"start":{"line":279,"column":8},"end":{"line":281,"column":null}},{"start":{"line":280,"column":17},"end":{"line":281,"column":null}}],"line":279},"38":{"loc":{"start":{"line":280,"column":17},"end":{"line":281,"column":null}},"type":"if","locations":[{"start":{"line":280,"column":17},"end":{"line":281,"column":null}},{"start":{"line":281,"column":17},"end":{"line":281,"column":null}}],"line":280},"39":{"loc":{"start":{"line":281,"column":17},"end":{"line":281,"column":null}},"type":"if","locations":[{"start":{"line":281,"column":17},"end":{"line":281,"column":null}},{"start":{},"end":{}}],"line":281}},"s":{"0":12,"1":12,"2":12,"3":12,"4":12,"5":12,"6":12,"7":12,"8":12,"9":12,"10":12,"11":1,"12":1,"13":42,"14":42,"15":42,"16":42,"17":42,"18":42,"19":42,"20":42,"21":42,"22":42,"23":42,"24":3,"25":3,"26":3,"27":0,"28":0,"29":0,"30":0,"31":0,"32":0,"33":0,"34":0,"35":0,"36":0,"37":0,"38":0,"39":0,"40":14,"41":0,"42":14,"43":14,"44":1,"45":1,"46":1,"47":1,"48":13,"49":13,"50":13,"51":13,"52":13,"53":13,"54":14,"55":14,"56":9,"57":9,"58":9,"59":9,"60":1,"61":9,"62":1,"63":4,"64":4,"65":4,"66":4,"67":4,"68":2,"69":4,"70":4,"71":40,"72":40,"73":40,"74":40,"75":40,"76":0,"77":40,"78":0,"79":40,"80":40,"81":40,"82":40,"83":40,"84":40,"85":40,"86":40,"87":40,"88":40,"89":40,"90":6,"91":6,"92":6,"93":6,"94":6,"95":6,"96":6,"97":6,"98":6,"99":6,"100":6,"101":6,"102":6,"103":2,"104":2,"105":2,"106":6,"107":1,"108":1,"109":1,"110":6,"111":6,"112":6,"113":40,"114":40,"115":40,"116":40,"117":40,"118":40,"119":40,"120":40,"121":40,"122":40,"123":40,"124":40,"125":40,"126":40,"127":40,"128":40,"129":40,"130":40,"131":40,"132":40,"133":40,"134":40,"135":40,"136":40,"137":40,"138":40,"139":40,"140":39,"141":39,"142":39,"143":39,"144":39,"145":39,"146":39,"147":40,"148":40,"149":40,"150":40,"151":40,"152":40,"153":40,"154":20,"155":1,"156":40,"157":40,"158":41,"159":1,"160":40,"161":40,"162":40,"163":40,"164":40,"165":1,"166":40,"167":2,"168":2,"169":2,"170":2,"171":1,"172":1,"173":1,"174":40,"175":1,"176":40,"177":2,"178":40,"179":11,"180":1,"181":10,"182":1,"183":1,"184":10,"185":10,"186":10,"187":10,"188":10,"189":10,"190":10,"191":10,"192":10,"193":10,"194":10,"195":10,"196":3,"197":7,"198":1,"199":6,"200":4,"201":2,"202":2,"203":1,"204":42},"f":{"0":12,"1":42,"2":3,"3":14,"4":1,"5":1,"6":2,"7":40,"8":2,"9":1,"10":20,"11":41,"12":11,"13":3,"14":7,"15":1},"b":{"0":[3,0],"1":[0,0],"2":[0,0],"3":[0,0],"4":[0,0],"5":[0,0],"6":[0,0],"7":[0,14],"8":[14,14],"9":[1,13],"10":[1,0],"11":[13,0],"12":[13,12,11],"13":[14,12],"14":[14,11],"15":[9,0],"16":[3,1],"17":[4,0],"18":[0,40],"19":[0,40],"20":[40,38],"21":[6,34],"22":[40,39],"23":[39,1],"24":[1,19],"25":[1,40],"26":[1,39],"27":[40,40],"28":[2,38],"29":[1,1],"30":[1,0],"31":[1,39],"32":[40,40],"33":[2,38],"34":[40,39],"35":[1,10],"36":[1,9],"37":[1,6],"38":[4,2],"39":[2,0]},"meta":{"lastBranch":40,"lastFunction":16,"lastStatement":205,"seen":{"f:9:9:9:17":0,"s:10:16:10:77":0,"s:11:4:11:Infinity":1,"s:12:4:12:Infinity":2,"s:13:4:13:Infinity":3,"s:14:4:14:Infinity":4,"s:15:4:15:Infinity":5,"s:16:4:16:Infinity":6,"s:17:15:17:77":7,"s:18:4:18:Infinity":8,"s:19:4:19:Infinity":9,"s:20:4:20:Infinity":10,"s:24:17:24:Infinity":11,"s:25:19:25:Infinity":12,"f:27:16:27:28":1,"s:28:38:28:Infinity":13,"s:31:63:31:Infinity":14,"s:34:49:34:Infinity":15,"s:35:48:35:Infinity":16,"s:36:48:36:Infinity":17,"s:37:38:37:Infinity":18,"s:38:40:38:Infinity":19,"s:39:38:39:Infinity":20,"s:41:44:41:46":21,"s:42:42:42:44":22,"s:43:42:43:44":23,"f:45:13:45:27":2,"b:46:8:48:Infinity:undefined:undefined:undefined:undefined":0,"s:46:8:48:Infinity":24,"s:47:12:47:Infinity":25,"s:48:12:48:Infinity":26,"b:50:8:67:Infinity:undefined:undefined:undefined:undefined":1,"s:50:8:67:Infinity":27,"b:50:12:50:31:50:31:50:40":2,"s:51:30:54:Infinity":28,"b:56:12:56:Infinity:undefined:undefined:undefined:undefined":3,"s:56:12:56:Infinity":29,"s:56:40:56:Infinity":30,"s:57:26:57:Infinity":31,"s:58:25:58:Infinity":32,"b:59:12:67:Infinity:64:19:67:Infinity":4,"s:59:12:67:Infinity":33,"b:60:16:62:Infinity:undefined:undefined:undefined:undefined":5,"s:60:16:62:Infinity":34,"s:61:20:61:Infinity":35,"s:62:20:62:Infinity":36,"b:65:16:67:Infinity:undefined:undefined:undefined:undefined":6,"s:65:16:67:Infinity":37,"s:66:20:66:Infinity":38,"s:67:20:67:Infinity":39,"f:73:19:73:34":3,"b:74:8:74:Infinity:undefined:undefined:undefined:undefined":7,"s:74:8:74:Infinity":40,"b:74:12:74:27:74:27:74:41":8,"s:74:41:74:Infinity":41,"s:76:28:76:51":42,"b:77:8:82:Infinity:undefined:undefined:undefined:undefined":9,"s:77:8:82:Infinity":43,"b:78:12:80:Infinity:undefined:undefined:undefined:undefined":10,"s:78:12:80:Infinity":44,"s:79:16:79:Infinity":45,"s:80:16:80:Infinity":46,"s:82:12:82:Infinity":47,"b:85:8:85:Infinity:undefined:undefined:undefined:undefined":11,"s:85:8:85:Infinity":48,"s:85:21:85:Infinity":49,"s:87:8:87:Infinity":50,"s:88:8:88:Infinity":51,"s:90:8:115:Infinity":52,"s:91:26:91:Infinity":53,"b:91:26:91:52:91:56:91:90:91:90:91:Infinity":12,"s:92:30:92:Infinity":54,"b:92:30:92:50:92:50:92:Infinity":13,"s:93:27:98:Infinity":55,"b:96:16:96:25:96:25:96:Infinity":14,"b:101:12:103:Infinity:undefined:undefined:undefined:undefined":15,"s:101:12:103:Infinity":56,"s:102:16:102:Infinity":57,"s:103:16:103:Infinity":58,"s:105:12:105:Infinity":59,"f:105:27:105:35":4,"s:105:40:105:49":60,"s:106:12:106:Infinity":61,"f:106:29:106:46":5,"s:106:46:106:53":62,"s:108:26:108:81":63,"b:108:49:108:55:108:55:108:81":16,"b:109:12:111:Infinity:undefined:undefined:undefined:undefined":17,"s:109:12:111:Infinity":64,"s:110:16:110:Infinity":65,"s:111:16:111:Infinity":66,"s:113:12:113:Infinity":67,"f:113:26:113:34":6,"s:113:39:113:47":68,"s:114:12:114:Infinity":69,"s:115:12:115:Infinity":70,"f:119:13:119:37":7,"s:120:19:120:48":71,"s:121:8:121:Infinity":72,"s:123:22:123:51":73,"s:124:8:124:Infinity":74,"b:125:8:126:Infinity:126:17:126:Infinity":18,"s:125:8:126:Infinity":75,"s:125:43:125:Infinity":76,"b:126:17:126:Infinity:undefined:undefined:undefined:undefined":19,"s:126:17:126:Infinity":77,"s:126:49:126:Infinity":78,"s:127:8:127:Infinity":79,"s:128:8:128:Infinity":80,"s:129:8:129:Infinity":81,"s:132:23:132:52":82,"s:133:8:133:Infinity":83,"s:135:8:135:Infinity":84,"s:136:8:136:Infinity":85,"s:137:8:137:Infinity":86,"s:138:8:138:Infinity":87,"b:138:30:138:46:138:46:138:Infinity":20,"s:139:8:139:Infinity":88,"b:141:8:173:Infinity:undefined:undefined:undefined:undefined":21,"s:141:8:173:Infinity":89,"s:145:30:145:59":90,"s:146:12:146:Infinity":91,"s:148:12:148:Infinity":92,"s:149:12:149:Infinity":93,"s:150:12:150:Infinity":94,"s:151:12:151:Infinity":95,"s:152:12:152:Infinity":96,"s:154:12:154:Infinity":97,"s:155:12:155:Infinity":98,"s:156:12:156:Infinity":99,"s:157:12:157:Infinity":100,"s:158:12:158:Infinity":101,"s:160:12:164:Infinity":102,"f:160:35:160:50":8,"s:161:16:161:Infinity":103,"s:162:16:162:Infinity":104,"s:163:16:163:Infinity":105,"s:165:12:169:Infinity":106,"f:165:37:165:52":9,"s:166:16:166:Infinity":107,"s:167:16:167:Infinity":108,"s:168:16:168:Infinity":109,"s:171:12:171:Infinity":110,"s:172:12:172:Infinity":111,"s:173:12:173:Infinity":112,"s:176:25:176:57":113,"s:177:8:177:Infinity":114,"s:178:8:178:Infinity":115,"s:179:8:179:Infinity":116,"s:180:8:180:Infinity":117,"s:181:8:181:Infinity":118,"s:182:8:182:Infinity":119,"s:185:21:185:50":120,"s:186:8:186:Infinity":121,"s:188:8:188:Infinity":122,"s:189:8:189:Infinity":123,"s:190:8:190:Infinity":124,"s:191:8:191:Infinity":125,"b:191:33:191:55:191:55:191:Infinity":22,"s:192:8:192:Infinity":126,"s:194:8:194:Infinity":127,"s:195:8:195:Infinity":128,"s:196:8:196:Infinity":129,"s:197:8:197:Infinity":130,"s:198:8:198:Infinity":131,"s:200:8:200:Infinity":132,"s:201:8:201:Infinity":133,"s:202:8:202:Infinity":134,"s:204:8:204:Infinity":135,"s:205:8:205:Infinity":136,"s:206:8:206:Infinity":137,"s:208:8:208:Infinity":138,"b:210:8:217:Infinity:undefined:undefined:undefined:undefined":23,"s:210:8:217:Infinity":139,"s:211:12:211:Infinity":140,"s:212:12:212:Infinity":141,"s:213:12:213:Infinity":142,"s:214:12:214:Infinity":143,"s:215:12:215:Infinity":144,"s:216:12:216:Infinity":145,"s:217:12:217:Infinity":146,"s:220:8:220:Infinity":147,"s:221:8:221:Infinity":148,"s:222:8:222:Infinity":149,"s:224:8:224:Infinity":150,"s:225:8:225:Infinity":151,"s:226:8:226:Infinity":152,"s:228:8:228:Infinity":153,"f:228:28:228:38":10,"b:228:46:228:78:undefined:undefined:undefined:undefined":24,"s:228:46:228:78":154,"s:228:67:228:78":155,"s:229:8:229:Infinity":156,"s:231:8:231:Infinity":157,"f:234:13:234:18":11,"b:235:8:235:Infinity:undefined:undefined:undefined:undefined":25,"s:235:8:235:Infinity":158,"s:235:21:235:Infinity":159,"s:237:8:237:Infinity":160,"s:238:8:238:Infinity":161,"s:239:8:239:Infinity":162,"s:240:8:240:Infinity":163,"b:242:8:242:Infinity:undefined:undefined:undefined:undefined":26,"s:242:8:242:Infinity":164,"b:242:12:242:23:242:23:242:39":27,"s:242:39:242:Infinity":165,"b:244:8:249:Infinity:undefined:undefined:undefined:undefined":28,"s:244:8:249:Infinity":166,"s:245:12:245:Infinity":167,"s:246:26:246:89":168,"s:247:28:247:93":169,"b:248:12:249:Infinity:249:21:249:Infinity":29,"s:248:12:249:Infinity":170,"s:248:50:248:Infinity":171,"b:249:21:249:Infinity:undefined:undefined:undefined:undefined":30,"s:249:21:249:Infinity":172,"s:249:55:249:Infinity":173,"b:252:8:252:Infinity:undefined:undefined:undefined:undefined":31,"s:252:8:252:Infinity":174,"b:252:12:252:26:252:26:252:57":32,"s:252:57:252:Infinity":175,"b:253:8:253:Infinity:undefined:undefined:undefined:undefined":33,"s:253:8:253:Infinity":176,"b:253:12:253:28:253:28:253:53":34,"s:253:53:253:Infinity":177,"s:255:8:255:Infinity":178,"f:258:13:258:21":12,"b:259:8:259:Infinity:undefined:undefined:undefined:undefined":35,"s:259:8:259:Infinity":179,"s:259:22:259:Infinity":180,"b:260:8:262:Infinity:undefined:undefined:undefined:undefined":36,"s:260:8:262:Infinity":181,"s:261:12:261:Infinity":182,"s:262:12:262:Infinity":183,"s:264:8:264:Infinity":184,"s:265:8:265:Infinity":185,"s:266:8:266:Infinity":186,"s:267:8:267:Infinity":187,"s:268:8:268:Infinity":188,"s:269:8:269:Infinity":189,"s:270:8:270:Infinity":190,"s:271:8:271:Infinity":191,"s:272:8:272:Infinity":192,"s:273:8:273:Infinity":193,"s:274:8:274:Infinity":194,"s:275:8:275:Infinity":195,"f:275:22:275:30":13,"s:275:35:275:38":196,"f:278:13:278:16":14,"b:279:8:281:Infinity:280:17:281:Infinity":37,"s:279:8:281:Infinity":197,"s:279:32:279:Infinity":198,"b:280:17:281:Infinity:281:17:281:Infinity":38,"s:280:17:281:Infinity":199,"s:280:36:280:Infinity":200,"b:281:17:281:Infinity:undefined:undefined:undefined:undefined":39,"s:281:17:281:Infinity":201,"s:281:36:281:Infinity":202,"f:284:13:284:23":15,"s:285:8:285:Infinity":203,"s:288:4:288:Infinity":204}}}
,"/home/dashron/Code/feedback/src/theme.ts": {"path":"/home/dashron/Code/feedback/src/theme.ts","statementMap":{"0":{"start":{"line":4,"column":18},"end":{"line":4,"column":53}},"1":{"start":{"line":5,"column":4},"end":{"line":5,"column":null}},"2":{"start":{"line":5,"column":16},"end":{"line":5,"column":null}},"3":{"start":{"line":7,"column":27},"end":{"line":7,"column":null}},"4":{"start":{"line":8,"column":4},"end":{"line":8,"column":null}},"5":{"start":{"line":8,"column":23},"end":{"line":8,"column":null}},"6":{"start":{"line":9,"column":4},"end":{"line":9,"column":null}},"7":{"start":{"line":9,"column":26},"end":{"line":9,"column":null}},"8":{"start":{"line":10,"column":4},"end":{"line":10,"column":null}},"9":{"start":{"line":10,"column":23},"end":{"line":10,"column":null}},"10":{"start":{"line":11,"column":4},"end":{"line":11,"column":null}},"11":{"start":{"line":11,"column":20},"end":{"line":11,"column":null}},"12":{"start":{"line":12,"column":4},"end":{"line":12,"column":null}},"13":{"start":{"line":12,"column":24},"end":{"line":12,"column":null}},"14":{"start":{"line":13,"column":4},"end":{"line":13,"column":null}},"15":{"start":{"line":13,"column":29},"end":{"line":13,"column":null}}},"fnMap":{"0":{"name":"applyTheme","decl":{"start":{"line":3,"column":16},"end":{"line":3,"column":27}},"loc":{"start":{"line":3,"column":55},"end":{"line":13,"column":null}},"line":3}},"branchMap":{"0":{"loc":{"start":{"line":5,"column":4},"end":{"line":5,"column":null}},"type":"if","locations":[{"start":{"line":5,"column":4},"end":{"line":5,"column":null}},{"start":{},"end":{}}],"line":5},"1":{"loc":{"start":{"line":7,"column":12},"end":{"line":7,"column":22}},"type":"default-arg","locations":[{"start":{"line":7,"column":20},"end":{"line":7,"column":22}}],"line":7},"2":{"loc":{"start":{"line":8,"column":4},"end":{"line":8,"column":null}},"type":"if","locations":[{"start":{"line":8,"column":4},"end":{"line":8,"column":null}},{"start":{},"end":{}}],"line":8},"3":{"loc":{"start":{"line":9,"column":4},"end":{"line":9,"column":null}},"type":"if","locations":[{"start":{"line":9,"column":4},"end":{"line":9,"column":null}},{"start":{},"end":{}}],"line":9},"4":{"loc":{"start":{"line":10,"column":4},"end":{"line":10,"column":null}},"type":"if","locations":[{"start":{"line":10,"column":4},"end":{"line":10,"column":null}},{"start":{},"end":{}}],"line":10},"5":{"loc":{"start":{"line":11,"column":4},"end":{"line":11,"column":null}},"type":"if","locations":[{"start":{"line":11,"column":4},"end":{"line":11,"column":null}},{"start":{},"end":{}}],"line":11},"6":{"loc":{"start":{"line":12,"column":4},"end":{"line":12,"column":null}},"type":"if","locations":[{"start":{"line":12,"column":4},"end":{"line":12,"column":null}},{"start":{},"end":{}}],"line":12},"7":{"loc":{"start":{"line":13,"column":4},"end":{"line":13,"column":null}},"type":"if","locations":[{"start":{"line":13,"column":4},"end":{"line":13,"column":null}},{"start":{},"end":{}}],"line":13}},"s":{"0":7,"1":7,"2":1,"3":6,"4":6,"5":6,"6":6,"7":6,"8":6,"9":6,"10":6,"11":6,"12":6,"13":6,"14":6,"15":6},"f":{"0":7},"b":{"0":[1,6],"1":[6],"2":[2,4],"3":[2,4],"4":[0,6],"5":[2,4],"6":[0,6],"7":[0,6]},"meta":{"lastBranch":8,"lastFunction":1,"lastStatement":16,"seen":{"f:3:16:3:27":0,"s:4:18:4:53":0,"b:5:4:5:Infinity:undefined:undefined:undefined:undefined":0,"s:5:4:5:Infinity":1,"s:5:16:5:Infinity":2,"s:7:27:7:Infinity":3,"b:7:20:7:22":1,"b:8:4:8:Infinity:undefined:undefined:undefined:undefined":2,"s:8:4:8:Infinity":4,"s:8:23:8:Infinity":5,"b:9:4:9:Infinity:undefined:undefined:undefined:undefined":3,"s:9:4:9:Infinity":6,"s:9:26:9:Infinity":7,"b:10:4:10:Infinity:undefined:undefined:undefined:undefined":4,"s:10:4:10:Infinity":8,"s:10:23:10:Infinity":9,"b:11:4:11:Infinity:undefined:undefined:undefined:undefined":5,"s:11:4:11:Infinity":10,"s:11:20:11:Infinity":11,"b:12:4:12:Infinity:undefined:undefined:undefined:undefined":6,"s:12:4:12:Infinity":12,"s:12:24:12:Infinity":13,"b:13:4:13:Infinity:undefined:undefined:undefined:undefined":7,"s:13:4:13:Infinity":14,"s:13:29:13:Infinity":15}}}
}
